{"C:\\Users\\Daniel\\Documents\\GitHub\\tour translation app\\server\\index.js": {"path":"C:\\Users\\Daniel\\Documents\\GitHub\\tour translation app\\server\\index.js","statementMap":{"0":{"start":{"line":1,"column":16},"end":{"line":1,"column":34}},"1":{"start":{"line":2,"column":13},"end":{"line":2,"column":28}},"2":{"start":{"line":3,"column":14},"end":{"line":3,"column":30}},"3":{"start":{"line":4,"column":19},"end":{"line":4,"column":39}},"4":{"start":{"line":5,"column":13},"end":{"line":5,"column":28}},"5":{"start":{"line":6,"column":23},"end":{"line":6,"column":38}},"6":{"start":{"line":7,"column":13},"end":{"line":7,"column":28}},"7":{"start":{"line":8,"column":11},"end":{"line":8,"column":24}},"8":{"start":{"line":9,"column":24},"end":{"line":9,"column":53}},"9":{"start":{"line":11,"column":12},"end":{"line":11,"column":21}},"10":{"start":{"line":12,"column":0},"end":{"line":12,"column":16}},"11":{"start":{"line":13,"column":0},"end":{"line":13,"column":41}},"12":{"start":{"line":16,"column":0},"end":{"line":16,"column":56}},"13":{"start":{"line":18,"column":15},"end":{"line":18,"column":37}},"14":{"start":{"line":19,"column":11},"end":{"line":25,"column":2}},"15":{"start":{"line":27,"column":13},"end":{"line":27,"column":37}},"16":{"start":{"line":29,"column":17},"end":{"line":29,"column":45}},"17":{"start":{"line":30,"column":0},"end":{"line":32,"column":1}},"18":{"start":{"line":31,"column":2},"end":{"line":31,"column":46}},"19":{"start":{"line":36,"column":14},"end":{"line":36,"column":23}},"20":{"start":{"line":38,"column":29},"end":{"line":38,"column":72}},"21":{"start":{"line":39,"column":24},"end":{"line":39,"column":33}},"22":{"start":{"line":40,"column":0},"end":{"line":49,"column":1}},"23":{"start":{"line":41,"column":2},"end":{"line":48,"column":3}},"24":{"start":{"line":42,"column":17},"end":{"line":42,"column":74}},"25":{"start":{"line":43,"column":4},"end":{"line":45,"column":5}},"26":{"start":{"line":44,"column":6},"end":{"line":44,"column":43}},"27":{"start":{"line":47,"column":4},"end":{"line":47,"column":60}},"28":{"start":{"line":52,"column":15},"end":{"line":52,"column":50}},"29":{"start":{"line":53,"column":2},"end":{"line":53,"column":72}},"30":{"start":{"line":57,"column":2},"end":{"line":57,"column":40}},"31":{"start":{"line":58,"column":2},"end":{"line":58,"column":24}},"32":{"start":{"line":61,"column":22},"end":{"line":61,"column":45}},"33":{"start":{"line":64,"column":20},"end":{"line":64,"column":45}},"34":{"start":{"line":65,"column":2},"end":{"line":65,"column":31}},"35":{"start":{"line":65,"column":18},"end":{"line":65,"column":31}},"36":{"start":{"line":66,"column":2},"end":{"line":66,"column":50}},"37":{"start":{"line":70,"column":16},"end":{"line":70,"column":54}},"38":{"start":{"line":71,"column":13},"end":{"line":71,"column":15}},"39":{"start":{"line":72,"column":2},"end":{"line":74,"column":3}},"40":{"start":{"line":72,"column":15},"end":{"line":72,"column":16}},"41":{"start":{"line":73,"column":4},"end":{"line":73,"column":67}},"42":{"start":{"line":75,"column":2},"end":{"line":75,"column":14}},"43":{"start":{"line":79,"column":0},"end":{"line":81,"column":3}},"44":{"start":{"line":80,"column":2},"end":{"line":80,"column":74}},"45":{"start":{"line":83,"column":0},"end":{"line":91,"column":3}},"46":{"start":{"line":84,"column":15},"end":{"line":84,"column":44}},"47":{"start":{"line":85,"column":15},"end":{"line":85,"column":30}},"48":{"start":{"line":86,"column":2},"end":{"line":90,"column":3}},"49":{"start":{"line":87,"column":4},"end":{"line":87,"column":112}},"50":{"start":{"line":89,"column":4},"end":{"line":89,"column":50}},"51":{"start":{"line":93,"column":0},"end":{"line":103,"column":3}},"52":{"start":{"line":94,"column":22},"end":{"line":94,"column":24}},"53":{"start":{"line":95,"column":2},"end":{"line":101,"column":3}},"54":{"start":{"line":96,"column":4},"end":{"line":100,"column":7}},"55":{"start":{"line":102,"column":2},"end":{"line":102,"column":35}},"56":{"start":{"line":105,"column":25},"end":{"line":105,"column":64}},"57":{"start":{"line":107,"column":0},"end":{"line":161,"column":3}},"58":{"start":{"line":108,"column":2},"end":{"line":160,"column":3}},"59":{"start":{"line":109,"column":19},"end":{"line":109,"column":27}},"60":{"start":{"line":112,"column":26},"end":{"line":112,"column":30}},"61":{"start":{"line":113,"column":21},"end":{"line":113,"column":25}},"62":{"start":{"line":115,"column":4},"end":{"line":117,"column":86}},"63":{"start":{"line":115,"column":49},"end":{"line":115,"column":99}},"64":{"start":{"line":116,"column":9},"end":{"line":117,"column":86}},"65":{"start":{"line":116,"column":58},"end":{"line":116,"column":112}},"66":{"start":{"line":117,"column":9},"end":{"line":117,"column":86}},"67":{"start":{"line":117,"column":44},"end":{"line":117,"column":86}},"68":{"start":{"line":119,"column":4},"end":{"line":138,"column":5}},"69":{"start":{"line":120,"column":6},"end":{"line":120,"column":44}},"70":{"start":{"line":121,"column":6},"end":{"line":137,"column":7}},"71":{"start":{"line":122,"column":18},"end":{"line":122,"column":39}},"72":{"start":{"line":123,"column":8},"end":{"line":136,"column":10}},"73":{"start":{"line":130,"column":74},"end":{"line":135,"column":11}},"74":{"start":{"line":139,"column":4},"end":{"line":139,"column":45}},"75":{"start":{"line":141,"column":18},"end":{"line":141,"column":20}},"76":{"start":{"line":142,"column":4},"end":{"line":144,"column":5}},"77":{"start":{"line":143,"column":6},"end":{"line":143,"column":70}},"78":{"start":{"line":145,"column":4},"end":{"line":145,"column":25}},"79":{"start":{"line":146,"column":4},"end":{"line":146,"column":71}},"80":{"start":{"line":146,"column":27},"end":{"line":146,"column":71}},"81":{"start":{"line":149,"column":4},"end":{"line":149,"column":28}},"82":{"start":{"line":151,"column":4},"end":{"line":151,"column":73}},"83":{"start":{"line":154,"column":4},"end":{"line":154,"column":86}},"84":{"start":{"line":154,"column":38},"end":{"line":154,"column":84}},"85":{"start":{"line":156,"column":4},"end":{"line":156,"column":47}},"86":{"start":{"line":158,"column":4},"end":{"line":158,"column":53}},"87":{"start":{"line":159,"column":4},"end":{"line":159,"column":65}},"88":{"start":{"line":163,"column":0},"end":{"line":174,"column":3}},"89":{"start":{"line":164,"column":2},"end":{"line":173,"column":3}},"90":{"start":{"line":165,"column":18},"end":{"line":165,"column":20}},"91":{"start":{"line":166,"column":4},"end":{"line":168,"column":5}},"92":{"start":{"line":167,"column":6},"end":{"line":167,"column":70}},"93":{"start":{"line":169,"column":4},"end":{"line":169,"column":26}},"94":{"start":{"line":171,"column":4},"end":{"line":171,"column":55}},"95":{"start":{"line":172,"column":4},"end":{"line":172,"column":66}},"96":{"start":{"line":177,"column":0},"end":{"line":224,"column":3}},"97":{"start":{"line":178,"column":35},"end":{"line":178,"column":44}},"98":{"start":{"line":180,"column":2},"end":{"line":182,"column":3}},"99":{"start":{"line":181,"column":4},"end":{"line":181,"column":96}},"100":{"start":{"line":184,"column":2},"end":{"line":193,"column":3}},"101":{"start":{"line":185,"column":17},"end":{"line":185,"column":37}},"102":{"start":{"line":186,"column":17},"end":{"line":186,"column":32}},"103":{"start":{"line":187,"column":4},"end":{"line":189,"column":5}},"104":{"start":{"line":188,"column":6},"end":{"line":188,"column":63}},"105":{"start":{"line":190,"column":4},"end":{"line":192,"column":5}},"106":{"start":{"line":191,"column":6},"end":{"line":191,"column":131}},"107":{"start":{"line":195,"column":17},"end":{"line":195,"column":44}},"108":{"start":{"line":196,"column":20},"end":{"line":196,"column":50}},"109":{"start":{"line":198,"column":2},"end":{"line":200,"column":3}},"110":{"start":{"line":199,"column":4},"end":{"line":199,"column":96}},"111":{"start":{"line":202,"column":2},"end":{"line":223,"column":3}},"112":{"start":{"line":203,"column":15},"end":{"line":207,"column":6}},"113":{"start":{"line":209,"column":19},"end":{"line":209,"column":34}},"114":{"start":{"line":211,"column":4},"end":{"line":216,"column":7}},"115":{"start":{"line":218,"column":18},"end":{"line":218,"column":34}},"116":{"start":{"line":219,"column":4},"end":{"line":219,"column":56}},"117":{"start":{"line":221,"column":4},"end":{"line":221,"column":58}},"118":{"start":{"line":222,"column":4},"end":{"line":222,"column":64}},"119":{"start":{"line":227,"column":0},"end":{"line":464,"column":3}},"120":{"start":{"line":229,"column":2},"end":{"line":270,"column":5}},"121":{"start":{"line":230,"column":19},"end":{"line":230,"column":35}},"122":{"start":{"line":232,"column":4},"end":{"line":254,"column":5}},"123":{"start":{"line":233,"column":6},"end":{"line":233,"column":40}},"124":{"start":{"line":235,"column":6},"end":{"line":248,"column":7}},"125":{"start":{"line":236,"column":21},"end":{"line":236,"column":40}},"126":{"start":{"line":237,"column":8},"end":{"line":237,"column":38}},"127":{"start":{"line":238,"column":8},"end":{"line":240,"column":9}},"128":{"start":{"line":239,"column":10},"end":{"line":239,"column":43}},"129":{"start":{"line":241,"column":8},"end":{"line":241,"column":39}},"130":{"start":{"line":242,"column":8},"end":{"line":242,"column":30}},"131":{"start":{"line":243,"column":8},"end":{"line":243,"column":35}},"132":{"start":{"line":244,"column":8},"end":{"line":246,"column":9}},"133":{"start":{"line":245,"column":10},"end":{"line":245,"column":85}},"134":{"start":{"line":247,"column":8},"end":{"line":247,"column":15}},"135":{"start":{"line":250,"column":6},"end":{"line":250,"column":36}},"136":{"start":{"line":251,"column":6},"end":{"line":253,"column":7}},"137":{"start":{"line":252,"column":8},"end":{"line":252,"column":38}},"138":{"start":{"line":256,"column":4},"end":{"line":263,"column":7}},"139":{"start":{"line":265,"column":4},"end":{"line":265,"column":26}},"140":{"start":{"line":266,"column":4},"end":{"line":266,"column":31}},"141":{"start":{"line":267,"column":4},"end":{"line":269,"column":5}},"142":{"start":{"line":268,"column":6},"end":{"line":268,"column":82}},"143":{"start":{"line":272,"column":2},"end":{"line":325,"column":5}},"144":{"start":{"line":273,"column":4},"end":{"line":276,"column":5}},"145":{"start":{"line":274,"column":6},"end":{"line":274,"column":99}},"146":{"start":{"line":274,"column":42},"end":{"line":274,"column":99}},"147":{"start":{"line":275,"column":6},"end":{"line":275,"column":13}},"148":{"start":{"line":278,"column":17},"end":{"line":278,"column":39}},"149":{"start":{"line":279,"column":17},"end":{"line":279,"column":32}},"150":{"start":{"line":281,"column":4},"end":{"line":284,"column":5}},"151":{"start":{"line":282,"column":6},"end":{"line":282,"column":96}},"152":{"start":{"line":282,"column":42},"end":{"line":282,"column":96}},"153":{"start":{"line":283,"column":6},"end":{"line":283,"column":13}},"154":{"start":{"line":286,"column":4},"end":{"line":289,"column":5}},"155":{"start":{"line":287,"column":6},"end":{"line":287,"column":154}},"156":{"start":{"line":287,"column":42},"end":{"line":287,"column":154}},"157":{"start":{"line":288,"column":6},"end":{"line":288,"column":13}},"158":{"start":{"line":292,"column":25},"end":{"line":292,"column":30}},"159":{"start":{"line":295,"column":4},"end":{"line":304,"column":5}},"160":{"start":{"line":296,"column":6},"end":{"line":303,"column":7}},"161":{"start":{"line":297,"column":8},"end":{"line":302,"column":9}},"162":{"start":{"line":298,"column":10},"end":{"line":298,"column":32}},"163":{"start":{"line":299,"column":10},"end":{"line":299,"column":34}},"164":{"start":{"line":300,"column":10},"end":{"line":300,"column":37}},"165":{"start":{"line":301,"column":10},"end":{"line":301,"column":16}},"166":{"start":{"line":306,"column":4},"end":{"line":312,"column":5}},"167":{"start":{"line":307,"column":6},"end":{"line":311,"column":8}},"168":{"start":{"line":314,"column":4},"end":{"line":314,"column":48}},"169":{"start":{"line":315,"column":4},"end":{"line":315,"column":22}},"170":{"start":{"line":317,"column":4},"end":{"line":320,"column":5}},"171":{"start":{"line":319,"column":6},"end":{"line":319,"column":69}},"172":{"start":{"line":322,"column":4},"end":{"line":324,"column":5}},"173":{"start":{"line":323,"column":6},"end":{"line":323,"column":106}},"174":{"start":{"line":327,"column":2},"end":{"line":345,"column":5}},"175":{"start":{"line":330,"column":23},"end":{"line":330,"column":27}},"176":{"start":{"line":333,"column":4},"end":{"line":339,"column":5}},"177":{"start":{"line":334,"column":6},"end":{"line":338,"column":7}},"178":{"start":{"line":335,"column":8},"end":{"line":335,"column":30}},"179":{"start":{"line":336,"column":8},"end":{"line":336,"column":45}},"180":{"start":{"line":337,"column":8},"end":{"line":337,"column":14}},"181":{"start":{"line":341,"column":4},"end":{"line":344,"column":5}},"182":{"start":{"line":343,"column":6},"end":{"line":343,"column":92}},"183":{"start":{"line":347,"column":2},"end":{"line":361,"column":5}},"184":{"start":{"line":348,"column":4},"end":{"line":360,"column":5}},"185":{"start":{"line":349,"column":6},"end":{"line":359,"column":7}},"186":{"start":{"line":350,"column":8},"end":{"line":358,"column":9}},"187":{"start":{"line":351,"column":10},"end":{"line":357,"column":11}},"188":{"start":{"line":352,"column":12},"end":{"line":352,"column":56}},"189":{"start":{"line":353,"column":12},"end":{"line":353,"column":58}},"190":{"start":{"line":354,"column":12},"end":{"line":354,"column":39}},"191":{"start":{"line":355,"column":12},"end":{"line":355,"column":57}},"192":{"start":{"line":356,"column":12},"end":{"line":356,"column":18}},"193":{"start":{"line":363,"column":2},"end":{"line":376,"column":5}},"194":{"start":{"line":364,"column":4},"end":{"line":375,"column":5}},"195":{"start":{"line":365,"column":6},"end":{"line":374,"column":7}},"196":{"start":{"line":366,"column":8},"end":{"line":373,"column":9}},"197":{"start":{"line":367,"column":10},"end":{"line":372,"column":11}},"198":{"start":{"line":368,"column":12},"end":{"line":368,"column":36}},"199":{"start":{"line":369,"column":12},"end":{"line":369,"column":69}},"200":{"start":{"line":370,"column":12},"end":{"line":370,"column":70}},"201":{"start":{"line":371,"column":12},"end":{"line":371,"column":18}},"202":{"start":{"line":378,"column":2},"end":{"line":387,"column":5}},"203":{"start":{"line":379,"column":21},"end":{"line":379,"column":26}},"204":{"start":{"line":380,"column":4},"end":{"line":385,"column":5}},"205":{"start":{"line":381,"column":6},"end":{"line":384,"column":7}},"206":{"start":{"line":382,"column":8},"end":{"line":382,"column":26}},"207":{"start":{"line":383,"column":8},"end":{"line":383,"column":14}},"208":{"start":{"line":386,"column":4},"end":{"line":386,"column":82}},"209":{"start":{"line":389,"column":2},"end":{"line":412,"column":5}},"210":{"start":{"line":390,"column":4},"end":{"line":393,"column":5}},"211":{"start":{"line":391,"column":6},"end":{"line":391,"column":117}},"212":{"start":{"line":391,"column":42},"end":{"line":391,"column":117}},"213":{"start":{"line":392,"column":6},"end":{"line":392,"column":13}},"214":{"start":{"line":394,"column":17},"end":{"line":394,"column":39}},"215":{"start":{"line":395,"column":17},"end":{"line":395,"column":32}},"216":{"start":{"line":397,"column":4},"end":{"line":400,"column":5}},"217":{"start":{"line":398,"column":6},"end":{"line":398,"column":117}},"218":{"start":{"line":398,"column":42},"end":{"line":398,"column":117}},"219":{"start":{"line":399,"column":6},"end":{"line":399,"column":13}},"220":{"start":{"line":402,"column":26},"end":{"line":402,"column":67}},"221":{"start":{"line":403,"column":26},"end":{"line":403,"column":108}},"222":{"start":{"line":405,"column":4},"end":{"line":411,"column":5}},"223":{"start":{"line":406,"column":6},"end":{"line":410,"column":9}},"224":{"start":{"line":416,"column":2},"end":{"line":463,"column":5}},"225":{"start":{"line":417,"column":17},"end":{"line":417,"column":22}},"226":{"start":{"line":418,"column":4},"end":{"line":432,"column":5}},"227":{"start":{"line":419,"column":6},"end":{"line":431,"column":7}},"228":{"start":{"line":420,"column":8},"end":{"line":420,"column":22}},"229":{"start":{"line":421,"column":8},"end":{"line":421,"column":45}},"230":{"start":{"line":423,"column":8},"end":{"line":429,"column":18}},"231":{"start":{"line":424,"column":28},"end":{"line":424,"column":45}},"232":{"start":{"line":425,"column":10},"end":{"line":428,"column":11}},"233":{"start":{"line":426,"column":12},"end":{"line":426,"column":50}},"234":{"start":{"line":427,"column":12},"end":{"line":427,"column":33}},"235":{"start":{"line":430,"column":8},"end":{"line":430,"column":14}},"236":{"start":{"line":434,"column":4},"end":{"line":462,"column":5}},"237":{"start":{"line":435,"column":6},"end":{"line":461,"column":7}},"238":{"start":{"line":436,"column":8},"end":{"line":460,"column":9}},"239":{"start":{"line":437,"column":27},"end":{"line":437,"column":56}},"240":{"start":{"line":439,"column":10},"end":{"line":458,"column":20}},"241":{"start":{"line":440,"column":30},"end":{"line":440,"column":47}},"242":{"start":{"line":441,"column":12},"end":{"line":457,"column":13}},"243":{"start":{"line":443,"column":32},"end":{"line":443,"column":37}},"244":{"start":{"line":444,"column":14},"end":{"line":449,"column":15}},"245":{"start":{"line":445,"column":16},"end":{"line":448,"column":17}},"246":{"start":{"line":446,"column":18},"end":{"line":446,"column":37}},"247":{"start":{"line":447,"column":18},"end":{"line":447,"column":24}},"248":{"start":{"line":450,"column":14},"end":{"line":456,"column":15}},"249":{"start":{"line":452,"column":16},"end":{"line":454,"column":17}},"250":{"start":{"line":453,"column":19},"end":{"line":453,"column":57}},"251":{"start":{"line":455,"column":16},"end":{"line":455,"column":97}},"252":{"start":{"line":459,"column":10},"end":{"line":459,"column":16}},"253":{"start":{"line":467,"column":0},"end":{"line":483,"column":18}},"254":{"start":{"line":468,"column":14},"end":{"line":468,"column":24}},"255":{"start":{"line":469,"column":2},"end":{"line":482,"column":3}},"256":{"start":{"line":470,"column":23},"end":{"line":470,"column":64}},"257":{"start":{"line":471,"column":4},"end":{"line":481,"column":5}},"258":{"start":{"line":472,"column":6},"end":{"line":478,"column":7}},"259":{"start":{"line":473,"column":8},"end":{"line":473,"column":38}},"260":{"start":{"line":474,"column":13},"end":{"line":478,"column":7}},"261":{"start":{"line":475,"column":8},"end":{"line":475,"column":74}},"262":{"start":{"line":476,"column":8},"end":{"line":476,"column":42}},"263":{"start":{"line":477,"column":8},"end":{"line":477,"column":29}},"264":{"start":{"line":480,"column":6},"end":{"line":480,"column":37}},"265":{"start":{"line":485,"column":0},"end":{"line":489,"column":1}},"266":{"start":{"line":486,"column":2},"end":{"line":488,"column":5}},"267":{"start":{"line":487,"column":4},"end":{"line":487,"column":52}},"268":{"start":{"line":491,"column":0},"end":{"line":491,"column":37}},"269":{"start":{"line":495,"column":16},"end":{"line":495,"column":46}},"270":{"start":{"line":496,"column":17},"end":{"line":496,"column":45}},"271":{"start":{"line":497,"column":2},"end":{"line":497,"column":32}},"272":{"start":{"line":497,"column":25},"end":{"line":497,"column":32}},"273":{"start":{"line":499,"column":17},"end":{"line":499,"column":115}},"274":{"start":{"line":500,"column":20},"end":{"line":500,"column":124}},"275":{"start":{"line":501,"column":15},"end":{"line":501,"column":170}},"276":{"start":{"line":503,"column":14},"end":{"line":503,"column":65}},"277":{"start":{"line":505,"column":19},"end":{"line":505,"column":81}},"278":{"start":{"line":506,"column":22},"end":{"line":506,"column":53}},"279":{"start":{"line":508,"column":13},"end":{"line":508,"column":15}},"280":{"start":{"line":509,"column":2},"end":{"line":509,"column":30}},"281":{"start":{"line":510,"column":2},"end":{"line":510,"column":67}},"282":{"start":{"line":511,"column":2},"end":{"line":511,"column":26}},"283":{"start":{"line":512,"column":2},"end":{"line":512,"column":30}},"284":{"start":{"line":513,"column":2},"end":{"line":513,"column":67}},"285":{"start":{"line":514,"column":2},"end":{"line":514,"column":24}},"286":{"start":{"line":515,"column":2},"end":{"line":515,"column":30}},"287":{"start":{"line":516,"column":2},"end":{"line":516,"column":70}},"288":{"start":{"line":517,"column":2},"end":{"line":517,"column":25}},"289":{"start":{"line":518,"column":2},"end":{"line":518,"column":30}},"290":{"start":{"line":519,"column":2},"end":{"line":519,"column":116}},"291":{"start":{"line":520,"column":2},"end":{"line":520,"column":51}},"292":{"start":{"line":521,"column":2},"end":{"line":521,"column":31}},"293":{"start":{"line":522,"column":2},"end":{"line":522,"column":32}},"294":{"start":{"line":524,"column":2},"end":{"line":545,"column":3}},"295":{"start":{"line":525,"column":4},"end":{"line":529,"column":7}},"296":{"start":{"line":531,"column":4},"end":{"line":544,"column":7}},"297":{"start":{"line":532,"column":18},"end":{"line":540,"column":8}},"298":{"start":{"line":539,"column":8},"end":{"line":539,"column":18}},"299":{"start":{"line":541,"column":6},"end":{"line":541,"column":30}},"300":{"start":{"line":542,"column":6},"end":{"line":542,"column":22}},"301":{"start":{"line":543,"column":6},"end":{"line":543,"column":16}}},"fnMap":{"0":{"name":"saveRecentRoomCodes","decl":{"start":{"line":51,"column":9},"end":{"line":51,"column":28}},"loc":{"start":{"line":51,"column":31},"end":{"line":54,"column":1}},"line":51},"1":{"name":"markRoomCodeUsed","decl":{"start":{"line":56,"column":9},"end":{"line":56,"column":25}},"loc":{"start":{"line":56,"column":32},"end":{"line":59,"column":1}},"line":56},"2":{"name":"isCodeRecentlyUsed","decl":{"start":{"line":63,"column":9},"end":{"line":63,"column":27}},"loc":{"start":{"line":63,"column":34},"end":{"line":67,"column":1}},"line":63},"3":{"name":"generateRoomCode","decl":{"start":{"line":69,"column":9},"end":{"line":69,"column":25}},"loc":{"start":{"line":69,"column":28},"end":{"line":76,"column":1}},"line":69},"4":{"name":"(anonymous_4)","decl":{"start":{"line":79,"column":19},"end":{"line":79,"column":20}},"loc":{"start":{"line":79,"column":33},"end":{"line":81,"column":1}},"line":79},"5":{"name":"(anonymous_5)","decl":{"start":{"line":83,"column":23},"end":{"line":83,"column":24}},"loc":{"start":{"line":83,"column":37},"end":{"line":91,"column":1}},"line":83},"6":{"name":"(anonymous_6)","decl":{"start":{"line":93,"column":22},"end":{"line":93,"column":23}},"loc":{"start":{"line":93,"column":36},"end":{"line":103,"column":1}},"line":93},"7":{"name":"(anonymous_7)","decl":{"start":{"line":107,"column":29},"end":{"line":107,"column":30}},"loc":{"start":{"line":107,"column":43},"end":{"line":161,"column":1}},"line":107},"8":{"name":"(anonymous_8)","decl":{"start":{"line":130,"column":59},"end":{"line":130,"column":60}},"loc":{"start":{"line":130,"column":74},"end":{"line":135,"column":11}},"line":130},"9":{"name":"(anonymous_9)","decl":{"start":{"line":154,"column":33},"end":{"line":154,"column":34}},"loc":{"start":{"line":154,"column":38},"end":{"line":154,"column":84}},"line":154},"10":{"name":"(anonymous_10)","decl":{"start":{"line":163,"column":28},"end":{"line":163,"column":29}},"loc":{"start":{"line":163,"column":42},"end":{"line":174,"column":1}},"line":163},"11":{"name":"(anonymous_11)","decl":{"start":{"line":177,"column":30},"end":{"line":177,"column":31}},"loc":{"start":{"line":177,"column":50},"end":{"line":224,"column":1}},"line":177},"12":{"name":"(anonymous_12)","decl":{"start":{"line":227,"column":20},"end":{"line":227,"column":21}},"loc":{"start":{"line":227,"column":32},"end":{"line":464,"column":1}},"line":227},"13":{"name":"(anonymous_13)","decl":{"start":{"line":229,"column":27},"end":{"line":229,"column":28}},"loc":{"start":{"line":229,"column":82},"end":{"line":270,"column":3}},"line":229},"14":{"name":"(anonymous_14)","decl":{"start":{"line":272,"column":25},"end":{"line":272,"column":26}},"loc":{"start":{"line":272,"column":99},"end":{"line":325,"column":3}},"line":272},"15":{"name":"(anonymous_15)","decl":{"start":{"line":327,"column":27},"end":{"line":327,"column":28}},"loc":{"start":{"line":327,"column":65},"end":{"line":345,"column":3}},"line":327},"16":{"name":"(anonymous_16)","decl":{"start":{"line":347,"column":29},"end":{"line":347,"column":30}},"loc":{"start":{"line":347,"column":49},"end":{"line":361,"column":3}},"line":347},"17":{"name":"(anonymous_17)","decl":{"start":{"line":363,"column":31},"end":{"line":363,"column":32}},"loc":{"start":{"line":363,"column":60},"end":{"line":376,"column":3}},"line":363},"18":{"name":"(anonymous_18)","decl":{"start":{"line":378,"column":28},"end":{"line":378,"column":29}},"loc":{"start":{"line":378,"column":43},"end":{"line":387,"column":3}},"line":378},"19":{"name":"(anonymous_19)","decl":{"start":{"line":389,"column":30},"end":{"line":389,"column":31}},"loc":{"start":{"line":389,"column":58},"end":{"line":412,"column":3}},"line":389},"20":{"name":"(anonymous_20)","decl":{"start":{"line":416,"column":26},"end":{"line":416,"column":27}},"loc":{"start":{"line":416,"column":32},"end":{"line":463,"column":3}},"line":416},"21":{"name":"(anonymous_21)","decl":{"start":{"line":423,"column":19},"end":{"line":423,"column":20}},"loc":{"start":{"line":423,"column":25},"end":{"line":429,"column":9}},"line":423},"22":{"name":"(anonymous_22)","decl":{"start":{"line":439,"column":21},"end":{"line":439,"column":22}},"loc":{"start":{"line":439,"column":27},"end":{"line":458,"column":11}},"line":439},"23":{"name":"(anonymous_23)","decl":{"start":{"line":467,"column":12},"end":{"line":467,"column":13}},"loc":{"start":{"line":467,"column":18},"end":{"line":483,"column":1}},"line":467},"24":{"name":"(anonymous_24)","decl":{"start":{"line":486,"column":22},"end":{"line":486,"column":23}},"loc":{"start":{"line":486,"column":28},"end":{"line":488,"column":3}},"line":486},"25":{"name":"sendToTelegram","decl":{"start":{"line":494,"column":15},"end":{"line":494,"column":29}},"loc":{"start":{"line":494,"column":38},"end":{"line":546,"column":1}},"line":494},"26":{"name":"(anonymous_26)","decl":{"start":{"line":531,"column":23},"end":{"line":531,"column":24}},"loc":{"start":{"line":531,"column":44},"end":{"line":544,"column":5}},"line":531},"27":{"name":"(anonymous_27)","decl":{"start":{"line":538,"column":9},"end":{"line":538,"column":10}},"loc":{"start":{"line":538,"column":18},"end":{"line":540,"column":7}},"line":538}},"branchMap":{"0":{"loc":{"start":{"line":27,"column":13},"end":{"line":27,"column":37}},"type":"binary-expr","locations":[{"start":{"line":27,"column":13},"end":{"line":27,"column":29}},{"start":{"line":27,"column":33},"end":{"line":27,"column":37}}],"line":27},"1":{"loc":{"start":{"line":30,"column":0},"end":{"line":32,"column":1}},"type":"if","locations":[{"start":{"line":30,"column":0},"end":{"line":32,"column":1}},{"start":{},"end":{}}],"line":30},"2":{"loc":{"start":{"line":40,"column":0},"end":{"line":49,"column":1}},"type":"if","locations":[{"start":{"line":40,"column":0},"end":{"line":49,"column":1}},{"start":{},"end":{}}],"line":40},"3":{"loc":{"start":{"line":65,"column":2},"end":{"line":65,"column":31}},"type":"if","locations":[{"start":{"line":65,"column":2},"end":{"line":65,"column":31}},{"start":{},"end":{}}],"line":65},"4":{"loc":{"start":{"line":86,"column":2},"end":{"line":90,"column":3}},"type":"if","locations":[{"start":{"line":86,"column":2},"end":{"line":90,"column":3}},{"start":{"line":88,"column":9},"end":{"line":90,"column":3}}],"line":86},"5":{"loc":{"start":{"line":87,"column":79},"end":{"line":87,"column":108}},"type":"binary-expr","locations":[{"start":{"line":87,"column":79},"end":{"line":87,"column":96}},{"start":{"line":87,"column":100},"end":{"line":87,"column":108}}],"line":87},"6":{"loc":{"start":{"line":115,"column":4},"end":{"line":117,"column":86}},"type":"if","locations":[{"start":{"line":115,"column":4},"end":{"line":117,"column":86}},{"start":{"line":116,"column":9},"end":{"line":117,"column":86}}],"line":115},"7":{"loc":{"start":{"line":116,"column":9},"end":{"line":117,"column":86}},"type":"if","locations":[{"start":{"line":116,"column":9},"end":{"line":117,"column":86}},{"start":{"line":117,"column":9},"end":{"line":117,"column":86}}],"line":116},"8":{"loc":{"start":{"line":117,"column":9},"end":{"line":117,"column":86}},"type":"if","locations":[{"start":{"line":117,"column":9},"end":{"line":117,"column":86}},{"start":{},"end":{}}],"line":117},"9":{"loc":{"start":{"line":119,"column":4},"end":{"line":138,"column":5}},"type":"if","locations":[{"start":{"line":119,"column":4},"end":{"line":138,"column":5}},{"start":{},"end":{}}],"line":119},"10":{"loc":{"start":{"line":121,"column":6},"end":{"line":137,"column":7}},"type":"if","locations":[{"start":{"line":121,"column":6},"end":{"line":137,"column":7}},{"start":{},"end":{}}],"line":121},"11":{"loc":{"start":{"line":142,"column":4},"end":{"line":144,"column":5}},"type":"if","locations":[{"start":{"line":142,"column":4},"end":{"line":144,"column":5}},{"start":{},"end":{}}],"line":142},"12":{"loc":{"start":{"line":146,"column":4},"end":{"line":146,"column":71}},"type":"if","locations":[{"start":{"line":146,"column":4},"end":{"line":146,"column":71}},{"start":{},"end":{}}],"line":146},"13":{"loc":{"start":{"line":166,"column":4},"end":{"line":168,"column":5}},"type":"if","locations":[{"start":{"line":166,"column":4},"end":{"line":168,"column":5}},{"start":{},"end":{}}],"line":166},"14":{"loc":{"start":{"line":180,"column":2},"end":{"line":182,"column":3}},"type":"if","locations":[{"start":{"line":180,"column":2},"end":{"line":182,"column":3}},{"start":{},"end":{}}],"line":180},"15":{"loc":{"start":{"line":180,"column":6},"end":{"line":180,"column":33}},"type":"binary-expr","locations":[{"start":{"line":180,"column":6},"end":{"line":180,"column":13}},{"start":{"line":180,"column":17},"end":{"line":180,"column":24}},{"start":{"line":180,"column":28},"end":{"line":180,"column":33}}],"line":180},"16":{"loc":{"start":{"line":184,"column":2},"end":{"line":193,"column":3}},"type":"if","locations":[{"start":{"line":184,"column":2},"end":{"line":193,"column":3}},{"start":{},"end":{}}],"line":184},"17":{"loc":{"start":{"line":187,"column":4},"end":{"line":189,"column":5}},"type":"if","locations":[{"start":{"line":187,"column":4},"end":{"line":189,"column":5}},{"start":{},"end":{}}],"line":187},"18":{"loc":{"start":{"line":190,"column":4},"end":{"line":192,"column":5}},"type":"if","locations":[{"start":{"line":190,"column":4},"end":{"line":192,"column":5}},{"start":{},"end":{}}],"line":190},"19":{"loc":{"start":{"line":198,"column":2},"end":{"line":200,"column":3}},"type":"if","locations":[{"start":{"line":198,"column":2},"end":{"line":200,"column":3}},{"start":{},"end":{}}],"line":198},"20":{"loc":{"start":{"line":198,"column":6},"end":{"line":198,"column":27}},"type":"binary-expr","locations":[{"start":{"line":198,"column":6},"end":{"line":198,"column":13}},{"start":{"line":198,"column":17},"end":{"line":198,"column":27}}],"line":198},"21":{"loc":{"start":{"line":229,"column":28},"end":{"line":229,"column":67}},"type":"default-arg","locations":[{"start":{"line":229,"column":65},"end":{"line":229,"column":67}}],"line":229},"22":{"loc":{"start":{"line":232,"column":4},"end":{"line":254,"column":5}},"type":"if","locations":[{"start":{"line":232,"column":4},"end":{"line":254,"column":5}},{"start":{"line":249,"column":11},"end":{"line":254,"column":5}}],"line":232},"23":{"loc":{"start":{"line":235,"column":6},"end":{"line":248,"column":7}},"type":"if","locations":[{"start":{"line":235,"column":6},"end":{"line":248,"column":7}},{"start":{},"end":{}}],"line":235},"24":{"loc":{"start":{"line":238,"column":8},"end":{"line":240,"column":9}},"type":"if","locations":[{"start":{"line":238,"column":8},"end":{"line":240,"column":9}},{"start":{},"end":{}}],"line":238},"25":{"loc":{"start":{"line":244,"column":8},"end":{"line":246,"column":9}},"type":"if","locations":[{"start":{"line":244,"column":8},"end":{"line":246,"column":9}},{"start":{},"end":{}}],"line":244},"26":{"loc":{"start":{"line":251,"column":13},"end":{"line":251,"column":64}},"type":"binary-expr","locations":[{"start":{"line":251,"column":13},"end":{"line":251,"column":32}},{"start":{"line":251,"column":36},"end":{"line":251,"column":64}}],"line":251},"27":{"loc":{"start":{"line":258,"column":20},"end":{"line":258,"column":44}},"type":"binary-expr","locations":[{"start":{"line":258,"column":20},"end":{"line":258,"column":32}},{"start":{"line":258,"column":36},"end":{"line":258,"column":44}}],"line":258},"28":{"loc":{"start":{"line":267,"column":4},"end":{"line":269,"column":5}},"type":"if","locations":[{"start":{"line":267,"column":4},"end":{"line":269,"column":5}},{"start":{},"end":{}}],"line":267},"29":{"loc":{"start":{"line":273,"column":4},"end":{"line":276,"column":5}},"type":"if","locations":[{"start":{"line":273,"column":4},"end":{"line":276,"column":5}},{"start":{},"end":{}}],"line":273},"30":{"loc":{"start":{"line":274,"column":6},"end":{"line":274,"column":99}},"type":"if","locations":[{"start":{"line":274,"column":6},"end":{"line":274,"column":99}},{"start":{},"end":{}}],"line":274},"31":{"loc":{"start":{"line":281,"column":4},"end":{"line":284,"column":5}},"type":"if","locations":[{"start":{"line":281,"column":4},"end":{"line":284,"column":5}},{"start":{},"end":{}}],"line":281},"32":{"loc":{"start":{"line":282,"column":6},"end":{"line":282,"column":96}},"type":"if","locations":[{"start":{"line":282,"column":6},"end":{"line":282,"column":96}},{"start":{},"end":{}}],"line":282},"33":{"loc":{"start":{"line":286,"column":4},"end":{"line":289,"column":5}},"type":"if","locations":[{"start":{"line":286,"column":4},"end":{"line":289,"column":5}},{"start":{},"end":{}}],"line":286},"34":{"loc":{"start":{"line":286,"column":8},"end":{"line":286,"column":59}},"type":"binary-expr","locations":[{"start":{"line":286,"column":8},"end":{"line":286,"column":25}},{"start":{"line":286,"column":29},"end":{"line":286,"column":59}}],"line":286},"35":{"loc":{"start":{"line":287,"column":6},"end":{"line":287,"column":154}},"type":"if","locations":[{"start":{"line":287,"column":6},"end":{"line":287,"column":154}},{"start":{},"end":{}}],"line":287},"36":{"loc":{"start":{"line":295,"column":4},"end":{"line":304,"column":5}},"type":"if","locations":[{"start":{"line":295,"column":4},"end":{"line":304,"column":5}},{"start":{},"end":{}}],"line":295},"37":{"loc":{"start":{"line":297,"column":8},"end":{"line":302,"column":9}},"type":"if","locations":[{"start":{"line":297,"column":8},"end":{"line":302,"column":9}},{"start":{},"end":{}}],"line":297},"38":{"loc":{"start":{"line":306,"column":4},"end":{"line":312,"column":5}},"type":"if","locations":[{"start":{"line":306,"column":4},"end":{"line":312,"column":5}},{"start":{},"end":{}}],"line":306},"39":{"loc":{"start":{"line":309,"column":14},"end":{"line":309,"column":39}},"type":"binary-expr","locations":[{"start":{"line":309,"column":14},"end":{"line":309,"column":24}},{"start":{"line":309,"column":28},"end":{"line":309,"column":39}}],"line":309},"40":{"loc":{"start":{"line":317,"column":4},"end":{"line":320,"column":5}},"type":"if","locations":[{"start":{"line":317,"column":4},"end":{"line":320,"column":5}},{"start":{},"end":{}}],"line":317},"41":{"loc":{"start":{"line":322,"column":4},"end":{"line":324,"column":5}},"type":"if","locations":[{"start":{"line":322,"column":4},"end":{"line":324,"column":5}},{"start":{},"end":{}}],"line":322},"42":{"loc":{"start":{"line":334,"column":6},"end":{"line":338,"column":7}},"type":"if","locations":[{"start":{"line":334,"column":6},"end":{"line":338,"column":7}},{"start":{},"end":{}}],"line":334},"43":{"loc":{"start":{"line":341,"column":4},"end":{"line":344,"column":5}},"type":"if","locations":[{"start":{"line":341,"column":4},"end":{"line":344,"column":5}},{"start":{},"end":{}}],"line":341},"44":{"loc":{"start":{"line":349,"column":6},"end":{"line":359,"column":7}},"type":"if","locations":[{"start":{"line":349,"column":6},"end":{"line":359,"column":7}},{"start":{},"end":{}}],"line":349},"45":{"loc":{"start":{"line":351,"column":10},"end":{"line":357,"column":11}},"type":"if","locations":[{"start":{"line":351,"column":10},"end":{"line":357,"column":11}},{"start":{},"end":{}}],"line":351},"46":{"loc":{"start":{"line":365,"column":6},"end":{"line":374,"column":7}},"type":"if","locations":[{"start":{"line":365,"column":6},"end":{"line":374,"column":7}},{"start":{},"end":{}}],"line":365},"47":{"loc":{"start":{"line":367,"column":10},"end":{"line":372,"column":11}},"type":"if","locations":[{"start":{"line":367,"column":10},"end":{"line":372,"column":11}},{"start":{},"end":{}}],"line":367},"48":{"loc":{"start":{"line":381,"column":6},"end":{"line":384,"column":7}},"type":"if","locations":[{"start":{"line":381,"column":6},"end":{"line":384,"column":7}},{"start":{},"end":{}}],"line":381},"49":{"loc":{"start":{"line":381,"column":10},"end":{"line":381,"column":74}},"type":"binary-expr","locations":[{"start":{"line":381,"column":10},"end":{"line":381,"column":41}},{"start":{"line":381,"column":45},"end":{"line":381,"column":74}}],"line":381},"50":{"loc":{"start":{"line":390,"column":4},"end":{"line":393,"column":5}},"type":"if","locations":[{"start":{"line":390,"column":4},"end":{"line":393,"column":5}},{"start":{},"end":{}}],"line":390},"51":{"loc":{"start":{"line":391,"column":6},"end":{"line":391,"column":117}},"type":"if","locations":[{"start":{"line":391,"column":6},"end":{"line":391,"column":117}},{"start":{},"end":{}}],"line":391},"52":{"loc":{"start":{"line":397,"column":4},"end":{"line":400,"column":5}},"type":"if","locations":[{"start":{"line":397,"column":4},"end":{"line":400,"column":5}},{"start":{},"end":{}}],"line":397},"53":{"loc":{"start":{"line":398,"column":6},"end":{"line":398,"column":117}},"type":"if","locations":[{"start":{"line":398,"column":6},"end":{"line":398,"column":117}},{"start":{},"end":{}}],"line":398},"54":{"loc":{"start":{"line":403,"column":34},"end":{"line":403,"column":107}},"type":"binary-expr","locations":[{"start":{"line":403,"column":34},"end":{"line":403,"column":57}},{"start":{"line":403,"column":61},"end":{"line":403,"column":107}}],"line":403},"55":{"loc":{"start":{"line":405,"column":4},"end":{"line":411,"column":5}},"type":"if","locations":[{"start":{"line":405,"column":4},"end":{"line":411,"column":5}},{"start":{},"end":{}}],"line":405},"56":{"loc":{"start":{"line":419,"column":6},"end":{"line":431,"column":7}},"type":"if","locations":[{"start":{"line":419,"column":6},"end":{"line":431,"column":7}},{"start":{},"end":{}}],"line":419},"57":{"loc":{"start":{"line":425,"column":10},"end":{"line":428,"column":11}},"type":"if","locations":[{"start":{"line":425,"column":10},"end":{"line":428,"column":11}},{"start":{},"end":{}}],"line":425},"58":{"loc":{"start":{"line":425,"column":14},"end":{"line":425,"column":63}},"type":"binary-expr","locations":[{"start":{"line":425,"column":14},"end":{"line":425,"column":23}},{"start":{"line":425,"column":27},"end":{"line":425,"column":63}}],"line":425},"59":{"loc":{"start":{"line":434,"column":4},"end":{"line":462,"column":5}},"type":"if","locations":[{"start":{"line":434,"column":4},"end":{"line":462,"column":5}},{"start":{},"end":{}}],"line":434},"60":{"loc":{"start":{"line":436,"column":8},"end":{"line":460,"column":9}},"type":"if","locations":[{"start":{"line":436,"column":8},"end":{"line":460,"column":9}},{"start":{},"end":{}}],"line":436},"61":{"loc":{"start":{"line":441,"column":12},"end":{"line":457,"column":13}},"type":"if","locations":[{"start":{"line":441,"column":12},"end":{"line":457,"column":13}},{"start":{},"end":{}}],"line":441},"62":{"loc":{"start":{"line":445,"column":16},"end":{"line":448,"column":17}},"type":"if","locations":[{"start":{"line":445,"column":16},"end":{"line":448,"column":17}},{"start":{},"end":{}}],"line":445},"63":{"loc":{"start":{"line":445,"column":20},"end":{"line":445,"column":61}},"type":"binary-expr","locations":[{"start":{"line":445,"column":20},"end":{"line":445,"column":40}},{"start":{"line":445,"column":44},"end":{"line":445,"column":61}}],"line":445},"64":{"loc":{"start":{"line":450,"column":14},"end":{"line":456,"column":15}},"type":"if","locations":[{"start":{"line":450,"column":14},"end":{"line":456,"column":15}},{"start":{},"end":{}}],"line":450},"65":{"loc":{"start":{"line":452,"column":16},"end":{"line":454,"column":17}},"type":"if","locations":[{"start":{"line":452,"column":16},"end":{"line":454,"column":17}},{"start":{},"end":{}}],"line":452},"66":{"loc":{"start":{"line":471,"column":4},"end":{"line":481,"column":5}},"type":"if","locations":[{"start":{"line":471,"column":4},"end":{"line":481,"column":5}},{"start":{"line":479,"column":11},"end":{"line":481,"column":5}}],"line":471},"67":{"loc":{"start":{"line":472,"column":6},"end":{"line":478,"column":7}},"type":"if","locations":[{"start":{"line":472,"column":6},"end":{"line":478,"column":7}},{"start":{"line":474,"column":13},"end":{"line":478,"column":7}}],"line":472},"68":{"loc":{"start":{"line":474,"column":13},"end":{"line":478,"column":7}},"type":"if","locations":[{"start":{"line":474,"column":13},"end":{"line":478,"column":7}},{"start":{},"end":{}}],"line":474},"69":{"loc":{"start":{"line":485,"column":0},"end":{"line":489,"column":1}},"type":"if","locations":[{"start":{"line":485,"column":0},"end":{"line":489,"column":1}},{"start":{},"end":{}}],"line":485},"70":{"loc":{"start":{"line":497,"column":2},"end":{"line":497,"column":32}},"type":"if","locations":[{"start":{"line":497,"column":2},"end":{"line":497,"column":32}},{"start":{},"end":{}}],"line":497},"71":{"loc":{"start":{"line":497,"column":6},"end":{"line":497,"column":23}},"type":"binary-expr","locations":[{"start":{"line":497,"column":6},"end":{"line":497,"column":12}},{"start":{"line":497,"column":16},"end":{"line":497,"column":23}}],"line":497},"72":{"loc":{"start":{"line":499,"column":17},"end":{"line":499,"column":115}},"type":"cond-expr","locations":[{"start":{"line":499,"column":37},"end":{"line":499,"column":96}},{"start":{"line":499,"column":99},"end":{"line":499,"column":115}}],"line":499},"73":{"loc":{"start":{"line":500,"column":20},"end":{"line":500,"column":124}},"type":"cond-expr","locations":[{"start":{"line":500,"column":49},"end":{"line":500,"column":93}},{"start":{"line":500,"column":96},"end":{"line":500,"column":124}}],"line":500},"74":{"loc":{"start":{"line":524,"column":2},"end":{"line":545,"column":3}},"type":"if","locations":[{"start":{"line":524,"column":2},"end":{"line":545,"column":3}},{"start":{"line":530,"column":9},"end":{"line":545,"column":3}}],"line":524}},"s":{"0":1,"1":1,"2":1,"3":1,"4":1,"5":1,"6":1,"7":1,"8":1,"9":1,"10":1,"11":1,"12":1,"13":1,"14":1,"15":1,"16":1,"17":1,"18":1,"19":1,"20":1,"21":1,"22":1,"23":0,"24":0,"25":0,"26":0,"27":0,"28":7,"29":7,"30":7,"31":7,"32":1,"33":5,"34":5,"35":5,"36":0,"37":6,"38":6,"39":6,"40":6,"41":36,"42":6,"43":1,"44":1,"45":1,"46":2,"47":2,"48":2,"49":1,"50":1,"51":1,"52":1,"53":1,"54":0,"55":1,"56":1,"57":1,"58":3,"59":3,"60":3,"61":3,"62":3,"63":1,"64":2,"65":0,"66":2,"67":0,"68":3,"69":1,"70":1,"71":0,"72":0,"73":0,"74":3,"75":3,"76":3,"77":2,"78":2,"79":2,"80":2,"81":2,"82":2,"83":2,"84":0,"85":2,"86":1,"87":1,"88":1,"89":3,"90":3,"91":3,"92":1,"93":2,"94":1,"95":1,"96":1,"97":6,"98":6,"99":1,"100":5,"101":2,"102":2,"103":2,"104":1,"105":1,"106":1,"107":3,"108":3,"109":3,"110":1,"111":2,"112":2,"113":2,"114":2,"115":2,"116":1,"117":1,"118":1,"119":1,"120":4,"121":7,"122":7,"123":2,"124":2,"125":2,"126":2,"127":2,"128":2,"129":2,"130":2,"131":2,"132":2,"133":2,"134":2,"135":5,"136":5,"137":1,"138":5,"139":5,"140":5,"141":5,"142":5,"143":4,"144":6,"145":1,"146":1,"147":1,"148":5,"149":5,"150":5,"151":2,"152":2,"153":2,"154":3,"155":1,"156":1,"157":1,"158":2,"159":2,"160":1,"161":1,"162":1,"163":1,"164":1,"165":1,"166":2,"167":1,"168":2,"169":2,"170":2,"171":1,"172":2,"173":2,"174":4,"175":1,"176":1,"177":1,"178":1,"179":1,"180":1,"181":1,"182":1,"183":4,"184":1,"185":3,"186":3,"187":1,"188":1,"189":1,"190":1,"191":1,"192":1,"193":4,"194":1,"195":3,"196":3,"197":1,"198":1,"199":1,"200":1,"201":1,"202":4,"203":1,"204":1,"205":1,"206":1,"207":1,"208":1,"209":4,"210":3,"211":1,"212":1,"213":1,"214":2,"215":2,"216":2,"217":1,"218":1,"219":1,"220":1,"221":1,"222":1,"223":1,"224":4,"225":4,"226":4,"227":6,"228":2,"229":2,"230":2,"231":0,"232":0,"233":0,"234":0,"235":2,"236":4,"237":2,"238":1,"239":1,"240":1,"241":0,"242":0,"243":0,"244":0,"245":0,"246":0,"247":0,"248":0,"249":0,"250":0,"251":0,"252":1,"253":1,"254":3,"255":3,"256":9,"257":9,"258":6,"259":3,"260":3,"261":3,"262":3,"263":3,"264":3,"265":1,"266":0,"267":0,"268":1,"269":2,"270":2,"271":2,"272":0,"273":2,"274":2,"275":2,"276":2,"277":2,"278":2,"279":2,"280":2,"281":2,"282":2,"283":2,"284":2,"285":2,"286":2,"287":2,"288":2,"289":2,"290":2,"291":2,"292":2,"293":2,"294":2,"295":1,"296":1,"297":1,"298":1,"299":1,"300":1,"301":1},"f":{"0":7,"1":7,"2":5,"3":6,"4":1,"5":2,"6":1,"7":3,"8":0,"9":0,"10":3,"11":6,"12":4,"13":7,"14":6,"15":1,"16":1,"17":1,"18":1,"19":3,"20":4,"21":0,"22":0,"23":3,"24":0,"25":2,"26":1,"27":1},"b":{"0":[1,1],"1":[1,0],"2":[0,1],"3":[5,0],"4":[1,1],"5":[1,0],"6":[1,2],"7":[0,2],"8":[0,2],"9":[1,2],"10":[0,1],"11":[2,0],"12":[2,0],"13":[1,1],"14":[1,5],"15":[6,5,5],"16":[2,3],"17":[1,1],"18":[1,0],"19":[1,2],"20":[3,2],"21":[0],"22":[2,5],"23":[2,0],"24":[2,0],"25":[2,0],"26":[6,5],"27":[5,0],"28":[5,0],"29":[1,5],"30":[1,0],"31":[2,3],"32":[2,0],"33":[1,2],"34":[3,3],"35":[1,0],"36":[1,1],"37":[1,0],"38":[1,1],"39":[1,0],"40":[1,1],"41":[2,0],"42":[1,0],"43":[1,0],"44":[3,0],"45":[1,0],"46":[3,0],"47":[1,0],"48":[1,0],"49":[1,0],"50":[1,2],"51":[1,0],"52":[1,1],"53":[1,0],"54":[1,0],"55":[1,0],"56":[2,4],"57":[0,0],"58":[0,0],"59":[2,2],"60":[1,0],"61":[0,0],"62":[0,0],"63":[0,0],"64":[0,0],"65":[0,0],"66":[6,3],"67":[3,3],"68":[3,0],"69":[0,1],"70":[0,2],"71":[2,2],"72":[1,1],"73":[0,2],"74":[1,1]},"_coverageSchema":"1a1c01bbd47fc00a2c39e90264f33305004495a9","hash":"10a0a99bd34d84eeef121c4fb3f52b2498884f16"}
}
