TN:
SF:index.js
FN:51,saveRecentRoomCodes
FN:56,markRoomCodeUsed
FN:63,isCodeRecentlyUsed
FN:69,generateRoomCode
FN:79,(anonymous_4)
FN:83,(anonymous_5)
FN:93,(anonymous_6)
FN:107,(anonymous_7)
FN:130,(anonymous_8)
FN:154,(anonymous_9)
FN:163,(anonymous_10)
FN:177,(anonymous_11)
FN:227,(anonymous_12)
FN:229,(anonymous_13)
FN:272,(anonymous_14)
FN:327,(anonymous_15)
FN:347,(anonymous_16)
FN:363,(anonymous_17)
FN:378,(anonymous_18)
FN:389,(anonymous_19)
FN:416,(anonymous_20)
FN:423,(anonymous_21)
FN:439,(anonymous_22)
FN:467,(anonymous_23)
FN:486,(anonymous_24)
FN:494,sendToTelegram
FN:531,(anonymous_26)
FN:538,(anonymous_27)
FNF:28
FNH:23
FNDA:7,saveRecentRoomCodes
FNDA:7,markRoomCodeUsed
FNDA:5,isCodeRecentlyUsed
FNDA:6,generateRoomCode
FNDA:1,(anonymous_4)
FNDA:2,(anonymous_5)
FNDA:1,(anonymous_6)
FNDA:3,(anonymous_7)
FNDA:0,(anonymous_8)
FNDA:0,(anonymous_9)
FNDA:3,(anonymous_10)
FNDA:6,(anonymous_11)
FNDA:4,(anonymous_12)
FNDA:7,(anonymous_13)
FNDA:6,(anonymous_14)
FNDA:1,(anonymous_15)
FNDA:1,(anonymous_16)
FNDA:1,(anonymous_17)
FNDA:1,(anonymous_18)
FNDA:3,(anonymous_19)
FNDA:4,(anonymous_20)
FNDA:0,(anonymous_21)
FNDA:0,(anonymous_22)
FNDA:3,(anonymous_23)
FNDA:0,(anonymous_24)
FNDA:2,sendToTelegram
FNDA:1,(anonymous_26)
FNDA:1,(anonymous_27)
DA:1,1
DA:2,1
DA:3,1
DA:4,1
DA:5,1
DA:6,1
DA:7,1
DA:8,1
DA:9,1
DA:11,1
DA:12,1
DA:13,1
DA:16,1
DA:18,1
DA:19,1
DA:27,1
DA:29,1
DA:30,1
DA:31,1
DA:36,1
DA:38,1
DA:39,1
DA:40,1
DA:41,0
DA:42,0
DA:43,0
DA:44,0
DA:47,0
DA:52,7
DA:53,7
DA:57,7
DA:58,7
DA:61,1
DA:64,5
DA:65,5
DA:66,0
DA:70,6
DA:71,6
DA:72,6
DA:73,36
DA:75,6
DA:79,1
DA:80,1
DA:83,1
DA:84,2
DA:85,2
DA:86,2
DA:87,1
DA:89,1
DA:93,1
DA:94,1
DA:95,1
DA:96,0
DA:102,1
DA:105,1
DA:107,1
DA:108,3
DA:109,3
DA:112,3
DA:113,3
DA:115,3
DA:116,2
DA:117,2
DA:119,3
DA:120,1
DA:121,1
DA:122,0
DA:123,0
DA:130,0
DA:139,3
DA:141,3
DA:142,3
DA:143,2
DA:145,2
DA:146,2
DA:149,2
DA:151,2
DA:154,2
DA:156,2
DA:158,1
DA:159,1
DA:163,1
DA:164,3
DA:165,3
DA:166,3
DA:167,1
DA:169,2
DA:171,1
DA:172,1
DA:177,1
DA:178,6
DA:180,6
DA:181,1
DA:184,5
DA:185,2
DA:186,2
DA:187,2
DA:188,1
DA:190,1
DA:191,1
DA:195,3
DA:196,3
DA:198,3
DA:199,1
DA:202,2
DA:203,2
DA:209,2
DA:211,2
DA:218,2
DA:219,1
DA:221,1
DA:222,1
DA:227,1
DA:229,4
DA:230,7
DA:232,7
DA:233,2
DA:235,2
DA:236,2
DA:237,2
DA:238,2
DA:239,2
DA:241,2
DA:242,2
DA:243,2
DA:244,2
DA:245,2
DA:247,2
DA:250,5
DA:251,5
DA:252,1
DA:256,5
DA:265,5
DA:266,5
DA:267,5
DA:268,5
DA:272,4
DA:273,6
DA:274,1
DA:275,1
DA:278,5
DA:279,5
DA:281,5
DA:282,2
DA:283,2
DA:286,3
DA:287,1
DA:288,1
DA:292,2
DA:295,2
DA:296,1
DA:297,1
DA:298,1
DA:299,1
DA:300,1
DA:301,1
DA:306,2
DA:307,1
DA:314,2
DA:315,2
DA:317,2
DA:319,1
DA:322,2
DA:323,2
DA:327,4
DA:330,1
DA:333,1
DA:334,1
DA:335,1
DA:336,1
DA:337,1
DA:341,1
DA:343,1
DA:347,4
DA:348,1
DA:349,3
DA:350,3
DA:351,1
DA:352,1
DA:353,1
DA:354,1
DA:355,1
DA:356,1
DA:363,4
DA:364,1
DA:365,3
DA:366,3
DA:367,1
DA:368,1
DA:369,1
DA:370,1
DA:371,1
DA:378,4
DA:379,1
DA:380,1
DA:381,1
DA:382,1
DA:383,1
DA:386,1
DA:389,4
DA:390,3
DA:391,1
DA:392,1
DA:394,2
DA:395,2
DA:397,2
DA:398,1
DA:399,1
DA:402,1
DA:403,1
DA:405,1
DA:406,1
DA:416,4
DA:417,4
DA:418,4
DA:419,6
DA:420,2
DA:421,2
DA:423,2
DA:424,0
DA:425,0
DA:426,0
DA:427,0
DA:430,2
DA:434,4
DA:435,2
DA:436,1
DA:437,1
DA:439,1
DA:440,0
DA:441,0
DA:443,0
DA:444,0
DA:445,0
DA:446,0
DA:447,0
DA:450,0
DA:452,0
DA:453,0
DA:455,0
DA:459,1
DA:467,1
DA:468,3
DA:469,3
DA:470,9
DA:471,9
DA:472,6
DA:473,3
DA:474,3
DA:475,3
DA:476,3
DA:477,3
DA:480,3
DA:485,1
DA:486,0
DA:487,0
DA:491,1
DA:495,2
DA:496,2
DA:497,2
DA:499,2
DA:500,2
DA:501,2
DA:503,2
DA:505,2
DA:506,2
DA:508,2
DA:509,2
DA:510,2
DA:511,2
DA:512,2
DA:513,2
DA:514,2
DA:515,2
DA:516,2
DA:517,2
DA:518,2
DA:519,2
DA:520,2
DA:521,2
DA:522,2
DA:524,2
DA:525,1
DA:531,1
DA:532,1
DA:539,1
DA:541,1
DA:542,1
DA:543,1
LF:289
LH:262
BRDA:27,0,0,1
BRDA:27,0,1,1
BRDA:30,1,0,1
BRDA:30,1,1,0
BRDA:40,2,0,0
BRDA:40,2,1,1
BRDA:65,3,0,5
BRDA:65,3,1,0
BRDA:86,4,0,1
BRDA:86,4,1,1
BRDA:87,5,0,1
BRDA:87,5,1,0
BRDA:115,6,0,1
BRDA:115,6,1,2
BRDA:116,7,0,0
BRDA:116,7,1,2
BRDA:117,8,0,0
BRDA:117,8,1,2
BRDA:119,9,0,1
BRDA:119,9,1,2
BRDA:121,10,0,0
BRDA:121,10,1,1
BRDA:142,11,0,2
BRDA:142,11,1,0
BRDA:146,12,0,2
BRDA:146,12,1,0
BRDA:166,13,0,1
BRDA:166,13,1,1
BRDA:180,14,0,1
BRDA:180,14,1,5
BRDA:180,15,0,6
BRDA:180,15,1,5
BRDA:180,15,2,5
BRDA:184,16,0,2
BRDA:184,16,1,3
BRDA:187,17,0,1
BRDA:187,17,1,1
BRDA:190,18,0,1
BRDA:190,18,1,0
BRDA:198,19,0,1
BRDA:198,19,1,2
BRDA:198,20,0,3
BRDA:198,20,1,2
BRDA:229,21,0,0
BRDA:232,22,0,2
BRDA:232,22,1,5
BRDA:235,23,0,2
BRDA:235,23,1,0
BRDA:238,24,0,2
BRDA:238,24,1,0
BRDA:244,25,0,2
BRDA:244,25,1,0
BRDA:251,26,0,6
BRDA:251,26,1,5
BRDA:258,27,0,5
BRDA:258,27,1,0
BRDA:267,28,0,5
BRDA:267,28,1,0
BRDA:273,29,0,1
BRDA:273,29,1,5
BRDA:274,30,0,1
BRDA:274,30,1,0
BRDA:281,31,0,2
BRDA:281,31,1,3
BRDA:282,32,0,2
BRDA:282,32,1,0
BRDA:286,33,0,1
BRDA:286,33,1,2
BRDA:286,34,0,3
BRDA:286,34,1,3
BRDA:287,35,0,1
BRDA:287,35,1,0
BRDA:295,36,0,1
BRDA:295,36,1,1
BRDA:297,37,0,1
BRDA:297,37,1,0
BRDA:306,38,0,1
BRDA:306,38,1,1
BRDA:309,39,0,1
BRDA:309,39,1,0
BRDA:317,40,0,1
BRDA:317,40,1,1
BRDA:322,41,0,2
BRDA:322,41,1,0
BRDA:334,42,0,1
BRDA:334,42,1,0
BRDA:341,43,0,1
BRDA:341,43,1,0
BRDA:349,44,0,3
BRDA:349,44,1,0
BRDA:351,45,0,1
BRDA:351,45,1,0
BRDA:365,46,0,3
BRDA:365,46,1,0
BRDA:367,47,0,1
BRDA:367,47,1,0
BRDA:381,48,0,1
BRDA:381,48,1,0
BRDA:381,49,0,1
BRDA:381,49,1,0
BRDA:390,50,0,1
BRDA:390,50,1,2
BRDA:391,51,0,1
BRDA:391,51,1,0
BRDA:397,52,0,1
BRDA:397,52,1,1
BRDA:398,53,0,1
BRDA:398,53,1,0
BRDA:403,54,0,1
BRDA:403,54,1,0
BRDA:405,55,0,1
BRDA:405,55,1,0
BRDA:419,56,0,2
BRDA:419,56,1,4
BRDA:425,57,0,0
BRDA:425,57,1,0
BRDA:425,58,0,0
BRDA:425,58,1,0
BRDA:434,59,0,2
BRDA:434,59,1,2
BRDA:436,60,0,1
BRDA:436,60,1,0
BRDA:441,61,0,0
BRDA:441,61,1,0
BRDA:445,62,0,0
BRDA:445,62,1,0
BRDA:445,63,0,0
BRDA:445,63,1,0
BRDA:450,64,0,0
BRDA:450,64,1,0
BRDA:452,65,0,0
BRDA:452,65,1,0
BRDA:471,66,0,6
BRDA:471,66,1,3
BRDA:472,67,0,3
BRDA:472,67,1,3
BRDA:474,68,0,3
BRDA:474,68,1,0
BRDA:485,69,0,0
BRDA:485,69,1,1
BRDA:497,70,0,0
BRDA:497,70,1,2
BRDA:497,71,0,2
BRDA:497,71,1,2
BRDA:499,72,0,1
BRDA:499,72,1,1
BRDA:500,73,0,0
BRDA:500,73,1,2
BRDA:524,74,0,1
BRDA:524,74,1,1
BRF:150
BRH:97
end_of_record
