{"C:\\Users\\Daniel\\Documents\\GitHub\\tour translation app\\src\\app\\_layout.tsx": {"path":"C:\\Users\\Daniel\\Documents\\GitHub\\tour translation app\\src\\app\\_layout.tsx","statementMap":{"0":{"start":{"line":11,"column":0},"end":{"line":11,"column":18}},"1":{"start":{"line":14,"column":0},"end":{"line":17,"column":3}},"2":{"start":{"line":23,"column":2},"end":{"line":39,"column":4}}},"fnMap":{"0":{"name":"RootLayout","decl":{"start":{"line":22,"column":24},"end":{"line":22,"column":34}},"loc":{"start":{"line":22,"column":37},"end":{"line":40,"column":1}},"line":22}},"branchMap":{},"s":{"0":0,"1":0,"2":0},"f":{"0":0},"b":{}}
,"C:\\Users\\Daniel\\Documents\\GitHub\\tour translation app\\src\\app\\host.tsx": {"path":"C:\\Users\\Daniel\\Documents\\GitHub\\tour translation app\\src\\app\\host.tsx","statementMap":{"0":{"start":{"line":38,"column":2},"end":{"line":47,"column":3}},"1":{"start":{"line":40,"column":19},"end":{"line":45,"column":7}},"2":{"start":{"line":40,"column":45},"end":{"line":45,"column":5}},"3":{"start":{"line":46,"column":4},"end":{"line":46,"column":35}},"4":{"start":{"line":49,"column":2},"end":{"line":49,"column":79}},"5":{"start":{"line":53,"column":23},"end":{"line":53,"column":40}},"6":{"start":{"line":54,"column":26},"end":{"line":54,"column":62}},"7":{"start":{"line":54,"column":51},"end":{"line":54,"column":61}},"8":{"start":{"line":55,"column":2},"end":{"line":55,"column":42}},"9":{"start":{"line":61,"column":15},"end":{"line":61,"column":31}},"10":{"start":{"line":62,"column":2},"end":{"line":66,"column":13}},"11":{"start":{"line":63,"column":4},"end":{"line":65,"column":6}},"12":{"start":{"line":64,"column":6},"end":{"line":64,"column":90}},"13":{"start":{"line":64,"column":37},"end":{"line":64,"column":88}},"14":{"start":{"line":67,"column":2},"end":{"line":67,"column":14}},"15":{"start":{"line":74,"column":31},"end":{"line":74,"column":52}},"16":{"start":{"line":75,"column":25},"end":{"line":75,"column":71}},"17":{"start":{"line":77,"column":2},"end":{"line":107,"column":68}},"18":{"start":{"line":78,"column":4},"end":{"line":106,"column":5}},"19":{"start":{"line":81,"column":30},"end":{"line":81,"column":59}},"20":{"start":{"line":83,"column":6},"end":{"line":90,"column":11}},"21":{"start":{"line":85,"column":10},"end":{"line":85,"column":82}},"22":{"start":{"line":86,"column":10},"end":{"line":86,"column":72}},"23":{"start":{"line":89,"column":10},"end":{"line":89,"column":69}},"24":{"start":{"line":93,"column":23},"end":{"line":101,"column":13}},"25":{"start":{"line":94,"column":8},"end":{"line":100,"column":9}},"26":{"start":{"line":96,"column":31},"end":{"line":96,"column":75}},"27":{"start":{"line":97,"column":10},"end":{"line":97,"column":38}},"28":{"start":{"line":98,"column":15},"end":{"line":100,"column":9}},"29":{"start":{"line":99,"column":10},"end":{"line":99,"column":27}},"30":{"start":{"line":103,"column":6},"end":{"line":103,"column":43}},"31":{"start":{"line":103,"column":19},"end":{"line":103,"column":42}},"32":{"start":{"line":105,"column":6},"end":{"line":105,"column":23}},"33":{"start":{"line":109,"column":2},"end":{"line":109,"column":14}},"34":{"start":{"line":115,"column":31},"end":{"line":115,"column":52}},"35":{"start":{"line":117,"column":2},"end":{"line":139,"column":39}},"36":{"start":{"line":118,"column":4},"end":{"line":137,"column":7}},"37":{"start":{"line":119,"column":6},"end":{"line":136,"column":7}},"38":{"start":{"line":120,"column":22},"end":{"line":120,"column":52}},"39":{"start":{"line":124,"column":27},"end":{"line":124,"column":32}},"40":{"start":{"line":125,"column":27},"end":{"line":134,"column":9}},"41":{"start":{"line":126,"column":10},"end":{"line":133,"column":11}},"42":{"start":{"line":126,"column":28},"end":{"line":126,"column":29}},"43":{"start":{"line":127,"column":26},"end":{"line":127,"column":69}},"44":{"start":{"line":128,"column":12},"end":{"line":132,"column":13}},"45":{"start":{"line":129,"column":14},"end":{"line":129,"column":104}},"46":{"start":{"line":131,"column":14},"end":{"line":131,"column":74}},"47":{"start":{"line":135,"column":8},"end":{"line":135,"column":21}},"48":{"start":{"line":138,"column":4},"end":{"line":138,"column":41}},"49":{"start":{"line":138,"column":17},"end":{"line":138,"column":40}},"50":{"start":{"line":141,"column":2},"end":{"line":141,"column":14}},"51":{"start":{"line":145,"column":17},"end":{"line":145,"column":28}},"52":{"start":{"line":146,"column":21},"end":{"line":146,"column":36}},"53":{"start":{"line":150,"column":23},"end":{"line":150,"column":43}},"54":{"start":{"line":151,"column":38},"end":{"line":151,"column":81}},"55":{"start":{"line":177,"column":6},"end":{"line":177,"column":15}},"56":{"start":{"line":178,"column":43},"end":{"line":178,"column":60}},"57":{"start":{"line":180,"column":2},"end":{"line":187,"column":142}},"58":{"start":{"line":181,"column":4},"end":{"line":186,"column":7}},"59":{"start":{"line":185,"column":44},"end":{"line":185,"column":93}},"60":{"start":{"line":189,"column":18},"end":{"line":189,"column":43}},"61":{"start":{"line":190,"column":2},"end":{"line":195,"column":35}},"62":{"start":{"line":191,"column":4},"end":{"line":194,"column":5}},"63":{"start":{"line":192,"column":6},"end":{"line":192,"column":62}},"64":{"start":{"line":193,"column":6},"end":{"line":193,"column":36}},"65":{"start":{"line":197,"column":2},"end":{"line":222,"column":29}},"66":{"start":{"line":198,"column":4},"end":{"line":198,"column":26}},"67":{"start":{"line":198,"column":19},"end":{"line":198,"column":26}},"68":{"start":{"line":200,"column":24},"end":{"line":219,"column":6}},"69":{"start":{"line":202,"column":6},"end":{"line":202,"column":25}},"70":{"start":{"line":204,"column":6},"end":{"line":218,"column":8}},"71":{"start":{"line":214,"column":14},"end":{"line":214,"column":49}},"72":{"start":{"line":221,"column":4},"end":{"line":221,"column":23}},"73":{"start":{"line":224,"column":2},"end":{"line":247,"column":25}},"74":{"start":{"line":225,"column":4},"end":{"line":225,"column":26}},"75":{"start":{"line":225,"column":19},"end":{"line":225,"column":26}},"76":{"start":{"line":227,"column":23},"end":{"line":243,"column":5}},"77":{"start":{"line":228,"column":6},"end":{"line":241,"column":8}},"78":{"start":{"line":237,"column":14},"end":{"line":237,"column":28}},"79":{"start":{"line":242,"column":6},"end":{"line":242,"column":18}},"80":{"start":{"line":245,"column":24},"end":{"line":245,"column":85}},"81":{"start":{"line":246,"column":4},"end":{"line":246,"column":38}},"82":{"start":{"line":246,"column":17},"end":{"line":246,"column":37}},"83":{"start":{"line":249,"column":21},"end":{"line":251,"column":19}},"84":{"start":{"line":250,"column":4},"end":{"line":250,"column":24}},"85":{"start":{"line":253,"column":56},"end":{"line":253,"column":77}},"86":{"start":{"line":256,"column":2},"end":{"line":279,"column":37}},"87":{"start":{"line":257,"column":4},"end":{"line":278,"column":5}},"88":{"start":{"line":258,"column":24},"end":{"line":270,"column":7}},"89":{"start":{"line":259,"column":8},"end":{"line":267,"column":11}},"90":{"start":{"line":268,"column":8},"end":{"line":268,"column":47}},"91":{"start":{"line":269,"column":8},"end":{"line":269,"column":37}},"92":{"start":{"line":271,"column":6},"end":{"line":271,"column":18}},"93":{"start":{"line":272,"column":6},"end":{"line":275,"column":8}},"94":{"start":{"line":273,"column":8},"end":{"line":273,"column":40}},"95":{"start":{"line":274,"column":8},"end":{"line":274,"column":38}},"96":{"start":{"line":277,"column":6},"end":{"line":277,"column":35}},"97":{"start":{"line":281,"column":19},"end":{"line":283,"column":22}},"98":{"start":{"line":282,"column":4},"end":{"line":282,"column":27}},"99":{"start":{"line":300,"column":6},"end":{"line":304,"column":4}},"100":{"start":{"line":306,"column":22},"end":{"line":317,"column":3}},"101":{"start":{"line":307,"column":4},"end":{"line":310,"column":5}},"102":{"start":{"line":308,"column":6},"end":{"line":308,"column":91}},"103":{"start":{"line":309,"column":6},"end":{"line":309,"column":13}},"104":{"start":{"line":311,"column":4},"end":{"line":316,"column":5}},"105":{"start":{"line":312,"column":6},"end":{"line":312,"column":42}},"106":{"start":{"line":313,"column":6},"end":{"line":313,"column":34}},"107":{"start":{"line":315,"column":6},"end":{"line":315,"column":116}},"108":{"start":{"line":319,"column":21},"end":{"line":336,"column":3}},"109":{"start":{"line":320,"column":4},"end":{"line":335,"column":6}},"110":{"start":{"line":329,"column":12},"end":{"line":329,"column":45}},"111":{"start":{"line":330,"column":12},"end":{"line":330,"column":20}},"112":{"start":{"line":331,"column":12},"end":{"line":331,"column":23}},"113":{"start":{"line":338,"column":34},"end":{"line":348,"column":3}},"114":{"start":{"line":339,"column":4},"end":{"line":345,"column":5}},"115":{"start":{"line":340,"column":6},"end":{"line":343,"column":8}},"116":{"start":{"line":344,"column":6},"end":{"line":344,"column":13}},"117":{"start":{"line":346,"column":4},"end":{"line":346,"column":59}},"118":{"start":{"line":347,"column":4},"end":{"line":347,"column":24}},"119":{"start":{"line":350,"column":28},"end":{"line":359,"column":3}},"120":{"start":{"line":351,"column":4},"end":{"line":357,"column":5}},"121":{"start":{"line":352,"column":6},"end":{"line":355,"column":8}},"122":{"start":{"line":356,"column":6},"end":{"line":356,"column":13}},"123":{"start":{"line":358,"column":4},"end":{"line":358,"column":15}},"124":{"start":{"line":361,"column":21},"end":{"line":365,"column":3}},"125":{"start":{"line":362,"column":4},"end":{"line":362,"column":57}},"126":{"start":{"line":362,"column":50},"end":{"line":362,"column":57}},"127":{"start":{"line":363,"column":18},"end":{"line":363,"column":82}},"128":{"start":{"line":364,"column":4},"end":{"line":364,"column":35}},"129":{"start":{"line":368,"column":2},"end":{"line":410,"column":3}},"130":{"start":{"line":369,"column":4},"end":{"line":409,"column":6}},"131":{"start":{"line":373,"column":38},"end":{"line":373,"column":51}},"132":{"start":{"line":394,"column":40},"end":{"line":394,"column":73}},"133":{"start":{"line":402,"column":38},"end":{"line":402,"column":82}},"134":{"start":{"line":412,"column":23},"end":{"line":412,"column":85}},"135":{"start":{"line":414,"column":25},"end":{"line":414,"column":50}},"136":{"start":{"line":417,"column":4},"end":{"line":689,"column":27}},"137":{"start":{"line":419,"column":8},"end":{"line":687,"column":19}},"138":{"start":{"line":483,"column":22},"end":{"line":500,"column":34}},"139":{"start":{"line":485,"column":39},"end":{"line":485,"column":61}},"140":{"start":{"line":564,"column":40},"end":{"line":568,"column":17}},"141":{"start":{"line":589,"column":44},"end":{"line":593,"column":21}},"142":{"start":{"line":603,"column":38},"end":{"line":603,"column":67}},"143":{"start":{"line":606,"column":24},"end":{"line":606,"column":79}},"144":{"start":{"line":633,"column":42},"end":{"line":636,"column":19}},"145":{"start":{"line":675,"column":14},"end":{"line":682,"column":16}},"146":{"start":{"line":692,"column":2},"end":{"line":694,"column":3}},"147":{"start":{"line":693,"column":4},"end":{"line":693,"column":19}},"148":{"start":{"line":696,"column":2},"end":{"line":704,"column":3}},"149":{"start":{"line":697,"column":4},"end":{"line":703,"column":6}},"150":{"start":{"line":706,"column":2},"end":{"line":718,"column":4}},"151":{"start":{"line":722,"column":24},"end":{"line":722,"column":40}},"152":{"start":{"line":723,"column":21},"end":{"line":723,"column":24}},"153":{"start":{"line":726,"column":0},"end":{"line":729,"column":3}},"154":{"start":{"line":727,"column":10},"end":{"line":727,"column":32}},"155":{"start":{"line":728,"column":11},"end":{"line":728,"column":30}},"156":{"start":{"line":731,"column":19},"end":{"line":731,"column":28}},"157":{"start":{"line":732,"column":23},"end":{"line":732,"column":47}},"158":{"start":{"line":733,"column":26},"end":{"line":733,"column":49}},"159":{"start":{"line":735,"column":15},"end":{"line":1068,"column":2}}},"fnMap":{"0":{"name":"ParticipantsRenderer","decl":{"start":{"line":29,"column":9},"end":{"line":29,"column":29}},"loc":{"start":{"line":37,"column":3},"end":{"line":50,"column":1}},"line":37},"1":{"name":"(anonymous_1)","decl":{"start":{"line":40,"column":39},"end":{"line":40,"column":40}},"loc":{"start":{"line":40,"column":45},"end":{"line":45,"column":5}},"line":40},"2":{"name":"LiveKitParticipantsRenderer","decl":{"start":{"line":52,"column":9},"end":{"line":52,"column":36}},"loc":{"start":{"line":52,"column":110},"end":{"line":56,"column":1}},"line":52},"3":{"name":"(anonymous_3)","decl":{"start":{"line":54,"column":46},"end":{"line":54,"column":47}},"loc":{"start":{"line":54,"column":51},"end":{"line":54,"column":61}},"line":54},"4":{"name":"RoomDisconnectCatcher","decl":{"start":{"line":60,"column":9},"end":{"line":60,"column":30}},"loc":{"start":{"line":60,"column":33},"end":{"line":68,"column":1}},"line":60},"5":{"name":"(anonymous_5)","decl":{"start":{"line":62,"column":18},"end":{"line":62,"column":19}},"loc":{"start":{"line":62,"column":24},"end":{"line":66,"column":3}},"line":62},"6":{"name":"(anonymous_6)","decl":{"start":{"line":63,"column":11},"end":{"line":63,"column":12}},"loc":{"start":{"line":63,"column":17},"end":{"line":65,"column":5}},"line":63},"7":{"name":"(anonymous_7)","decl":{"start":{"line":64,"column":30},"end":{"line":64,"column":31}},"loc":{"start":{"line":64,"column":37},"end":{"line":64,"column":88}},"line":64},"8":{"name":"LocalMicController","decl":{"start":{"line":73,"column":9},"end":{"line":73,"column":27}},"loc":{"start":{"line":73,"column":163},"end":{"line":110,"column":1}},"line":73},"9":{"name":"(anonymous_9)","decl":{"start":{"line":77,"column":18},"end":{"line":77,"column":19}},"loc":{"start":{"line":77,"column":24},"end":{"line":107,"column":3}},"line":77},"10":{"name":"(anonymous_10)","decl":{"start":{"line":84,"column":14},"end":{"line":84,"column":15}},"loc":{"start":{"line":84,"column":20},"end":{"line":87,"column":9}},"line":84},"11":{"name":"(anonymous_11)","decl":{"start":{"line":88,"column":15},"end":{"line":88,"column":16}},"loc":{"start":{"line":88,"column":22},"end":{"line":90,"column":9}},"line":88},"12":{"name":"(anonymous_12)","decl":{"start":{"line":93,"column":35},"end":{"line":93,"column":36}},"loc":{"start":{"line":93,"column":41},"end":{"line":101,"column":7}},"line":93},"13":{"name":"(anonymous_13)","decl":{"start":{"line":103,"column":13},"end":{"line":103,"column":14}},"loc":{"start":{"line":103,"column":19},"end":{"line":103,"column":42}},"line":103},"14":{"name":"TranslationDataPublisher","decl":{"start":{"line":114,"column":9},"end":{"line":114,"column":33}},"loc":{"start":{"line":114,"column":75},"end":{"line":142,"column":1}},"line":114},"15":{"name":"(anonymous_15)","decl":{"start":{"line":117,"column":18},"end":{"line":117,"column":19}},"loc":{"start":{"line":117,"column":24},"end":{"line":139,"column":3}},"line":117},"16":{"name":"(anonymous_16)","decl":{"start":{"line":118,"column":17},"end":{"line":118,"column":18}},"loc":{"start":{"line":118,"column":41},"end":{"line":137,"column":5}},"line":118},"17":{"name":"(anonymous_17)","decl":{"start":{"line":125,"column":27},"end":{"line":125,"column":28}},"loc":{"start":{"line":125,"column":39},"end":{"line":134,"column":9}},"line":125},"18":{"name":"(anonymous_18)","decl":{"start":{"line":138,"column":11},"end":{"line":138,"column":12}},"loc":{"start":{"line":138,"column":17},"end":{"line":138,"column":40}},"line":138},"19":{"name":"HostScreen","decl":{"start":{"line":144,"column":24},"end":{"line":144,"column":34}},"loc":{"start":{"line":144,"column":37},"end":{"line":719,"column":1}},"line":144},"20":{"name":"(anonymous_20)","decl":{"start":{"line":180,"column":18},"end":{"line":180,"column":19}},"loc":{"start":{"line":180,"column":24},"end":{"line":187,"column":3}},"line":180},"21":{"name":"(anonymous_21)","decl":{"start":{"line":185,"column":31},"end":{"line":185,"column":32}},"loc":{"start":{"line":185,"column":44},"end":{"line":185,"column":93}},"line":185},"22":{"name":"(anonymous_22)","decl":{"start":{"line":190,"column":18},"end":{"line":190,"column":19}},"loc":{"start":{"line":190,"column":24},"end":{"line":195,"column":3}},"line":190},"23":{"name":"(anonymous_23)","decl":{"start":{"line":197,"column":18},"end":{"line":197,"column":19}},"loc":{"start":{"line":197,"column":24},"end":{"line":222,"column":3}},"line":197},"24":{"name":"(anonymous_24)","decl":{"start":{"line":200,"column":63},"end":{"line":200,"column":64}},"loc":{"start":{"line":200,"column":70},"end":{"line":219,"column":5}},"line":200},"25":{"name":"(anonymous_25)","decl":{"start":{"line":208,"column":54},"end":{"line":208,"column":55}},"loc":{"start":{"line":208,"column":60},"end":{"line":208,"column":62}},"line":208},"26":{"name":"(anonymous_26)","decl":{"start":{"line":212,"column":21},"end":{"line":212,"column":22}},"loc":{"start":{"line":212,"column":27},"end":{"line":215,"column":13}},"line":212},"27":{"name":"(anonymous_27)","decl":{"start":{"line":224,"column":18},"end":{"line":224,"column":19}},"loc":{"start":{"line":224,"column":24},"end":{"line":247,"column":3}},"line":224},"28":{"name":"(anonymous_28)","decl":{"start":{"line":227,"column":23},"end":{"line":227,"column":24}},"loc":{"start":{"line":227,"column":29},"end":{"line":243,"column":5}},"line":227},"29":{"name":"(anonymous_29)","decl":{"start":{"line":232,"column":54},"end":{"line":232,"column":55}},"loc":{"start":{"line":232,"column":60},"end":{"line":232,"column":62}},"line":232},"30":{"name":"(anonymous_30)","decl":{"start":{"line":236,"column":21},"end":{"line":236,"column":22}},"loc":{"start":{"line":236,"column":27},"end":{"line":238,"column":13}},"line":236},"31":{"name":"(anonymous_31)","decl":{"start":{"line":246,"column":11},"end":{"line":246,"column":12}},"loc":{"start":{"line":246,"column":17},"end":{"line":246,"column":37}},"line":246},"32":{"name":"(anonymous_32)","decl":{"start":{"line":249,"column":33},"end":{"line":249,"column":34}},"loc":{"start":{"line":249,"column":45},"end":{"line":251,"column":3}},"line":249},"33":{"name":"(anonymous_33)","decl":{"start":{"line":256,"column":18},"end":{"line":256,"column":19}},"loc":{"start":{"line":256,"column":24},"end":{"line":279,"column":3}},"line":256},"34":{"name":"(anonymous_34)","decl":{"start":{"line":258,"column":24},"end":{"line":258,"column":25}},"loc":{"start":{"line":258,"column":36},"end":{"line":270,"column":7}},"line":258},"35":{"name":"(anonymous_35)","decl":{"start":{"line":272,"column":13},"end":{"line":272,"column":14}},"loc":{"start":{"line":272,"column":19},"end":{"line":275,"column":7}},"line":272},"36":{"name":"(anonymous_36)","decl":{"start":{"line":281,"column":31},"end":{"line":281,"column":32}},"loc":{"start":{"line":281,"column":43},"end":{"line":283,"column":3}},"line":281},"37":{"name":"(anonymous_37)","decl":{"start":{"line":306,"column":22},"end":{"line":306,"column":23}},"loc":{"start":{"line":306,"column":34},"end":{"line":317,"column":3}},"line":306},"38":{"name":"(anonymous_38)","decl":{"start":{"line":319,"column":21},"end":{"line":319,"column":22}},"loc":{"start":{"line":319,"column":27},"end":{"line":336,"column":3}},"line":319},"39":{"name":"(anonymous_39)","decl":{"start":{"line":328,"column":19},"end":{"line":328,"column":20}},"loc":{"start":{"line":328,"column":25},"end":{"line":332,"column":11}},"line":328},"40":{"name":"(anonymous_40)","decl":{"start":{"line":338,"column":34},"end":{"line":338,"column":35}},"loc":{"start":{"line":338,"column":54},"end":{"line":348,"column":3}},"line":338},"41":{"name":"(anonymous_41)","decl":{"start":{"line":350,"column":28},"end":{"line":350,"column":29}},"loc":{"start":{"line":350,"column":34},"end":{"line":359,"column":3}},"line":350},"42":{"name":"(anonymous_42)","decl":{"start":{"line":361,"column":21},"end":{"line":361,"column":22}},"loc":{"start":{"line":361,"column":90},"end":{"line":365,"column":3}},"line":361},"43":{"name":"(anonymous_43)","decl":{"start":{"line":373,"column":32},"end":{"line":373,"column":33}},"loc":{"start":{"line":373,"column":38},"end":{"line":373,"column":51}},"line":373},"44":{"name":"(anonymous_44)","decl":{"start":{"line":394,"column":30},"end":{"line":394,"column":31}},"loc":{"start":{"line":394,"column":40},"end":{"line":394,"column":73}},"line":394},"45":{"name":"(anonymous_45)","decl":{"start":{"line":402,"column":21},"end":{"line":402,"column":22}},"loc":{"start":{"line":402,"column":38},"end":{"line":402,"column":82}},"line":402},"46":{"name":"(anonymous_46)","decl":{"start":{"line":418,"column":7},"end":{"line":418,"column":8}},"loc":{"start":{"line":419,"column":8},"end":{"line":687,"column":19}},"line":419},"47":{"name":"(anonymous_47)","decl":{"start":{"line":482,"column":45},"end":{"line":482,"column":46}},"loc":{"start":{"line":483,"column":22},"end":{"line":500,"column":34}},"line":483},"48":{"name":"(anonymous_48)","decl":{"start":{"line":485,"column":33},"end":{"line":485,"column":34}},"loc":{"start":{"line":485,"column":39},"end":{"line":485,"column":61}},"line":485},"49":{"name":"(anonymous_49)","decl":{"start":{"line":564,"column":23},"end":{"line":564,"column":24}},"loc":{"start":{"line":564,"column":40},"end":{"line":568,"column":17}},"line":564},"50":{"name":"(anonymous_50)","decl":{"start":{"line":589,"column":27},"end":{"line":589,"column":28}},"loc":{"start":{"line":589,"column":44},"end":{"line":593,"column":21}},"line":589},"51":{"name":"(anonymous_51)","decl":{"start":{"line":603,"column":31},"end":{"line":603,"column":32}},"loc":{"start":{"line":603,"column":38},"end":{"line":603,"column":67}},"line":603},"52":{"name":"(anonymous_52)","decl":{"start":{"line":605,"column":32},"end":{"line":605,"column":33}},"loc":{"start":{"line":605,"column":39},"end":{"line":607,"column":23}},"line":605},"53":{"name":"(anonymous_53)","decl":{"start":{"line":633,"column":25},"end":{"line":633,"column":26}},"loc":{"start":{"line":633,"column":42},"end":{"line":636,"column":19}},"line":633},"54":{"name":"(anonymous_54)","decl":{"start":{"line":674,"column":32},"end":{"line":674,"column":33}},"loc":{"start":{"line":675,"column":14},"end":{"line":682,"column":16}},"line":675},"55":{"name":"(anonymous_55)","decl":{"start":{"line":727,"column":2},"end":{"line":727,"column":3}},"loc":{"start":{"line":727,"column":8},"end":{"line":727,"column":34}},"line":727},"56":{"name":"(anonymous_56)","decl":{"start":{"line":728,"column":2},"end":{"line":728,"column":3}},"loc":{"start":{"line":728,"column":9},"end":{"line":728,"column":32}},"line":728}},"branchMap":{"0":{"loc":{"start":{"line":38,"column":2},"end":{"line":47,"column":3}},"type":"if","locations":[{"start":{"line":38,"column":2},"end":{"line":47,"column":3}},{"start":{},"end":{}}],"line":38},"1":{"loc":{"start":{"line":78,"column":4},"end":{"line":106,"column":5}},"type":"if","locations":[{"start":{"line":78,"column":4},"end":{"line":106,"column":5}},{"start":{"line":104,"column":11},"end":{"line":106,"column":5}}],"line":78},"2":{"loc":{"start":{"line":81,"column":30},"end":{"line":81,"column":59}},"type":"binary-expr","locations":[{"start":{"line":81,"column":30},"end":{"line":81,"column":41}},{"start":{"line":81,"column":45},"end":{"line":81,"column":59}}],"line":81},"3":{"loc":{"start":{"line":94,"column":8},"end":{"line":100,"column":9}},"type":"if","locations":[{"start":{"line":94,"column":8},"end":{"line":100,"column":9}},{"start":{"line":98,"column":15},"end":{"line":100,"column":9}}],"line":94},"4":{"loc":{"start":{"line":94,"column":12},"end":{"line":94,"column":58}},"type":"binary-expr","locations":[{"start":{"line":94,"column":12},"end":{"line":94,"column":27}},{"start":{"line":94,"column":31},"end":{"line":94,"column":58}}],"line":94},"5":{"loc":{"start":{"line":98,"column":15},"end":{"line":100,"column":9}},"type":"if","locations":[{"start":{"line":98,"column":15},"end":{"line":100,"column":9}},{"start":{},"end":{}}],"line":98},"6":{"loc":{"start":{"line":119,"column":6},"end":{"line":136,"column":7}},"type":"if","locations":[{"start":{"line":119,"column":6},"end":{"line":136,"column":7}},{"start":{},"end":{}}],"line":119},"7":{"loc":{"start":{"line":151,"column":53},"end":{"line":151,"column":80}},"type":"binary-expr","locations":[{"start":{"line":151,"column":53},"end":{"line":151,"column":74}},{"start":{"line":151,"column":78},"end":{"line":151,"column":80}}],"line":151},"8":{"loc":{"start":{"line":185,"column":50},"end":{"line":185,"column":63}},"type":"binary-expr","locations":[{"start":{"line":185,"column":50},"end":{"line":185,"column":54}},{"start":{"line":185,"column":58},"end":{"line":185,"column":63}}],"line":185},"9":{"loc":{"start":{"line":185,"column":71},"end":{"line":185,"column":91}},"type":"binary-expr","locations":[{"start":{"line":185,"column":71},"end":{"line":185,"column":77}},{"start":{"line":185,"column":81},"end":{"line":185,"column":91}}],"line":185},"10":{"loc":{"start":{"line":191,"column":4},"end":{"line":194,"column":5}},"type":"if","locations":[{"start":{"line":191,"column":4},"end":{"line":194,"column":5}},{"start":{},"end":{}}],"line":191},"11":{"loc":{"start":{"line":198,"column":4},"end":{"line":198,"column":26}},"type":"if","locations":[{"start":{"line":198,"column":4},"end":{"line":198,"column":26}},{"start":{},"end":{}}],"line":198},"12":{"loc":{"start":{"line":225,"column":4},"end":{"line":225,"column":26}},"type":"if","locations":[{"start":{"line":225,"column":4},"end":{"line":225,"column":26}},{"start":{},"end":{}}],"line":225},"13":{"loc":{"start":{"line":257,"column":4},"end":{"line":278,"column":5}},"type":"if","locations":[{"start":{"line":257,"column":4},"end":{"line":278,"column":5}},{"start":{"line":276,"column":11},"end":{"line":278,"column":5}}],"line":257},"14":{"loc":{"start":{"line":307,"column":4},"end":{"line":310,"column":5}},"type":"if","locations":[{"start":{"line":307,"column":4},"end":{"line":310,"column":5}},{"start":{},"end":{}}],"line":307},"15":{"loc":{"start":{"line":315,"column":37},"end":{"line":315,"column":114}},"type":"binary-expr","locations":[{"start":{"line":315,"column":37},"end":{"line":315,"column":50}},{"start":{"line":315,"column":54},"end":{"line":315,"column":114}}],"line":315},"16":{"loc":{"start":{"line":339,"column":4},"end":{"line":345,"column":5}},"type":"if","locations":[{"start":{"line":339,"column":4},"end":{"line":345,"column":5}},{"start":{},"end":{}}],"line":339},"17":{"loc":{"start":{"line":339,"column":8},"end":{"line":339,"column":39}},"type":"binary-expr","locations":[{"start":{"line":339,"column":8},"end":{"line":339,"column":13}},{"start":{"line":339,"column":17},"end":{"line":339,"column":39}}],"line":339},"18":{"loc":{"start":{"line":351,"column":4},"end":{"line":357,"column":5}},"type":"if","locations":[{"start":{"line":351,"column":4},"end":{"line":357,"column":5}},{"start":{},"end":{}}],"line":351},"19":{"loc":{"start":{"line":362,"column":4},"end":{"line":362,"column":57}},"type":"if","locations":[{"start":{"line":362,"column":4},"end":{"line":362,"column":57}},{"start":{},"end":{}}],"line":362},"20":{"loc":{"start":{"line":362,"column":8},"end":{"line":362,"column":48}},"type":"binary-expr","locations":[{"start":{"line":362,"column":8},"end":{"line":362,"column":29}},{"start":{"line":362,"column":33},"end":{"line":362,"column":48}}],"line":362},"21":{"loc":{"start":{"line":368,"column":2},"end":{"line":410,"column":3}},"type":"if","locations":[{"start":{"line":368,"column":2},"end":{"line":410,"column":3}},{"start":{},"end":{}}],"line":368},"22":{"loc":{"start":{"line":402,"column":56},"end":{"line":402,"column":81}},"type":"binary-expr","locations":[{"start":{"line":402,"column":56},"end":{"line":402,"column":63}},{"start":{"line":402,"column":67},"end":{"line":402,"column":81}}],"line":402},"23":{"loc":{"start":{"line":412,"column":23},"end":{"line":412,"column":85}},"type":"cond-expr","locations":[{"start":{"line":412,"column":46},"end":{"line":412,"column":81}},{"start":{"line":412,"column":84},"end":{"line":412,"column":85}}],"line":412},"24":{"loc":{"start":{"line":429,"column":14},"end":{"line":431,"column":92}},"type":"cond-expr","locations":[{"start":{"line":430,"column":18},"end":{"line":430,"column":28}},{"start":{"line":431,"column":18},"end":{"line":431,"column":92}}],"line":429},"25":{"loc":{"start":{"line":429,"column":14},"end":{"line":429,"column":80}},"type":"binary-expr","locations":[{"start":{"line":429,"column":14},"end":{"line":429,"column":45}},{"start":{"line":429,"column":49},"end":{"line":429,"column":80}}],"line":429},"26":{"loc":{"start":{"line":431,"column":18},"end":{"line":431,"column":92}},"type":"cond-expr","locations":[{"start":{"line":431,"column":33},"end":{"line":431,"column":47}},{"start":{"line":431,"column":50},"end":{"line":431,"column":92}}],"line":431},"27":{"loc":{"start":{"line":431,"column":50},"end":{"line":431,"column":92}},"type":"cond-expr","locations":[{"start":{"line":431,"column":64},"end":{"line":431,"column":78}},{"start":{"line":431,"column":81},"end":{"line":431,"column":92}}],"line":431},"28":{"loc":{"start":{"line":434,"column":14},"end":{"line":442,"column":40}},"type":"cond-expr","locations":[{"start":{"line":435,"column":18},"end":{"line":435,"column":40}},{"start":{"line":436,"column":18},"end":{"line":442,"column":40}}],"line":434},"29":{"loc":{"start":{"line":436,"column":18},"end":{"line":442,"column":40}},"type":"cond-expr","locations":[{"start":{"line":437,"column":20},"end":{"line":437,"column":40}},{"start":{"line":438,"column":20},"end":{"line":442,"column":40}}],"line":436},"30":{"loc":{"start":{"line":438,"column":20},"end":{"line":442,"column":40}},"type":"cond-expr","locations":[{"start":{"line":439,"column":22},"end":{"line":439,"column":43}},{"start":{"line":440,"column":22},"end":{"line":442,"column":40}}],"line":438},"31":{"loc":{"start":{"line":440,"column":22},"end":{"line":442,"column":40}},"type":"cond-expr","locations":[{"start":{"line":441,"column":24},"end":{"line":441,"column":68}},{"start":{"line":442,"column":24},"end":{"line":442,"column":40}}],"line":440},"32":{"loc":{"start":{"line":463,"column":27},"end":{"line":463,"column":116}},"type":"cond-expr","locations":[{"start":{"line":463,"column":42},"end":{"line":463,"column":72}},{"start":{"line":463,"column":75},"end":{"line":463,"column":116}}],"line":463},"33":{"loc":{"start":{"line":488,"column":26},"end":{"line":488,"column":80}},"type":"binary-expr","locations":[{"start":{"line":488,"column":26},"end":{"line":488,"column":56}},{"start":{"line":488,"column":60},"end":{"line":488,"column":80}}],"line":488},"34":{"loc":{"start":{"line":495,"column":28},"end":{"line":495,"column":83}},"type":"binary-expr","locations":[{"start":{"line":495,"column":28},"end":{"line":495,"column":58}},{"start":{"line":495,"column":62},"end":{"line":495,"column":83}}],"line":495},"35":{"loc":{"start":{"line":523,"column":9},"end":{"line":533,"column":9}},"type":"binary-expr","locations":[{"start":{"line":523,"column":9},"end":{"line":523,"column":20}},{"start":{"line":524,"column":10},"end":{"line":532,"column":22}}],"line":523},"36":{"loc":{"start":{"line":529,"column":21},"end":{"line":529,"column":58}},"type":"cond-expr","locations":[{"start":{"line":529,"column":37},"end":{"line":529,"column":46}},{"start":{"line":529,"column":49},"end":{"line":529,"column":58}}],"line":529},"37":{"loc":{"start":{"line":536,"column":9},"end":{"line":652,"column":9}},"type":"binary-expr","locations":[{"start":{"line":536,"column":9},"end":{"line":536,"column":14}},{"start":{"line":537,"column":8},"end":{"line":651,"column":15}}],"line":536},"38":{"loc":{"start":{"line":553,"column":13},"end":{"line":557,"column":13}},"type":"binary-expr","locations":[{"start":{"line":553,"column":13},"end":{"line":553,"column":21}},{"start":{"line":554,"column":14},"end":{"line":556,"column":21}}],"line":553},"39":{"loc":{"start":{"line":560,"column":13},"end":{"line":579,"column":13}},"type":"binary-expr","locations":[{"start":{"line":560,"column":13},"end":{"line":560,"column":22}},{"start":{"line":561,"column":14},"end":{"line":578,"column":26}}],"line":560},"40":{"loc":{"start":{"line":563,"column":26},"end":{"line":563,"column":57}},"type":"binary-expr","locations":[{"start":{"line":563,"column":26},"end":{"line":563,"column":38}},{"start":{"line":563,"column":42},"end":{"line":563,"column":57}}],"line":563},"41":{"loc":{"start":{"line":566,"column":18},"end":{"line":566,"column":84}},"type":"binary-expr","locations":[{"start":{"line":566,"column":19},"end":{"line":566,"column":34}},{"start":{"line":566,"column":38},"end":{"line":566,"column":50}},{"start":{"line":566,"column":55},"end":{"line":566,"column":84}}],"line":566},"42":{"loc":{"start":{"line":567,"column":18},"end":{"line":567,"column":43}},"type":"binary-expr","locations":[{"start":{"line":567,"column":18},"end":{"line":567,"column":25}},{"start":{"line":567,"column":29},"end":{"line":567,"column":43}}],"line":567},"43":{"loc":{"start":{"line":570,"column":17},"end":{"line":577,"column":17}},"type":"cond-expr","locations":[{"start":{"line":571,"column":18},"end":{"line":574,"column":25}},{"start":{"line":576,"column":18},"end":{"line":576,"column":83}}],"line":570},"44":{"loc":{"start":{"line":582,"column":13},"end":{"line":649,"column":13}},"type":"binary-expr","locations":[{"start":{"line":582,"column":13},"end":{"line":582,"column":21}},{"start":{"line":583,"column":14},"end":{"line":648,"column":21}}],"line":582},"45":{"loc":{"start":{"line":588,"column":29},"end":{"line":588,"column":56}},"type":"cond-expr","locations":[{"start":{"line":588,"column":44},"end":{"line":588,"column":49}},{"start":{"line":588,"column":52},"end":{"line":588,"column":56}}],"line":588},"46":{"loc":{"start":{"line":591,"column":22},"end":{"line":591,"column":66}},"type":"binary-expr","locations":[{"start":{"line":591,"column":22},"end":{"line":591,"column":34}},{"start":{"line":591,"column":38},"end":{"line":591,"column":66}}],"line":591},"47":{"loc":{"start":{"line":592,"column":22},"end":{"line":592,"column":47}},"type":"binary-expr","locations":[{"start":{"line":592,"column":22},"end":{"line":592,"column":29}},{"start":{"line":592,"column":33},"end":{"line":592,"column":47}}],"line":592},"48":{"loc":{"start":{"line":596,"column":23},"end":{"line":596,"column":48}},"type":"cond-expr","locations":[{"start":{"line":596,"column":38},"end":{"line":596,"column":41}},{"start":{"line":596,"column":44},"end":{"line":596,"column":48}}],"line":596},"49":{"loc":{"start":{"line":635,"column":20},"end":{"line":635,"column":45}},"type":"binary-expr","locations":[{"start":{"line":635,"column":20},"end":{"line":635,"column":27}},{"start":{"line":635,"column":31},"end":{"line":635,"column":45}}],"line":635},"50":{"loc":{"start":{"line":642,"column":17},"end":{"line":647,"column":17}},"type":"binary-expr","locations":[{"start":{"line":642,"column":17},"end":{"line":642,"column":29}},{"start":{"line":643,"column":18},"end":{"line":646,"column":25}}],"line":642},"51":{"loc":{"start":{"line":661,"column":11},"end":{"line":684,"column":11}},"type":"cond-expr","locations":[{"start":{"line":662,"column":12},"end":{"line":672,"column":24}},{"start":{"line":674,"column":12},"end":{"line":683,"column":14}}],"line":661},"52":{"loc":{"start":{"line":678,"column":22},"end":{"line":678,"column":56}},"type":"binary-expr","locations":[{"start":{"line":678,"column":22},"end":{"line":678,"column":35}},{"start":{"line":678,"column":39},"end":{"line":678,"column":56}}],"line":678},"53":{"loc":{"start":{"line":692,"column":2},"end":{"line":694,"column":3}},"type":"if","locations":[{"start":{"line":692,"column":2},"end":{"line":694,"column":3}},{"start":{},"end":{}}],"line":692},"54":{"loc":{"start":{"line":696,"column":2},"end":{"line":704,"column":3}},"type":"if","locations":[{"start":{"line":696,"column":2},"end":{"line":704,"column":3}},{"start":{},"end":{}}],"line":696},"55":{"loc":{"start":{"line":696,"column":6},"end":{"line":696,"column":58}},"type":"binary-expr","locations":[{"start":{"line":696,"column":6},"end":{"line":696,"column":26}},{"start":{"line":696,"column":30},"end":{"line":696,"column":43}},{"start":{"line":696,"column":47},"end":{"line":696,"column":58}}],"line":696},"56":{"loc":{"start":{"line":708,"column":17},"end":{"line":708,"column":33}},"type":"binary-expr","locations":[{"start":{"line":708,"column":17},"end":{"line":708,"column":27}},{"start":{"line":708,"column":31},"end":{"line":708,"column":33}}],"line":708}},"s":{"0":0,"1":0,"2":0,"3":0,"4":0,"5":0,"6":0,"7":0,"8":0,"9":0,"10":0,"11":0,"12":0,"13":0,"14":0,"15":0,"16":0,"17":0,"18":0,"19":0,"20":0,"21":0,"22":0,"23":0,"24":0,"25":0,"26":0,"27":0,"28":0,"29":0,"30":0,"31":0,"32":0,"33":0,"34":0,"35":0,"36":0,"37":0,"38":0,"39":0,"40":0,"41":0,"42":0,"43":0,"44":0,"45":0,"46":0,"47":0,"48":0,"49":0,"50":0,"51":0,"52":0,"53":0,"54":0,"55":0,"56":0,"57":0,"58":0,"59":0,"60":0,"61":0,"62":0,"63":0,"64":0,"65":0,"66":0,"67":0,"68":0,"69":0,"70":0,"71":0,"72":0,"73":0,"74":0,"75":0,"76":0,"77":0,"78":0,"79":0,"80":0,"81":0,"82":0,"83":0,"84":0,"85":0,"86":0,"87":0,"88":0,"89":0,"90":0,"91":0,"92":0,"93":0,"94":0,"95":0,"96":0,"97":0,"98":0,"99":0,"100":0,"101":0,"102":0,"103":0,"104":0,"105":0,"106":0,"107":0,"108":0,"109":0,"110":0,"111":0,"112":0,"113":0,"114":0,"115":0,"116":0,"117":0,"118":0,"119":0,"120":0,"121":0,"122":0,"123":0,"124":0,"125":0,"126":0,"127":0,"128":0,"129":0,"130":0,"131":0,"132":0,"133":0,"134":0,"135":0,"136":0,"137":0,"138":0,"139":0,"140":0,"141":0,"142":0,"143":0,"144":0,"145":0,"146":0,"147":0,"148":0,"149":0,"150":0,"151":0,"152":0,"153":0,"154":0,"155":0,"156":0,"157":0,"158":0,"159":0},"f":{"0":0,"1":0,"2":0,"3":0,"4":0,"5":0,"6":0,"7":0,"8":0,"9":0,"10":0,"11":0,"12":0,"13":0,"14":0,"15":0,"16":0,"17":0,"18":0,"19":0,"20":0,"21":0,"22":0,"23":0,"24":0,"25":0,"26":0,"27":0,"28":0,"29":0,"30":0,"31":0,"32":0,"33":0,"34":0,"35":0,"36":0,"37":0,"38":0,"39":0,"40":0,"41":0,"42":0,"43":0,"44":0,"45":0,"46":0,"47":0,"48":0,"49":0,"50":0,"51":0,"52":0,"53":0,"54":0,"55":0,"56":0},"b":{"0":[0,0],"1":[0,0],"2":[0,0],"3":[0,0],"4":[0,0],"5":[0,0],"6":[0,0],"7":[0,0],"8":[0,0],"9":[0,0],"10":[0,0],"11":[0,0],"12":[0,0],"13":[0,0],"14":[0,0],"15":[0,0],"16":[0,0],"17":[0,0],"18":[0,0],"19":[0,0],"20":[0,0],"21":[0,0],"22":[0,0],"23":[0,0],"24":[0,0],"25":[0,0],"26":[0,0],"27":[0,0],"28":[0,0],"29":[0,0],"30":[0,0],"31":[0,0],"32":[0,0],"33":[0,0],"34":[0,0],"35":[0,0],"36":[0,0],"37":[0,0],"38":[0,0],"39":[0,0],"40":[0,0],"41":[0,0,0],"42":[0,0],"43":[0,0],"44":[0,0],"45":[0,0],"46":[0,0],"47":[0,0],"48":[0,0],"49":[0,0],"50":[0,0],"51":[0,0],"52":[0,0],"53":[0,0],"54":[0,0],"55":[0,0,0],"56":[0,0]}}
,"C:\\Users\\Daniel\\Documents\\GitHub\\tour translation app\\src\\app\\index.tsx": {"path":"C:\\Users\\Daniel\\Documents\\GitHub\\tour translation app\\src\\app\\index.tsx","statementMap":{"0":{"start":{"line":14,"column":17},"end":{"line":14,"column":28}},"1":{"start":{"line":16,"column":2},"end":{"line":79,"column":4}},"2":{"start":{"line":35,"column":27},"end":{"line":35,"column":47}},"3":{"start":{"line":53,"column":27},"end":{"line":53,"column":51}},"4":{"start":{"line":72,"column":25},"end":{"line":72,"column":49}},"5":{"start":{"line":73,"column":34},"end":{"line":73,"column":82}},"6":{"start":{"line":82,"column":15},"end":{"line":194,"column":2}}},"fnMap":{"0":{"name":"HomeScreen","decl":{"start":{"line":13,"column":24},"end":{"line":13,"column":34}},"loc":{"start":{"line":13,"column":37},"end":{"line":80,"column":1}},"line":13},"1":{"name":"(anonymous_1)","decl":{"start":{"line":35,"column":21},"end":{"line":35,"column":22}},"loc":{"start":{"line":35,"column":27},"end":{"line":35,"column":47}},"line":35},"2":{"name":"(anonymous_2)","decl":{"start":{"line":53,"column":21},"end":{"line":53,"column":22}},"loc":{"start":{"line":53,"column":27},"end":{"line":53,"column":51}},"line":53},"3":{"name":"(anonymous_3)","decl":{"start":{"line":72,"column":19},"end":{"line":72,"column":20}},"loc":{"start":{"line":72,"column":25},"end":{"line":72,"column":49}},"line":72},"4":{"name":"(anonymous_4)","decl":{"start":{"line":73,"column":17},"end":{"line":73,"column":18}},"loc":{"start":{"line":73,"column":34},"end":{"line":73,"column":82}},"line":73}},"branchMap":{"0":{"loc":{"start":{"line":73,"column":56},"end":{"line":73,"column":81}},"type":"binary-expr","locations":[{"start":{"line":73,"column":56},"end":{"line":73,"column":63}},{"start":{"line":73,"column":67},"end":{"line":73,"column":81}}],"line":73}},"s":{"0":0,"1":0,"2":0,"3":0,"4":0,"5":0,"6":0},"f":{"0":0,"1":0,"2":0,"3":0,"4":0},"b":{"0":[0,0]}}
,"C:\\Users\\Daniel\\Documents\\GitHub\\tour translation app\\src\\app\\listener.tsx": {"path":"C:\\Users\\Daniel\\Documents\\GitHub\\tour translation app\\src\\app\\listener.tsx","statementMap":{"0":{"start":{"line":17,"column":32},"end":{"line":17,"column":56}},"1":{"start":{"line":18,"column":21},"end":{"line":18,"column":38}},"2":{"start":{"line":21,"column":17},"end":{"line":21,"column":28}},"3":{"start":{"line":22,"column":39},"end":{"line":22,"column":59}},"4":{"start":{"line":23,"column":42},"end":{"line":23,"column":64}},"5":{"start":{"line":24,"column":34},"end":{"line":24,"column":46}},"6":{"start":{"line":25,"column":32},"end":{"line":25,"column":47}},"7":{"start":{"line":26,"column":40},"end":{"line":26,"column":55}},"8":{"start":{"line":28,"column":2},"end":{"line":33,"column":4}},"9":{"start":{"line":30,"column":6},"end":{"line":30,"column":24}},"10":{"start":{"line":31,"column":6},"end":{"line":31,"column":28}},"11":{"start":{"line":35,"column":42},"end":{"line":35,"column":57}},"12":{"start":{"line":37,"column":24},"end":{"line":95,"column":3}},"13":{"start":{"line":38,"column":20},"end":{"line":38,"column":45}},"14":{"start":{"line":39,"column":4},"end":{"line":42,"column":5}},"15":{"start":{"line":40,"column":6},"end":{"line":40,"column":69}},"16":{"start":{"line":41,"column":6},"end":{"line":41,"column":13}},"17":{"start":{"line":44,"column":4},"end":{"line":47,"column":5}},"18":{"start":{"line":45,"column":6},"end":{"line":45,"column":89}},"19":{"start":{"line":46,"column":6},"end":{"line":46,"column":13}},"20":{"start":{"line":49,"column":4},"end":{"line":49,"column":29}},"21":{"start":{"line":49,"column":22},"end":{"line":49,"column":29}},"22":{"start":{"line":50,"column":4},"end":{"line":50,"column":26}},"23":{"start":{"line":51,"column":4},"end":{"line":94,"column":5}},"24":{"start":{"line":52,"column":22},"end":{"line":52,"column":60}},"25":{"start":{"line":53,"column":25},"end":{"line":53,"column":46}},"26":{"start":{"line":54,"column":24},"end":{"line":54,"column":66}},"27":{"start":{"line":54,"column":41},"end":{"line":54,"column":59}},"28":{"start":{"line":56,"column":18},"end":{"line":56,"column":90}},"29":{"start":{"line":57,"column":6},"end":{"line":57,"column":30}},"30":{"start":{"line":59,"column":6},"end":{"line":61,"column":7}},"31":{"start":{"line":60,"column":8},"end":{"line":60,"column":40}},"32":{"start":{"line":63,"column":19},"end":{"line":63,"column":35}},"33":{"start":{"line":65,"column":6},"end":{"line":69,"column":7}},"34":{"start":{"line":66,"column":8},"end":{"line":66,"column":102}},"35":{"start":{"line":67,"column":8},"end":{"line":67,"column":31}},"36":{"start":{"line":68,"column":8},"end":{"line":68,"column":15}},"37":{"start":{"line":71,"column":27},"end":{"line":71,"column":57}},"38":{"start":{"line":73,"column":6},"end":{"line":77,"column":7}},"39":{"start":{"line":74,"column":8},"end":{"line":74,"column":143}},"40":{"start":{"line":75,"column":8},"end":{"line":75,"column":31}},"41":{"start":{"line":76,"column":8},"end":{"line":76,"column":15}},"42":{"start":{"line":79,"column":6},"end":{"line":83,"column":7}},"43":{"start":{"line":80,"column":8},"end":{"line":80,"column":153}},"44":{"start":{"line":81,"column":8},"end":{"line":81,"column":31}},"45":{"start":{"line":82,"column":8},"end":{"line":82,"column":15}},"46":{"start":{"line":85,"column":6},"end":{"line":85,"column":48}},"47":{"start":{"line":86,"column":6},"end":{"line":86,"column":49}},"48":{"start":{"line":88,"column":6},"end":{"line":88,"column":52}},"49":{"start":{"line":90,"column":6},"end":{"line":90,"column":48}},"50":{"start":{"line":91,"column":6},"end":{"line":91,"column":49}},"51":{"start":{"line":93,"column":6},"end":{"line":93,"column":29}},"52":{"start":{"line":97,"column":28},"end":{"line":118,"column":3}},"53":{"start":{"line":98,"column":4},"end":{"line":98,"column":24}},"54":{"start":{"line":98,"column":17},"end":{"line":98,"column":24}},"55":{"start":{"line":99,"column":4},"end":{"line":99,"column":21}},"56":{"start":{"line":100,"column":4},"end":{"line":108,"column":5}},"57":{"start":{"line":101,"column":21},"end":{"line":101,"column":37}},"58":{"start":{"line":102,"column":6},"end":{"line":105,"column":7}},"59":{"start":{"line":103,"column":8},"end":{"line":103,"column":39}},"60":{"start":{"line":104,"column":8},"end":{"line":104,"column":15}},"61":{"start":{"line":110,"column":4},"end":{"line":116,"column":5}},"62":{"start":{"line":111,"column":19},"end":{"line":111,"column":56}},"63":{"start":{"line":112,"column":6},"end":{"line":115,"column":7}},"64":{"start":{"line":113,"column":8},"end":{"line":113,"column":28}},"65":{"start":{"line":114,"column":8},"end":{"line":114,"column":15}},"66":{"start":{"line":117,"column":4},"end":{"line":117,"column":24}},"67":{"start":{"line":120,"column":2},"end":{"line":248,"column":4}},"68":{"start":{"line":125,"column":36},"end":{"line":125,"column":49}},"69":{"start":{"line":166,"column":16},"end":{"line":166,"column":38}},"70":{"start":{"line":167,"column":16},"end":{"line":167,"column":34}},"71":{"start":{"line":180,"column":16},"end":{"line":180,"column":34}},"72":{"start":{"line":181,"column":16},"end":{"line":181,"column":37}},"73":{"start":{"line":207,"column":40},"end":{"line":207,"column":71}},"74":{"start":{"line":215,"column":31},"end":{"line":215,"column":54}},"75":{"start":{"line":216,"column":40},"end":{"line":220,"column":17}},"76":{"start":{"line":230,"column":31},"end":{"line":230,"column":67}},"77":{"start":{"line":251,"column":15},"end":{"line":479,"column":2}}},"fnMap":{"0":{"name":"ListenerScreen","decl":{"start":{"line":20,"column":24},"end":{"line":20,"column":38}},"loc":{"start":{"line":20,"column":41},"end":{"line":249,"column":1}},"line":20},"1":{"name":"(anonymous_1)","decl":{"start":{"line":29,"column":16},"end":{"line":29,"column":17}},"loc":{"start":{"line":29,"column":22},"end":{"line":32,"column":5}},"line":29},"2":{"name":"(anonymous_2)","decl":{"start":{"line":37,"column":24},"end":{"line":37,"column":25}},"loc":{"start":{"line":37,"column":48},"end":{"line":95,"column":3}},"line":37},"3":{"name":"(anonymous_3)","decl":{"start":{"line":54,"column":35},"end":{"line":54,"column":36}},"loc":{"start":{"line":54,"column":41},"end":{"line":54,"column":59}},"line":54},"4":{"name":"(anonymous_4)","decl":{"start":{"line":97,"column":28},"end":{"line":97,"column":29}},"loc":{"start":{"line":97,"column":60},"end":{"line":118,"column":3}},"line":97},"5":{"name":"(anonymous_5)","decl":{"start":{"line":125,"column":30},"end":{"line":125,"column":31}},"loc":{"start":{"line":125,"column":36},"end":{"line":125,"column":49}},"line":125},"6":{"name":"(anonymous_6)","decl":{"start":{"line":165,"column":23},"end":{"line":165,"column":24}},"loc":{"start":{"line":165,"column":29},"end":{"line":168,"column":15}},"line":165},"7":{"name":"(anonymous_7)","decl":{"start":{"line":179,"column":23},"end":{"line":179,"column":24}},"loc":{"start":{"line":179,"column":29},"end":{"line":182,"column":15}},"line":179},"8":{"name":"(anonymous_8)","decl":{"start":{"line":207,"column":30},"end":{"line":207,"column":31}},"loc":{"start":{"line":207,"column":40},"end":{"line":207,"column":71}},"line":207},"9":{"name":"(anonymous_9)","decl":{"start":{"line":215,"column":25},"end":{"line":215,"column":26}},"loc":{"start":{"line":215,"column":31},"end":{"line":215,"column":54}},"line":215},"10":{"name":"(anonymous_10)","decl":{"start":{"line":216,"column":23},"end":{"line":216,"column":24}},"loc":{"start":{"line":216,"column":40},"end":{"line":220,"column":17}},"line":216},"11":{"name":"(anonymous_11)","decl":{"start":{"line":230,"column":25},"end":{"line":230,"column":26}},"loc":{"start":{"line":230,"column":31},"end":{"line":230,"column":67}},"line":230}},"branchMap":{"0":{"loc":{"start":{"line":39,"column":4},"end":{"line":42,"column":5}},"type":"if","locations":[{"start":{"line":39,"column":4},"end":{"line":42,"column":5}},{"start":{},"end":{}}],"line":39},"1":{"loc":{"start":{"line":44,"column":4},"end":{"line":47,"column":5}},"type":"if","locations":[{"start":{"line":44,"column":4},"end":{"line":47,"column":5}},{"start":{},"end":{}}],"line":44},"2":{"loc":{"start":{"line":49,"column":4},"end":{"line":49,"column":29}},"type":"if","locations":[{"start":{"line":49,"column":4},"end":{"line":49,"column":29}},{"start":{},"end":{}}],"line":49},"3":{"loc":{"start":{"line":59,"column":6},"end":{"line":61,"column":7}},"type":"if","locations":[{"start":{"line":59,"column":6},"end":{"line":61,"column":7}},{"start":{},"end":{}}],"line":59},"4":{"loc":{"start":{"line":65,"column":6},"end":{"line":69,"column":7}},"type":"if","locations":[{"start":{"line":65,"column":6},"end":{"line":69,"column":7}},{"start":{},"end":{}}],"line":65},"5":{"loc":{"start":{"line":73,"column":6},"end":{"line":77,"column":7}},"type":"if","locations":[{"start":{"line":73,"column":6},"end":{"line":77,"column":7}},{"start":{},"end":{}}],"line":73},"6":{"loc":{"start":{"line":73,"column":10},"end":{"line":73,"column":55}},"type":"binary-expr","locations":[{"start":{"line":73,"column":10},"end":{"line":73,"column":38}},{"start":{"line":73,"column":42},"end":{"line":73,"column":55}}],"line":73},"7":{"loc":{"start":{"line":79,"column":6},"end":{"line":83,"column":7}},"type":"if","locations":[{"start":{"line":79,"column":6},"end":{"line":83,"column":7}},{"start":{},"end":{}}],"line":79},"8":{"loc":{"start":{"line":79,"column":10},"end":{"line":79,"column":55}},"type":"binary-expr","locations":[{"start":{"line":79,"column":10},"end":{"line":79,"column":39}},{"start":{"line":79,"column":43},"end":{"line":79,"column":55}}],"line":79},"9":{"loc":{"start":{"line":98,"column":4},"end":{"line":98,"column":24}},"type":"if","locations":[{"start":{"line":98,"column":4},"end":{"line":98,"column":24}},{"start":{},"end":{}}],"line":98},"10":{"loc":{"start":{"line":102,"column":6},"end":{"line":105,"column":7}},"type":"if","locations":[{"start":{"line":102,"column":6},"end":{"line":105,"column":7}},{"start":{},"end":{}}],"line":102},"11":{"loc":{"start":{"line":110,"column":4},"end":{"line":116,"column":5}},"type":"if","locations":[{"start":{"line":110,"column":4},"end":{"line":116,"column":5}},{"start":{},"end":{}}],"line":110},"12":{"loc":{"start":{"line":112,"column":6},"end":{"line":115,"column":7}},"type":"if","locations":[{"start":{"line":112,"column":6},"end":{"line":115,"column":7}},{"start":{},"end":{}}],"line":112},"13":{"loc":{"start":{"line":133,"column":9},"end":{"line":245,"column":9}},"type":"cond-expr","locations":[{"start":{"line":134,"column":10},"end":{"line":173,"column":17}},{"start":{"line":175,"column":10},"end":{"line":244,"column":13}}],"line":133},"14":{"loc":{"start":{"line":135,"column":13},"end":{"line":163,"column":13}},"type":"cond-expr","locations":[{"start":{"line":136,"column":14},"end":{"line":148,"column":21}},{"start":{"line":150,"column":14},"end":{"line":162,"column":26}}],"line":135},"15":{"loc":{"start":{"line":140,"column":36},"end":{"line":140,"column":75}},"type":"cond-expr","locations":[{"start":{"line":140,"column":46},"end":{"line":140,"column":55}},{"start":{"line":140,"column":58},"end":{"line":140,"column":75}}],"line":140},"16":{"loc":{"start":{"line":218,"column":18},"end":{"line":218,"column":63}},"type":"binary-expr","locations":[{"start":{"line":218,"column":18},"end":{"line":218,"column":34}},{"start":{"line":218,"column":38},"end":{"line":218,"column":63}}],"line":218},"17":{"loc":{"start":{"line":219,"column":18},"end":{"line":219,"column":43}},"type":"binary-expr","locations":[{"start":{"line":219,"column":18},"end":{"line":219,"column":25}},{"start":{"line":219,"column":29},"end":{"line":219,"column":43}}],"line":219},"18":{"loc":{"start":{"line":228,"column":13},"end":{"line":243,"column":20}},"type":"cond-expr","locations":[{"start":{"line":229,"column":14},"end":{"line":242,"column":26}},{"start":{"line":243,"column":16},"end":{"line":243,"column":20}}],"line":228}},"s":{"0":0,"1":0,"2":0,"3":0,"4":0,"5":0,"6":0,"7":0,"8":0,"9":0,"10":0,"11":0,"12":0,"13":0,"14":0,"15":0,"16":0,"17":0,"18":0,"19":0,"20":0,"21":0,"22":0,"23":0,"24":0,"25":0,"26":0,"27":0,"28":0,"29":0,"30":0,"31":0,"32":0,"33":0,"34":0,"35":0,"36":0,"37":0,"38":0,"39":0,"40":0,"41":0,"42":0,"43":0,"44":0,"45":0,"46":0,"47":0,"48":0,"49":0,"50":0,"51":0,"52":0,"53":0,"54":0,"55":0,"56":0,"57":0,"58":0,"59":0,"60":0,"61":0,"62":0,"63":0,"64":0,"65":0,"66":0,"67":0,"68":0,"69":0,"70":0,"71":0,"72":0,"73":0,"74":0,"75":0,"76":0,"77":0},"f":{"0":0,"1":0,"2":0,"3":0,"4":0,"5":0,"6":0,"7":0,"8":0,"9":0,"10":0,"11":0},"b":{"0":[0,0],"1":[0,0],"2":[0,0],"3":[0,0],"4":[0,0],"5":[0,0],"6":[0,0],"7":[0,0],"8":[0,0],"9":[0,0],"10":[0,0],"11":[0,0],"12":[0,0],"13":[0,0],"14":[0,0],"15":[0,0],"16":[0,0],"17":[0,0],"18":[0,0]}}
,"C:\\Users\\Daniel\\Documents\\GitHub\\tour translation app\\src\\app\\settings.tsx": {"path":"C:\\Users\\Daniel\\Documents\\GitHub\\tour translation app\\src\\app\\settings.tsx","statementMap":{"0":{"start":{"line":23,"column":17},"end":{"line":23,"column":28}},"1":{"start":{"line":24,"column":39},"end":{"line":24,"column":59}},"2":{"start":{"line":25,"column":36},"end":{"line":25,"column":64}},"3":{"start":{"line":26,"column":30},"end":{"line":26,"column":61}},"4":{"start":{"line":27,"column":38},"end":{"line":27,"column":67}},"5":{"start":{"line":28,"column":36},"end":{"line":28,"column":74}},"6":{"start":{"line":29,"column":44},"end":{"line":29,"column":90}},"7":{"start":{"line":30,"column":38},"end":{"line":30,"column":53}},"8":{"start":{"line":31,"column":54},"end":{"line":31,"column":84}},"9":{"start":{"line":33,"column":2},"end":{"line":41,"column":9}},"10":{"start":{"line":34,"column":4},"end":{"line":40,"column":5}},"11":{"start":{"line":35,"column":6},"end":{"line":39,"column":9}},"12":{"start":{"line":36,"column":8},"end":{"line":38,"column":11}},"13":{"start":{"line":37,"column":10},"end":{"line":37,"column":41}},"14":{"start":{"line":43,"column":36},"end":{"line":62,"column":3}},"15":{"start":{"line":44,"column":4},"end":{"line":61,"column":5}},"16":{"start":{"line":45,"column":6},"end":{"line":60,"column":7}},"17":{"start":{"line":46,"column":31},"end":{"line":46,"column":67}},"18":{"start":{"line":47,"column":8},"end":{"line":49,"column":10}},"19":{"start":{"line":51,"column":8},"end":{"line":57,"column":17}},"20":{"start":{"line":52,"column":10},"end":{"line":56,"column":13}},"21":{"start":{"line":53,"column":12},"end":{"line":55,"column":15}},"22":{"start":{"line":54,"column":14},"end":{"line":54,"column":45}},"23":{"start":{"line":59,"column":8},"end":{"line":59,"column":64}},"24":{"start":{"line":64,"column":21},"end":{"line":72,"column":3}},"25":{"start":{"line":65,"column":4},"end":{"line":71,"column":7}},"26":{"start":{"line":74,"column":21},"end":{"line":74,"column":114}},"27":{"start":{"line":75,"column":18},"end":{"line":75,"column":58}},"28":{"start":{"line":77,"column":2},"end":{"line":274,"column":4}},"29":{"start":{"line":90,"column":38},"end":{"line":90,"column":51}},"30":{"start":{"line":151,"column":31},"end":{"line":151,"column":57}},"31":{"start":{"line":184,"column":18},"end":{"line":205,"column":20}},"32":{"start":{"line":193,"column":26},"end":{"line":193,"column":44}},"33":{"start":{"line":194,"column":26},"end":{"line":200,"column":29}},"34":{"start":{"line":201,"column":26},"end":{"line":201,"column":54}},"35":{"start":{"line":225,"column":18},"end":{"line":225,"column":40}},"36":{"start":{"line":226,"column":18},"end":{"line":233,"column":21}},"37":{"start":{"line":277,"column":15},"end":{"line":396,"column":2}}},"fnMap":{"0":{"name":"SettingsScreen","decl":{"start":{"line":22,"column":24},"end":{"line":22,"column":38}},"loc":{"start":{"line":22,"column":41},"end":{"line":275,"column":1}},"line":22},"1":{"name":"(anonymous_1)","decl":{"start":{"line":33,"column":12},"end":{"line":33,"column":13}},"loc":{"start":{"line":33,"column":18},"end":{"line":41,"column":3}},"line":33},"2":{"name":"(anonymous_2)","decl":{"start":{"line":35,"column":34},"end":{"line":35,"column":35}},"loc":{"start":{"line":35,"column":47},"end":{"line":39,"column":7}},"line":35},"3":{"name":"(anonymous_3)","decl":{"start":{"line":36,"column":57},"end":{"line":36,"column":58}},"loc":{"start":{"line":36,"column":70},"end":{"line":38,"column":9}},"line":36},"4":{"name":"(anonymous_4)","decl":{"start":{"line":43,"column":36},"end":{"line":43,"column":37}},"loc":{"start":{"line":43,"column":48},"end":{"line":62,"column":3}},"line":43},"5":{"name":"(anonymous_5)","decl":{"start":{"line":51,"column":19},"end":{"line":51,"column":20}},"loc":{"start":{"line":51,"column":25},"end":{"line":57,"column":9}},"line":51},"6":{"name":"(anonymous_6)","decl":{"start":{"line":52,"column":38},"end":{"line":52,"column":39}},"loc":{"start":{"line":52,"column":51},"end":{"line":56,"column":11}},"line":52},"7":{"name":"(anonymous_7)","decl":{"start":{"line":53,"column":61},"end":{"line":53,"column":62}},"loc":{"start":{"line":53,"column":74},"end":{"line":55,"column":13}},"line":53},"8":{"name":"(anonymous_8)","decl":{"start":{"line":64,"column":21},"end":{"line":64,"column":22}},"loc":{"start":{"line":64,"column":27},"end":{"line":72,"column":3}},"line":64},"9":{"name":"(anonymous_9)","decl":{"start":{"line":90,"column":32},"end":{"line":90,"column":33}},"loc":{"start":{"line":90,"column":38},"end":{"line":90,"column":51}},"line":90},"10":{"name":"(anonymous_10)","decl":{"start":{"line":151,"column":25},"end":{"line":151,"column":26}},"loc":{"start":{"line":151,"column":31},"end":{"line":151,"column":57}},"line":151},"11":{"name":"(anonymous_11)","decl":{"start":{"line":183,"column":31},"end":{"line":183,"column":32}},"loc":{"start":{"line":183,"column":40},"end":{"line":206,"column":17}},"line":183},"12":{"name":"(anonymous_12)","decl":{"start":{"line":192,"column":33},"end":{"line":192,"column":34}},"loc":{"start":{"line":192,"column":45},"end":{"line":202,"column":25}},"line":192},"13":{"name":"(anonymous_13)","decl":{"start":{"line":224,"column":31},"end":{"line":224,"column":32}},"loc":{"start":{"line":224,"column":40},"end":{"line":234,"column":17}},"line":224}},"branchMap":{"0":{"loc":{"start":{"line":29,"column":53},"end":{"line":29,"column":89}},"type":"binary-expr","locations":[{"start":{"line":29,"column":53},"end":{"line":29,"column":81}},{"start":{"line":29,"column":85},"end":{"line":29,"column":89}}],"line":29},"1":{"loc":{"start":{"line":34,"column":4},"end":{"line":40,"column":5}},"type":"if","locations":[{"start":{"line":34,"column":4},"end":{"line":40,"column":5}},{"start":{},"end":{}}],"line":34},"2":{"loc":{"start":{"line":44,"column":4},"end":{"line":61,"column":5}},"type":"if","locations":[{"start":{"line":44,"column":4},"end":{"line":61,"column":5}},{"start":{},"end":{}}],"line":44},"3":{"loc":{"start":{"line":68,"column":18},"end":{"line":68,"column":56}},"type":"binary-expr","locations":[{"start":{"line":68,"column":18},"end":{"line":68,"column":35}},{"start":{"line":68,"column":39},"end":{"line":68,"column":56}}],"line":68},"4":{"loc":{"start":{"line":74,"column":21},"end":{"line":74,"column":114}},"type":"binary-expr","locations":[{"start":{"line":74,"column":21},"end":{"line":74,"column":50}},{"start":{"line":74,"column":54},"end":{"line":74,"column":80}},{"start":{"line":74,"column":84},"end":{"line":74,"column":103}},{"start":{"line":74,"column":107},"end":{"line":74,"column":114}}],"line":74},"5":{"loc":{"start":{"line":75,"column":18},"end":{"line":75,"column":58}},"type":"binary-expr","locations":[{"start":{"line":75,"column":18},"end":{"line":75,"column":44}},{"start":{"line":75,"column":48},"end":{"line":75,"column":58}}],"line":75},"6":{"loc":{"start":{"line":81,"column":18},"end":{"line":81,"column":63}},"type":"cond-expr","locations":[{"start":{"line":81,"column":42},"end":{"line":81,"column":51}},{"start":{"line":81,"column":54},"end":{"line":81,"column":63}}],"line":81},"7":{"loc":{"start":{"line":154,"column":46},"end":{"line":154,"column":71}},"type":"cond-expr","locations":[{"start":{"line":154,"column":59},"end":{"line":154,"column":63}},{"start":{"line":154,"column":66},"end":{"line":154,"column":71}}],"line":154},"8":{"loc":{"start":{"line":157,"column":13},"end":{"line":169,"column":13}},"type":"cond-expr","locations":[{"start":{"line":158,"column":14},"end":{"line":161,"column":21}},{"start":{"line":163,"column":14},"end":{"line":168,"column":21}}],"line":157},"9":{"loc":{"start":{"line":197,"column":40},"end":{"line":197,"column":78}},"type":"binary-expr","locations":[{"start":{"line":197,"column":40},"end":{"line":197,"column":57}},{"start":{"line":197,"column":61},"end":{"line":197,"column":78}}],"line":197},"10":{"loc":{"start":{"line":229,"column":32},"end":{"line":229,"column":70}},"type":"binary-expr","locations":[{"start":{"line":229,"column":32},"end":{"line":229,"column":49}},{"start":{"line":229,"column":53},"end":{"line":229,"column":70}}],"line":229},"11":{"loc":{"start":{"line":242,"column":11},"end":{"line":260,"column":11}},"type":"binary-expr","locations":[{"start":{"line":242,"column":11},"end":{"line":242,"column":36}},{"start":{"line":243,"column":12},"end":{"line":259,"column":24}}],"line":242},"12":{"loc":{"start":{"line":248,"column":21},"end":{"line":250,"column":79}},"type":"cond-expr","locations":[{"start":{"line":249,"column":24},"end":{"line":249,"column":86}},{"start":{"line":250,"column":24},"end":{"line":250,"column":79}}],"line":248},"13":{"loc":{"start":{"line":253,"column":17},"end":{"line":257,"column":17}},"type":"binary-expr","locations":[{"start":{"line":253,"column":17},"end":{"line":253,"column":45}},{"start":{"line":254,"column":18},"end":{"line":256,"column":30}}],"line":253}},"s":{"0":0,"1":0,"2":0,"3":0,"4":0,"5":0,"6":0,"7":0,"8":0,"9":0,"10":0,"11":0,"12":0,"13":0,"14":0,"15":0,"16":0,"17":0,"18":0,"19":0,"20":0,"21":0,"22":0,"23":0,"24":0,"25":0,"26":0,"27":0,"28":0,"29":0,"30":0,"31":0,"32":0,"33":0,"34":0,"35":0,"36":0,"37":0},"f":{"0":0,"1":0,"2":0,"3":0,"4":0,"5":0,"6":0,"7":0,"8":0,"9":0,"10":0,"11":0,"12":0,"13":0},"b":{"0":[0,0],"1":[0,0],"2":[0,0],"3":[0,0],"4":[0,0,0,0],"5":[0,0],"6":[0,0],"7":[0,0],"8":[0,0],"9":[0,0],"10":[0,0],"11":[0,0],"12":[0,0],"13":[0,0]}}
,"C:\\Users\\Daniel\\Documents\\GitHub\\tour translation app\\src\\app\\stream.tsx": {"path":"C:\\Users\\Daniel\\Documents\\GitHub\\tour translation app\\src\\app\\stream.tsx","statementMap":{"0":{"start":{"line":26,"column":32},"end":{"line":26,"column":56}},"1":{"start":{"line":27,"column":22},"end":{"line":27,"column":56}},"2":{"start":{"line":30,"column":17},"end":{"line":30,"column":28}},"3":{"start":{"line":31,"column":23},"end":{"line":31,"column":43}},"4":{"start":{"line":32,"column":23},"end":{"line":32,"column":67}},"5":{"start":{"line":45,"column":6},"end":{"line":45,"column":19}},"6":{"start":{"line":47,"column":22},"end":{"line":47,"column":59}},"7":{"start":{"line":47,"column":37},"end":{"line":47,"column":58}},"8":{"start":{"line":48,"column":22},"end":{"line":48,"column":59}},"9":{"start":{"line":48,"column":37},"end":{"line":48,"column":58}},"10":{"start":{"line":50,"column":43},"end":{"line":50,"column":60}},"11":{"start":{"line":52,"column":2},"end":{"line":56,"column":82}},"12":{"start":{"line":53,"column":4},"end":{"line":55,"column":7}},"13":{"start":{"line":58,"column":19},"end":{"line":58,"column":34}},"14":{"start":{"line":59,"column":2},"end":{"line":64,"column":31}},"15":{"start":{"line":60,"column":4},"end":{"line":63,"column":5}},"16":{"start":{"line":61,"column":6},"end":{"line":61,"column":50}},"17":{"start":{"line":62,"column":6},"end":{"line":62,"column":33}},"18":{"start":{"line":66,"column":22},"end":{"line":66,"column":41}},"19":{"start":{"line":67,"column":2},"end":{"line":72,"column":35}},"20":{"start":{"line":68,"column":4},"end":{"line":71,"column":5}},"21":{"start":{"line":69,"column":6},"end":{"line":69,"column":58}},"22":{"start":{"line":70,"column":6},"end":{"line":70,"column":40}},"23":{"start":{"line":74,"column":56},"end":{"line":74,"column":71}},"24":{"start":{"line":77,"column":2},"end":{"line":100,"column":37}},"25":{"start":{"line":78,"column":4},"end":{"line":99,"column":5}},"26":{"start":{"line":79,"column":24},"end":{"line":91,"column":7}},"27":{"start":{"line":81,"column":8},"end":{"line":88,"column":11}},"28":{"start":{"line":89,"column":8},"end":{"line":89,"column":47}},"29":{"start":{"line":90,"column":8},"end":{"line":90,"column":37}},"30":{"start":{"line":92,"column":6},"end":{"line":92,"column":18}},"31":{"start":{"line":93,"column":6},"end":{"line":96,"column":8}},"32":{"start":{"line":94,"column":8},"end":{"line":94,"column":40}},"33":{"start":{"line":95,"column":8},"end":{"line":95,"column":38}},"34":{"start":{"line":98,"column":6},"end":{"line":98,"column":35}},"35":{"start":{"line":103,"column":2},"end":{"line":120,"column":17}},"36":{"start":{"line":104,"column":18},"end":{"line":104,"column":22}},"37":{"start":{"line":105,"column":4},"end":{"line":114,"column":5}},"38":{"start":{"line":106,"column":6},"end":{"line":106,"column":75}},"39":{"start":{"line":107,"column":6},"end":{"line":113,"column":9}},"40":{"start":{"line":108,"column":8},"end":{"line":108,"column":29}},"41":{"start":{"line":108,"column":22},"end":{"line":108,"column":29}},"42":{"start":{"line":109,"column":8},"end":{"line":109,"column":70}},"43":{"start":{"line":110,"column":8},"end":{"line":112,"column":11}},"44":{"start":{"line":111,"column":39},"end":{"line":111,"column":95}},"45":{"start":{"line":115,"column":4},"end":{"line":118,"column":6}},"46":{"start":{"line":116,"column":6},"end":{"line":116,"column":22}},"47":{"start":{"line":117,"column":6},"end":{"line":117,"column":19}},"48":{"start":{"line":123,"column":2},"end":{"line":146,"column":40}},"49":{"start":{"line":124,"column":4},"end":{"line":145,"column":5}},"50":{"start":{"line":125,"column":20},"end":{"line":140,"column":7}},"51":{"start":{"line":141,"column":6},"end":{"line":141,"column":20}},"52":{"start":{"line":142,"column":6},"end":{"line":142,"column":32}},"53":{"start":{"line":142,"column":19},"end":{"line":142,"column":31}},"54":{"start":{"line":144,"column":6},"end":{"line":144,"column":28}},"55":{"start":{"line":148,"column":26},"end":{"line":164,"column":3}},"56":{"start":{"line":150,"column":4},"end":{"line":162,"column":15}},"57":{"start":{"line":163,"column":4},"end":{"line":163,"column":17}},"58":{"start":{"line":166,"column":27},"end":{"line":187,"column":3}},"59":{"start":{"line":167,"column":4},"end":{"line":186,"column":6}},"60":{"start":{"line":176,"column":12},"end":{"line":176,"column":60}},"61":{"start":{"line":177,"column":12},"end":{"line":177,"column":25}},"62":{"start":{"line":178,"column":12},"end":{"line":182,"column":13}},"63":{"start":{"line":179,"column":14},"end":{"line":179,"column":28}},"64":{"start":{"line":181,"column":14},"end":{"line":181,"column":34}},"65":{"start":{"line":189,"column":27},"end":{"line":193,"column":20}},"66":{"start":{"line":195,"column":2},"end":{"line":205,"column":3}},"67":{"start":{"line":196,"column":4},"end":{"line":204,"column":5}},"68":{"start":{"line":197,"column":6},"end":{"line":203,"column":8}},"69":{"start":{"line":208,"column":4},"end":{"line":221,"column":6}},"70":{"start":{"line":224,"column":2},"end":{"line":226,"column":3}},"71":{"start":{"line":225,"column":4},"end":{"line":225,"column":19}},"72":{"start":{"line":228,"column":2},"end":{"line":238,"column":4}},"73":{"start":{"line":243,"column":2},"end":{"line":247,"column":3}},"74":{"start":{"line":244,"column":4},"end":{"line":246,"column":7}},"75":{"start":{"line":249,"column":2},"end":{"line":249,"column":45}},"76":{"start":{"line":253,"column":15},"end":{"line":253,"column":31}},"77":{"start":{"line":254,"column":66},"end":{"line":254,"column":71}},"78":{"start":{"line":255,"column":52},"end":{"line":255,"column":69}},"79":{"start":{"line":257,"column":2},"end":{"line":266,"column":13}},"80":{"start":{"line":258,"column":21},"end":{"line":264,"column":11}},"81":{"start":{"line":259,"column":21},"end":{"line":259,"column":22}},"82":{"start":{"line":260,"column":6},"end":{"line":262,"column":9}},"83":{"start":{"line":261,"column":8},"end":{"line":261,"column":61}},"84":{"start":{"line":261,"column":37},"end":{"line":261,"column":61}},"85":{"start":{"line":263,"column":6},"end":{"line":263,"column":54}},"86":{"start":{"line":265,"column":4},"end":{"line":265,"column":41}},"87":{"start":{"line":265,"column":17},"end":{"line":265,"column":40}},"88":{"start":{"line":268,"column":2},"end":{"line":286,"column":22}},"89":{"start":{"line":269,"column":22},"end":{"line":275,"column":5}},"90":{"start":{"line":270,"column":6},"end":{"line":274,"column":9}},"91":{"start":{"line":271,"column":8},"end":{"line":273,"column":11}},"92":{"start":{"line":272,"column":10},"end":{"line":272,"column":38}},"93":{"start":{"line":277,"column":4},"end":{"line":277,"column":16}},"94":{"start":{"line":279,"column":4},"end":{"line":279,"column":49}},"95":{"start":{"line":280,"column":4},"end":{"line":280,"column":50}},"96":{"start":{"line":282,"column":4},"end":{"line":285,"column":6}},"97":{"start":{"line":283,"column":6},"end":{"line":283,"column":52}},"98":{"start":{"line":284,"column":6},"end":{"line":284,"column":53}},"99":{"start":{"line":288,"column":17},"end":{"line":288,"column":32}},"100":{"start":{"line":291,"column":2},"end":{"line":305,"column":22}},"101":{"start":{"line":292,"column":23},"end":{"line":300,"column":5}},"102":{"start":{"line":293,"column":6},"end":{"line":299,"column":7}},"103":{"start":{"line":294,"column":27},"end":{"line":294,"column":43}},"104":{"start":{"line":296,"column":8},"end":{"line":296,"column":60}},"105":{"start":{"line":298,"column":8},"end":{"line":298,"column":79}},"106":{"start":{"line":301,"column":4},"end":{"line":301,"column":48}},"107":{"start":{"line":302,"column":4},"end":{"line":304,"column":6}},"108":{"start":{"line":303,"column":6},"end":{"line":303,"column":51}},"109":{"start":{"line":308,"column":27},"end":{"line":315,"column":3}},"110":{"start":{"line":309,"column":4},"end":{"line":313,"column":5}},"111":{"start":{"line":310,"column":6},"end":{"line":310,"column":30}},"112":{"start":{"line":312,"column":6},"end":{"line":312,"column":58}},"113":{"start":{"line":314,"column":4},"end":{"line":314,"column":31}},"114":{"start":{"line":317,"column":2},"end":{"line":322,"column":13}},"115":{"start":{"line":319,"column":4},"end":{"line":321,"column":6}},"116":{"start":{"line":320,"column":6},"end":{"line":320,"column":90}},"117":{"start":{"line":320,"column":37},"end":{"line":320,"column":88}},"118":{"start":{"line":324,"column":2},"end":{"line":324,"column":140}},"119":{"start":{"line":340,"column":2},"end":{"line":427,"column":4}},"120":{"start":{"line":417,"column":36},"end":{"line":420,"column":13}},"121":{"start":{"line":430,"column":15},"end":{"line":542,"column":2}}},"fnMap":{"0":{"name":"StreamScreen","decl":{"start":{"line":29,"column":24},"end":{"line":29,"column":36}},"loc":{"start":{"line":29,"column":39},"end":{"line":239,"column":1}},"line":29},"1":{"name":"(anonymous_1)","decl":{"start":{"line":47,"column":31},"end":{"line":47,"column":32}},"loc":{"start":{"line":47,"column":37},"end":{"line":47,"column":58}},"line":47},"2":{"name":"(anonymous_2)","decl":{"start":{"line":48,"column":31},"end":{"line":48,"column":32}},"loc":{"start":{"line":48,"column":37},"end":{"line":48,"column":58}},"line":48},"3":{"name":"(anonymous_3)","decl":{"start":{"line":52,"column":12},"end":{"line":52,"column":13}},"loc":{"start":{"line":52,"column":18},"end":{"line":56,"column":3}},"line":52},"4":{"name":"(anonymous_4)","decl":{"start":{"line":59,"column":12},"end":{"line":59,"column":13}},"loc":{"start":{"line":59,"column":18},"end":{"line":64,"column":3}},"line":59},"5":{"name":"(anonymous_5)","decl":{"start":{"line":67,"column":12},"end":{"line":67,"column":13}},"loc":{"start":{"line":67,"column":18},"end":{"line":72,"column":3}},"line":67},"6":{"name":"(anonymous_6)","decl":{"start":{"line":77,"column":12},"end":{"line":77,"column":13}},"loc":{"start":{"line":77,"column":18},"end":{"line":100,"column":3}},"line":77},"7":{"name":"(anonymous_7)","decl":{"start":{"line":79,"column":24},"end":{"line":79,"column":25}},"loc":{"start":{"line":79,"column":36},"end":{"line":91,"column":7}},"line":79},"8":{"name":"(anonymous_8)","decl":{"start":{"line":93,"column":13},"end":{"line":93,"column":14}},"loc":{"start":{"line":93,"column":19},"end":{"line":96,"column":7}},"line":93},"9":{"name":"(anonymous_9)","decl":{"start":{"line":103,"column":12},"end":{"line":103,"column":13}},"loc":{"start":{"line":103,"column":18},"end":{"line":120,"column":3}},"line":103},"10":{"name":"(anonymous_10)","decl":{"start":{"line":107,"column":40},"end":{"line":107,"column":41}},"loc":{"start":{"line":107,"column":51},"end":{"line":113,"column":7}},"line":107},"11":{"name":"(anonymous_11)","decl":{"start":{"line":111,"column":33},"end":{"line":111,"column":34}},"loc":{"start":{"line":111,"column":39},"end":{"line":111,"column":95}},"line":111},"12":{"name":"(anonymous_12)","decl":{"start":{"line":115,"column":11},"end":{"line":115,"column":12}},"loc":{"start":{"line":115,"column":17},"end":{"line":118,"column":5}},"line":115},"13":{"name":"(anonymous_13)","decl":{"start":{"line":123,"column":12},"end":{"line":123,"column":13}},"loc":{"start":{"line":123,"column":18},"end":{"line":146,"column":3}},"line":123},"14":{"name":"(anonymous_14)","decl":{"start":{"line":142,"column":13},"end":{"line":142,"column":14}},"loc":{"start":{"line":142,"column":19},"end":{"line":142,"column":31}},"line":142},"15":{"name":"(anonymous_15)","decl":{"start":{"line":148,"column":26},"end":{"line":148,"column":27}},"loc":{"start":{"line":148,"column":32},"end":{"line":164,"column":3}},"line":148},"16":{"name":"(anonymous_16)","decl":{"start":{"line":166,"column":27},"end":{"line":166,"column":28}},"loc":{"start":{"line":166,"column":33},"end":{"line":187,"column":3}},"line":166},"17":{"name":"(anonymous_17)","decl":{"start":{"line":175,"column":19},"end":{"line":175,"column":20}},"loc":{"start":{"line":175,"column":25},"end":{"line":183,"column":11}},"line":175},"18":{"name":"StreamContent","decl":{"start":{"line":241,"column":9},"end":{"line":241,"column":22}},"loc":{"start":{"line":241,"column":35},"end":{"line":250,"column":1}},"line":241},"19":{"name":"StreamContentLiveKit","decl":{"start":{"line":252,"column":9},"end":{"line":252,"column":29}},"loc":{"start":{"line":252,"column":42},"end":{"line":325,"column":1}},"line":252},"20":{"name":"(anonymous_20)","decl":{"start":{"line":257,"column":12},"end":{"line":257,"column":13}},"loc":{"start":{"line":257,"column":18},"end":{"line":266,"column":3}},"line":257},"21":{"name":"(anonymous_21)","decl":{"start":{"line":258,"column":33},"end":{"line":258,"column":34}},"loc":{"start":{"line":258,"column":39},"end":{"line":264,"column":5}},"line":258},"22":{"name":"(anonymous_22)","decl":{"start":{"line":260,"column":38},"end":{"line":260,"column":39}},"loc":{"start":{"line":260,"column":43},"end":{"line":262,"column":7}},"line":260},"23":{"name":"(anonymous_23)","decl":{"start":{"line":265,"column":11},"end":{"line":265,"column":12}},"loc":{"start":{"line":265,"column":17},"end":{"line":265,"column":40}},"line":265},"24":{"name":"(anonymous_24)","decl":{"start":{"line":268,"column":12},"end":{"line":268,"column":13}},"loc":{"start":{"line":268,"column":18},"end":{"line":286,"column":3}},"line":268},"25":{"name":"(anonymous_25)","decl":{"start":{"line":269,"column":22},"end":{"line":269,"column":23}},"loc":{"start":{"line":269,"column":28},"end":{"line":275,"column":5}},"line":269},"26":{"name":"(anonymous_26)","decl":{"start":{"line":270,"column":38},"end":{"line":270,"column":39}},"loc":{"start":{"line":270,"column":43},"end":{"line":274,"column":7}},"line":270},"27":{"name":"(anonymous_27)","decl":{"start":{"line":271,"column":41},"end":{"line":271,"column":42}},"loc":{"start":{"line":271,"column":48},"end":{"line":273,"column":9}},"line":271},"28":{"name":"(anonymous_28)","decl":{"start":{"line":282,"column":11},"end":{"line":282,"column":12}},"loc":{"start":{"line":282,"column":17},"end":{"line":285,"column":5}},"line":282},"29":{"name":"(anonymous_29)","decl":{"start":{"line":291,"column":12},"end":{"line":291,"column":13}},"loc":{"start":{"line":291,"column":18},"end":{"line":305,"column":3}},"line":291},"30":{"name":"(anonymous_30)","decl":{"start":{"line":292,"column":23},"end":{"line":292,"column":24}},"loc":{"start":{"line":292,"column":95},"end":{"line":300,"column":5}},"line":292},"31":{"name":"(anonymous_31)","decl":{"start":{"line":302,"column":11},"end":{"line":302,"column":12}},"loc":{"start":{"line":302,"column":17},"end":{"line":304,"column":5}},"line":302},"32":{"name":"(anonymous_32)","decl":{"start":{"line":308,"column":27},"end":{"line":308,"column":28}},"loc":{"start":{"line":308,"column":39},"end":{"line":315,"column":3}},"line":308},"33":{"name":"(anonymous_33)","decl":{"start":{"line":317,"column":12},"end":{"line":317,"column":13}},"loc":{"start":{"line":317,"column":18},"end":{"line":322,"column":3}},"line":317},"34":{"name":"(anonymous_34)","decl":{"start":{"line":319,"column":11},"end":{"line":319,"column":12}},"loc":{"start":{"line":319,"column":17},"end":{"line":321,"column":5}},"line":319},"35":{"name":"(anonymous_35)","decl":{"start":{"line":320,"column":30},"end":{"line":320,"column":31}},"loc":{"start":{"line":320,"column":37},"end":{"line":320,"column":88}},"line":320},"36":{"name":"StreamContentUI","decl":{"start":{"line":327,"column":9},"end":{"line":327,"column":24}},"loc":{"start":{"line":339,"column":8},"end":{"line":428,"column":1}},"line":339},"37":{"name":"(anonymous_37)","decl":{"start":{"line":417,"column":19},"end":{"line":417,"column":20}},"loc":{"start":{"line":417,"column":36},"end":{"line":420,"column":13}},"line":417}},"branchMap":{"0":{"loc":{"start":{"line":60,"column":4},"end":{"line":63,"column":5}},"type":"if","locations":[{"start":{"line":60,"column":4},"end":{"line":63,"column":5}},{"start":{},"end":{}}],"line":60},"1":{"loc":{"start":{"line":68,"column":4},"end":{"line":71,"column":5}},"type":"if","locations":[{"start":{"line":68,"column":4},"end":{"line":71,"column":5}},{"start":{},"end":{}}],"line":68},"2":{"loc":{"start":{"line":78,"column":4},"end":{"line":99,"column":5}},"type":"if","locations":[{"start":{"line":78,"column":4},"end":{"line":99,"column":5}},{"start":{"line":97,"column":11},"end":{"line":99,"column":5}}],"line":78},"3":{"loc":{"start":{"line":105,"column":4},"end":{"line":114,"column":5}},"type":"if","locations":[{"start":{"line":105,"column":4},"end":{"line":114,"column":5}},{"start":{},"end":{}}],"line":105},"4":{"loc":{"start":{"line":108,"column":8},"end":{"line":108,"column":29}},"type":"if","locations":[{"start":{"line":108,"column":8},"end":{"line":108,"column":29}},{"start":{},"end":{}}],"line":108},"5":{"loc":{"start":{"line":110,"column":40},"end":{"line":110,"column":84}},"type":"binary-expr","locations":[{"start":{"line":110,"column":40},"end":{"line":110,"column":53}},{"start":{"line":110,"column":57},"end":{"line":110,"column":84}}],"line":110},"6":{"loc":{"start":{"line":111,"column":3
[...]
:204,"column":3}},"loc":{"start":{"line":204,"column":39},"end":{"line":208,"column":3}},"line":204},"27":{"name":"(anonymous_27)","decl":{"start":{"line":210,"column":2},"end":{"line":210,"column":3}},"loc":{"start":{"line":210,"column":65},"end":{"line":214,"column":3}},"line":210},"28":{"name":"(anonymous_28)","decl":{"start":{"line":216,"column":2},"end":{"line":216,"column":3}},"loc":{"start":{"line":216,"column":28},"end":{"line":223,"column":3}},"line":216},"29":{"name":"(anonymous_29)","decl":{"start":{"line":225,"column":2},"end":{"line":225,"column":3}},"loc":{"start":{"line":225,"column":39},"end":{"line":229,"column":3}},"line":225},"30":{"name":"(anonymous_30)","decl":{"start":{"line":231,"column":2},"end":{"line":231,"column":3}},"loc":{"start":{"line":231,"column":110},"end":{"line":235,"column":3}},"line":231},"31":{"name":"(anonymous_31)","decl":{"start":{"line":237,"column":2},"end":{"line":237,"column":3}},"loc":{"start":{"line":237,"column":118},"end":{"line":246,"column":3}},"line":237},"32":{"name":"(anonymous_32)","decl":{"start":{"line":238,"column":23},"end":{"line":238,"column":24}},"loc":{"start":{"line":238,"column":44},"end":{"line":245,"column":5}},"line":238},"33":{"name":"(anonymous_33)","decl":{"start":{"line":240,"column":33},"end":{"line":240,"column":34}},"loc":{"start":{"line":240,"column":39},"end":{"line":240,"column":84}},"line":240},"34":{"name":"(anonymous_34)","decl":{"start":{"line":241,"column":55},"end":{"line":241,"column":56}},"loc":{"start":{"line":241,"column":144},"end":{"line":244,"column":7}},"line":241},"35":{"name":"(anonymous_35)","decl":{"start":{"line":248,"column":2},"end":{"line":248,"column":3}},"loc":{"start":{"line":248,"column":25},"end":{"line":250,"column":3}},"line":248},"36":{"name":"(anonymous_36)","decl":{"start":{"line":252,"column":2},"end":{"line":252,"column":3}},"loc":{"start":{"line":252,"column":27},"end":{"line":256,"column":3}},"line":252}},"branchMap":{"0":{"loc":{"start":{"line":24,"column":4},"end":{"line":26,"column":5}},"type":"if","locations":[{"start":{"line":24,"column":4},"end":{"line":26,"column":5}},{"start":{},"end":{}}],"line":24},"1":{"loc":{"start":{"line":47,"column":6},"end":{"line":58,"column":7}},"type":"if","locations":[{"start":{"line":47,"column":6},"end":{"line":58,"column":7}},{"start":{"line":52,"column":13},"end":{"line":58,"column":7}}],"line":47},"2":{"loc":{"start":{"line":47,"column":10},"end":{"line":47,"column":49}},"type":"binary-expr","locations":[{"start":{"line":47,"column":10},"end":{"line":47,"column":25}},{"start":{"line":47,"column":29},"end":{"line":47,"column":49}}],"line":47},"3":{"loc":{"start":{"line":52,"column":13},"end":{"line":58,"column":7}},"type":"if","locations":[{"start":{"line":52,"column":13},"end":{"line":58,"column":7}},{"start":{},"end":{}}],"line":52},"4":{"loc":{"start":{"line":52,"column":17},"end":{"line":52,"column":83}},"type":"binary-expr","locations":[{"start":{"line":52,"column":17},"end":{"line":52,"column":33}},{"start":{"line":52,"column":37},"end":{"line":52,"column":57}},{"start":{"line":52,"column":61},"end":{"line":52,"column":83}}],"line":52},"5":{"loc":{"start":{"line":66,"column":6},"end":{"line":68,"column":7}},"type":"if","locations":[{"start":{"line":66,"column":6},"end":{"line":68,"column":7}},{"start":{},"end":{}}],"line":66},"6":{"loc":{"start":{"line":66,"column":10},"end":{"line":66,"column":46}},"type":"binary-expr","locations":[{"start":{"line":66,"column":10},"end":{"line":66,"column":21}},{"start":{"line":66,"column":25},"end":{"line":66,"column":46}}],"line":66},"7":{"loc":{"start":{"line":73,"column":4},"end":{"line":76,"column":5}},"type":"if","locations":[{"start":{"line":73,"column":4},"end":{"line":76,"column":5}},{"start":{},"end":{}}],"line":73},"8":{"loc":{"start":{"line":81,"column":4},"end":{"line":84,"column":5}},"type":"if","locations":[{"start":{"line":81,"column":4},"end":{"line":84,"column":5}},{"start":{},"end":{}}],"line":81},"9":{"loc":{"start":{"line":95,"column":6},"end":{"line":95,"column":73}},"type":"if","locations":[{"start":{"line":95,"column":6},"end":{"line":95,"column":73}},{"start":{},"end":{}}],"line":95},"10":{"loc":{"start":{"line":100,"column":22},"end":{"line":100,"column":55}},"type":"binary-expr","locations":[{"start":{"line":100,"column":22},"end":{"line":100,"column":43}},{"start":{"line":100,"column":47},"end":{"line":100,"column":55}}],"line":100},"11":{"loc":{"start":{"line":104,"column":8},"end":{"line":112,"column":9}},"type":"if","locations":[{"start":{"line":104,"column":8},"end":{"line":112,"column":9}},{"start":{"line":110,"column":15},"end":{"line":112,"column":9}}],"line":104},"12":{"loc":{"start":{"line":106,"column":37},"end":{"line":106,"column":70}},"type":"binary-expr","locations":[{"start":{"line":106,"column":37},"end":{"line":106,"column":58}},{"start":{"line":106,"column":62},"end":{"line":106,"column":70}}],"line":106},"13":{"loc":{"start":{"line":111,"column":27},"end":{"line":111,"column":68}},"type":"binary-expr","locations":[{"start":{"line":111,"column":27},"end":{"line":111,"column":41}},{"start":{"line":111,"column":45},"end":{"line":111,"column":68}}],"line":111},"14":{"loc":{"start":{"line":119,"column":6},"end":{"line":119,"column":73}},"type":"if","locations":[{"start":{"line":119,"column":6},"end":{"line":119,"column":73}},{"start":{},"end":{}}],"line":119},"15":{"loc":{"start":{"line":125,"column":8},"end":{"line":133,"column":9}},"type":"if","locations":[{"start":{"line":125,"column":8},"end":{"line":133,"column":9}},{"start":{"line":131,"column":15},"end":{"line":133,"column":9}}],"line":125},"16":{"loc":{"start":{"line":132,"column":27},"end":{"line":132,"column":66}},"type":"binary-expr","locations":[{"start":{"line":132,"column":27},"end":{"line":132,"column":41}},{"start":{"line":132,"column":45},"end":{"line":132,"column":66}}],"line":132},"17":{"loc":{"start":{"line":138,"column":56},"end":{"line":138,"column":83}},"type":"default-arg","locations":[{"start":{"line":138,"column":78},"end":{"line":138,"column":83}}],"line":138},"18":{"loc":{"start":{"line":139,"column":4},"end":{"line":139,"column":54}},"type":"if","locations":[{"start":{"line":139,"column":4},"end":{"line":139,"column":54}},{"start":{},"end":{}}],"line":139},"19":{"loc":{"start":{"line":139,"column":8},"end":{"line":139,"column":45}},"type":"binary-expr","locations":[{"start":{"line":139,"column":8},"end":{"line":139,"column":20}},{"start":{"line":139,"column":24},"end":{"line":139,"column":45}}],"line":139},"20":{"loc":{"start":{"line":146,"column":4},"end":{"line":150,"column":5}},"type":"if","locations":[{"start":{"line":146,"column":4},"end":{"line":150,"column":5}},{"start":{"line":148,"column":11},"end":{"line":150,"column":5}}],"line":146},"21":{"loc":{"start":{"line":156,"column":4},"end":{"line":158,"column":5}},"type":"if","locations":[{"start":{"line":156,"column":4},"end":{"line":158,"column":5}},{"start":{},"end":{}}],"line":156},"22":{"loc":{"start":{"line":162,"column":4},"end":{"line":164,"column":5}},"type":"if","locations":[{"start":{"line":162,"column":4},"end":{"line":164,"column":5}},{"start":{},"end":{}}],"line":162},"23":{"loc":{"start":{"line":168,"column":4},"end":{"line":168,"column":29}},"type":"if","locations":[{"start":{"line":168,"column":4},"end":{"line":168,"column":29}},{"start":{},"end":{}}],"line":168},"24":{"loc":{"start":{"line":174,"column":21},"end":{"line":174,"column":40}},"type":"binary-expr","locations":[{"start":{"line":174,"column":21},"end":{"line":174,"column":31}},{"start":{"line":174,"column":35},"end":{"line":174,"column":40}}],"line":174},"25":{"loc":{"start":{"line":179,"column":4},"end":{"line":181,"column":5}},"type":"if","locations":[{"start":{"line":179,"column":4},"end":{"line":181,"column":5}},{"start":{},"end":{}}],"line":179},"26":{"loc":{"start":{"line":185,"column":4},"end":{"line":189,"column":5}},"type":"if","locations":[{"start":{"line":185,"column":4},"end":{"line":189,"column":5}},{"start":{},"end":{}}],"line":185},"27":{"loc":{"start":{"line":193,"column":4},"end":{"line":195,"column":5}},"type":"if","locations":[{"start":{"line":193,"column":4},"end":{"line":195,"column":5}},{"start":{},"end":{}}],"line":193},"28":{"loc":{"start":{"line":199,"column":4},"end":{"line":201,"column":5}},"type":"if","locations":[{"start":{"line":199,"column":4},"end":{"line":201,"column":5}},{"start":{},"end":{}}],"line":199},"29":{"loc":{"start":{"line":205,"column":4},"end":{"line":207,"column":5}},"type":"if","locations":[{"start":{"line":205,"column":4},"end":{"line":207,"column":5}},{"start":{},"end":{}}],"line":205},"30":{"loc":{"start":{"line":211,"column":4},"end":{"line":213,"column":5}},"type":"if","locations":[{"start":{"line":211,"column":4},"end":{"line":213,"column":5}},{"start":{},"end":{}}],"line":211},"31":{"loc":{"start":{"line":217,"column":4},"end":{"line":222,"column":5}},"type":"if","locations":[{"start":{"line":217,"column":4},"end":{"line":222,"column":5}},{"start":{},"end":{}}],"line":217},"32":{"loc":{"start":{"line":217,"column":8},"end":{"line":217,"column":44}},"type":"binary-expr","locations":[{"start":{"line":217,"column":8},"end":{"line":217,"column":19}},{"start":{"line":217,"column":23},"end":{"line":217,"column":44}}],"line":217},"33":{"loc":{"start":{"line":226,"column":4},"end":{"line":228,"column":5}},"type":"if","locations":[{"start":{"line":226,"column":4},"end":{"line":228,"column":5}},{"start":{},"end":{}}],"line":226},"34":{"loc":{"start":{"line":226,"column":8},"end":{"line":226,"column":44}},"type":"binary-expr","locations":[{"start":{"line":226,"column":8},"end":{"line":226,"column":19}},{"start":{"line":226,"column":23},"end":{"line":226,"column":44}}],"line":226},"35":{"loc":{"start":{"line":232,"column":4},"end":{"line":234,"column":5}},"type":"if","locations":[{"start":{"line":232,"column":4},"end":{"line":234,"column":5}},{"start":{},"end":{}}],"line":232},"36":{"loc":{"start":{"line":239,"column":6},"end":{"line":239,"column":73}},"type":"if","locations":[{"start":{"line":239,"column":6},"end":{"line":239,"column":73}},{"start":{},"end":{}}],"line":239},"37":{"loc":{"start":{"line":249,"column":11},"end":{"line":249,"column":56}},"type":"binary-expr","locations":[{"start":{"line":249,"column":11},"end":{"line":249,"column":31}},{"start":{"line":249,"column":35},"end":{"line":249,"column":56}}],"line":249},"38":{"loc":{"start":{"line":253,"column":4},"end":{"line":255,"column":5}},"type":"if","locations":[{"start":{"line":253,"column":4},"end":{"line":255,"column":5}},{"start":{},"end":{}}],"line":253}},"s":{"0":0,"1":0,"2":0,"3":0,"4":0,"5":0,"6":0,"7":0,"8":0,"9":0,"10":0,"11":0,"12":0,"13":0,"14":0,"15":0,"16":0,"17":0,"18":0,"19":0,"20":0,"21":0,"22":0,"23":0,"24":0,"25":0,"26":0,"27":0,"28":0,"29":0,"30":0,"31":0,"32":0,"33":0,"34":0,"35":0,"36":0,"37":0,"38":0,"39":0,"40":0,"41":0,"42":0,"43":0,"44":0,"45":0,"46":0,"47":0,"48":0,"49":0,"50":0,"51":0,"52":0,"53":0,"54":0,"55":0,"56":0,"57":0,"58":0,"59":0,"60":0,"61":0,"62":0,"63":0,"64":0,"65":0,"66":0,"67":0,"68":0,"69":0,"70":0,"71":0,"72":0,"73":0,"74":0,"75":0,"76":0,"77":0,"78":0,"79":0,"80":0,"81":0,"82":0,"83":0,"84":0,"85":0,"86":0,"87":0,"88":0,"89":0,"90":0,"91":0,"92":0,"93":0,"94":0,"95":0,"96":0,"97":0,"98":0,"99":0,"100":0,"101":0,"102":0,"103":0,"104":0,"105":0,"106":0,"107":0,"108":0,"109":0,"110":0,"111":0,"112":0,"113":0,"114":0,"115":0},"f":{"0":0,"1":0,"2":0,"3":0,"4":0,"5":0,"6":0,"7":0,"8":0,"9":0,"10":0,"11":0,"12":0,"13":0,"14":0,"15":0,"16":0,"17":0,"18":0,"19":0,"20":0,"21":0,"22":0,"23":0,"24":0,"25":0,"26":0,"27":0,"28":0,"29":0,"30":0,"31":0,"32":0,"33":0,"34":0,"35":0,"36":0},"b":{"0":[0,0],"1":[0,0],"2":[0,0],"3":[0,0],"4":[0,0,0],"5":[0,0],"6":[0,0],"7":[0,0],"8":[0,0],"9":[0,0],"10":[0,0],"11":[0,0],"12":[0,0],"13":[0,0],"14":[0,0],"15":[0,0],"16":[0,0],"17":[0],"18":[0,0],"19":[0,0],"20":[0,0],"21":[0,0],"22":[0,0],"23":[0,0],"24":[0,0],"25":[0,0],"26":[0,0],"27":[0,0],"28":[0,0],"29":[0,0],"30":[0,0],"31":[0,0],"32":[0,0],"33":[0,0],"34":[0,0],"35":[0,0],"36":[0,0],"37":[0,0],"38":[0,0]}}
,"C:\\Users\\Daniel\\Documents\\GitHub\\tour translation app\\src\\services\\ttsService.ts": {"path":"C:\\Users\\Daniel\\Documents\\GitHub\\tour translation app\\src\\services\\ttsService.ts","statementMap":{"0":{"start":{"line":8,"column":19},"end":{"line":12,"column":1}},"1":{"start":{"line":15,"column":22},"end":{"line":15,"column":30}},"2":{"start":{"line":17,"column":22},"end":{"line":19,"column":100}},"3":{"start":{"line":34,"column":34},"end":{"line":34,"column":38}},"4":{"start":{"line":36,"column":4},"end":{"line":46,"column":5}},"5":{"start":{"line":37,"column":6},"end":{"line":45,"column":7}},"6":{"start":{"line":38,"column":8},"end":{"line":38,"column":61}},"7":{"start":{"line":39,"column":28},"end":{"line":39,"column":81}},"8":{"start":{"line":40,"column":8},"end":{"line":40,"column":72}},"9":{"start":{"line":41,"column":8},"end":{"line":41,"column":27}},"10":{"start":{"line":43,"column":8},"end":{"line":43,"column":60}},"11":{"start":{"line":44,"column":8},"end":{"line":44,"column":78}},"12":{"start":{"line":48,"column":4},"end":{"line":48,"column":58}},"13":{"start":{"line":57,"column":16},"end":{"line":57,"column":112}},"14":{"start":{"line":59,"column":21},"end":{"line":82,"column":6}},"15":{"start":{"line":84,"column":4},"end":{"line":87,"column":5}},"16":{"start":{"line":85,"column":24},"end":{"line":85,"column":45}},"17":{"start":{"line":86,"column":6},"end":{"line":86,"column":74}},"18":{"start":{"line":89,"column":17},"end":{"line":89,"column":38}},"19":{"start":{"line":90,"column":22},"end":{"line":90,"column":81}},"20":{"start":{"line":92,"column":4},"end":{"line":94,"column":5}},"21":{"start":{"line":93,"column":6},"end":{"line":93,"column":55}},"22":{"start":{"line":96,"column":4},"end":{"line":96,"column":21}}},"fnMap":{"0":{"name":"(anonymous_0)","decl":{"start":{"line":29,"column":2},"end":{"line":29,"column":3}},"loc":{"start":{"line":33,"column":21},"end":{"line":49,"column":3}},"line":33},"1":{"name":"(anonymous_1)","decl":{"start":{"line":51,"column":2},"end":{"line":51,"column":3}},"loc":{"start":{"line":56,"column":21},"end":{"line":97,"column":3}},"line":56}},"branchMap":{"0":{"loc":{"start":{"line":32,"column":4},"end":{"line":32,"column":37}},"type":"default-arg","locations":[{"start":{"line":32,"column":24},"end":{"line":32,"column":37}}],"line":32},"1":{"loc":{"start":{"line":44,"column":20},"end":{"line":44,"column":77}},"type":"cond-expr","locations":[{"start":{"line":44,"column":45},"end":{"line":44,"column":50}},{"start":{"line":44,"column":53},"end":{"line":44,"column":77}}],"line":44},"2":{"loc":{"start":{"line":48,"column":10},"end":{"line":48,"column":57}},"type":"binary-expr","locations":[{"start":{"line":48,"column":10},"end":{"line":48,"column":19}},{"start":{"line":48,"column":23},"end":{"line":48,"column":57}}],"line":48},"3":{"loc":{"start":{"line":84,"column":4},"end":{"line":87,"column":5}},"type":"if","locations":[{"start":{"line":84,"column":4},"end":{"line":87,"column":5}},{"start":{},"end":{}}],"line":84},"4":{"loc":{"start":{"line":92,"column":4},"end":{"line":94,"column":5}},"type":"if","locations":[{"start":{"line":92,"column":4},"end":{"line":94,"column":5}},{"start":{},"end":{}}],"line":92}},"s":{"0":1,"1":1,"2":1,"3":5,"4":5,"5":12,"6":12,"7":12,"8":2,"9":2,"10":10,"11":10,"12":3,"13":12,"14":12,"15":9,"16":4,"17":4,"18":5,"19":5,"20":5,"21":3,"22":2},"f":{"0":5,"1":12},"b":{"0":[5],"1":[7,3],"2":[3,0],"3":[4,5],"4":[3,2]},"_coverageSchema":"1a1c01bbd47fc00a2c39e90264f33305004495a9","hash":"38c7f4460356054e20bb09de4c0e9488affd0afa"}
,"C:\\Users\\Daniel\\Documents\\GitHub\\tour translation app\\src\\utils\\base64.ts": {"path":"C:\\Users\\Daniel\\Documents\\GitHub\\tour translation app\\src\\utils\\base64.ts","statementMap":{"0":{"start":{"line":1,"column":14},"end":{"line":1,"column":80}},"1":{"start":{"line":2,"column":15},"end":{"line":2,"column":34}},"2":{"start":{"line":3,"column":0},"end":{"line":5,"column":1}},"3":{"start":{"line":3,"column":13},"end":{"line":3,"column":14}},"4":{"start":{"line":4,"column":2},"end":{"line":4,"column":34}},"5":{"start":{"line":7,"column":34},"end":{"line":35,"column":1}},"6":{"start":{"line":8,"column":21},"end":{"line":8,"column":41}},"7":{"start":{"line":9,"column":12},"end":{"line":9,"column":25}},"8":{"start":{"line":11,"column":10},"end":{"line":11,"column":11}},"9":{"start":{"line":14,"column":2},"end":{"line":19,"column":3}},"10":{"start":{"line":15,"column":4},"end":{"line":15,"column":19}},"11":{"start":{"line":16,"column":4},"end":{"line":18,"column":5}},"12":{"start":{"line":17,"column":6},"end":{"line":17,"column":21}},"13":{"start":{"line":21,"column":16},"end":{"line":21,"column":44}},"14":{"start":{"line":23,"column":2},"end":{"line":32,"column":3}},"15":{"start":{"line":24,"column":4},"end":{"line":24,"column":44}},"16":{"start":{"line":25,"column":4},"end":{"line":25,"column":48}},"17":{"start":{"line":26,"column":4},"end":{"line":26,"column":48}},"18":{"start":{"line":27,"column":4},"end":{"line":27,"column":48}},"19":{"start":{"line":29,"column":4},"end":{"line":29,"column":51}},"20":{"start":{"line":30,"column":4},"end":{"line":30,"column":58}},"21":{"start":{"line":31,"column":4},"end":{"line":31,"column":57}},"22":{"start":{"line":34,"column":2},"end":{"line":34,"column":15}},"23":{"start":{"line":37,"column":34},"end":{"line":52,"column":1}},"24":{"start":{"line":38,"column":15},"end":{"line":38,"column":17}},"25":{"start":{"line":39,"column":14},"end":{"line":39,"column":26}},"26":{"start":{"line":40,"column":2},"end":{"line":45,"column":3}},"27":{"start":{"line":40,"column":15},"end":{"line":40,"column":16}},"28":{"start":{"line":41,"column":4},"end":{"line":41,"column":35}},"29":{"start":{"line":42,"column":4},"end":{"line":42,"column":65}},"30":{"start":{"line":43,"column":4},"end":{"line":43,"column":70}},"31":{"start":{"line":44,"column":4},"end":{"line":44,"column":39}},"32":{"start":{"line":46,"column":2},"end":{"line":50,"column":3}},"33":{"start":{"line":47,"column":4},"end":{"line":47,"column":58}},"34":{"start":{"line":48,"column":9},"end":{"line":50,"column":3}},"35":{"start":{"line":49,"column":4},"end":{"line":49,"column":59}},"36":{"start":{"line":51,"column":2},"end":{"line":51,"column":16}}},"fnMap":{"0":{"name":"(anonymous_0)","decl":{"start":{"line":7,"column":34},"end":{"line":7,"column":35}},"loc":{"start":{"line":7,"column":66},"end":{"line":35,"column":1}},"line":7},"1":{"name":"(anonymous_1)","decl":{"start":{"line":37,"column":34},"end":{"line":37,"column":35}},"loc":{"start":{"line":37,"column":65},"end":{"line":52,"column":1}},"line":37}},"branchMap":{"0":{"loc":{"start":{"line":14,"column":2},"end":{"line":19,"column":3}},"type":"if","locations":[{"start":{"line":14,"column":2},"end":{"line":19,"column":3}},{"start":{},"end":{}}],"line":14},"1":{"loc":{"start":{"line":16,"column":4},"end":{"line":18,"column":5}},"type":"if","locations":[{"start":{"line":16,"column":4},"end":{"line":18,"column":5}},{"start":{},"end":{}}],"line":16},"2":{"loc":{"start":{"line":46,"column":2},"end":{"line":50,"column":3}},"type":"if","locations":[{"start":{"line":46,"column":2},"end":{"line":50,"column":3}},{"start":{"line":48,"column":9},"end":{"line":50,"column":3}}],"line":46},"3":{"loc":{"start":{"line":48,"column":9},"end":{"line":50,"column":3}},"type":"if","locations":[{"start":{"line":48,"column":9},"end":{"line":50,"column":3}},{"start":{},"end":{}}],"line":48}},"s":{"0":1,"1":1,"2":1,"3":1,"4":64,"5":1,"6":3,"7":3,"8":3,"9":3,"10":2,"11":2,"12":1,"13":3,"14":3,"15":6,"16":6,"17":6,"18":6,"19":6,"20":6,"21":6,"22":3,"23":1,"24":3,"25":3,"26":3,"27":3,"28":6,"29":6,"30":6,"31":6,"32":3,"33":1,"34":2,"35":1,"36":3},"f":{"0":3,"1":3},"b":{"0":[2,1],"1":[1,1],"2":[1,2],"3":[1,1]},"_coverageSchema":"1a1c01bbd47fc00a2c39e90264f33305004495a9","hash":"5a13e089655f564a98f4162d0b78c859a8914e71"}
}
