TN:
SF:src\app\_layout.tsx
FN:22,RootLayout
FNF:1
FNH:0
FNDA:0,RootLayout
DA:11,0
DA:14,0
DA:23,0
LF:3
LH:0
BRF:0
BRH:0
end_of_record
TN:
SF:src\app\host.tsx
FN:29,ParticipantsRenderer
FN:40,(anonymous_1)
FN:52,LiveKitParticipantsRenderer
FN:54,(anonymous_3)
FN:60,RoomDisconnectCatcher
FN:62,(anonymous_5)
FN:63,(anonymous_6)
FN:64,(anonymous_7)
FN:73,LocalMicController
FN:77,(anonymous_9)
FN:84,(anonymous_10)
FN:88,(anonymous_11)
FN:93,(anonymous_12)
FN:103,(anonymous_13)
FN:114,TranslationDataPublisher
FN:117,(anonymous_15)
FN:118,(anonymous_16)
FN:125,(anonymous_17)
FN:138,(anonymous_18)
FN:144,HostScreen
FN:180,(anonymous_20)
FN:185,(anonymous_21)
FN:190,(anonymous_22)
FN:197,(anonymous_23)
FN:200,(anonymous_24)
FN:208,(anonymous_25)
FN:212,(anonymous_26)
FN:224,(anonymous_27)
FN:227,(anonymous_28)
FN:232,(anonymous_29)
FN:236,(anonymous_30)
FN:246,(anonymous_31)
FN:249,(anonymous_32)
FN:256,(anonymous_33)
FN:258,(anonymous_34)
FN:272,(anonymous_35)
FN:281,(anonymous_36)
FN:306,(anonymous_37)
FN:319,(anonymous_38)
FN:328,(anonymous_39)
FN:338,(anonymous_40)
FN:350,(anonymous_41)
FN:361,(anonymous_42)
FN:373,(anonymous_43)
FN:394,(anonymous_44)
FN:402,(anonymous_45)
FN:418,(anonymous_46)
FN:482,(anonymous_47)
FN:485,(anonymous_48)
FN:564,(anonymous_49)
FN:589,(anonymous_50)
FN:603,(anonymous_51)
FN:605,(anonymous_52)
FN:633,(anonymous_53)
FN:674,(anonymous_54)
FN:727,(anonymous_55)
FN:728,(anonymous_56)
FNF:57
FNH:0
FNDA:0,ParticipantsRenderer
FNDA:0,(anonymous_1)
FNDA:0,LiveKitParticipantsRenderer
FNDA:0,(anonymous_3)
FNDA:0,RoomDisconnectCatcher
FNDA:0,(anonymous_5)
FNDA:0,(anonymous_6)
FNDA:0,(anonymous_7)
FNDA:0,LocalMicController
FNDA:0,(anonymous_9)
FNDA:0,(anonymous_10)
FNDA:0,(anonymous_11)
FNDA:0,(anonymous_12)
FNDA:0,(anonymous_13)
FNDA:0,TranslationDataPublisher
FNDA:0,(anonymous_15)
FNDA:0,(anonymous_16)
FNDA:0,(anonymous_17)
FNDA:0,(anonymous_18)
FNDA:0,HostScreen
FNDA:0,(anonymous_20)
FNDA:0,(anonymous_21)
FNDA:0,(anonymous_22)
FNDA:0,(anonymous_23)
FNDA:0,(anonymous_24)
FNDA:0,(anonymous_25)
FNDA:0,(anonymous_26)
FNDA:0,(anonymous_27)
FNDA:0,(anonymous_28)
FNDA:0,(anonymous_29)
FNDA:0,(anonymous_30)
FNDA:0,(anonymous_31)
FNDA:0,(anonymous_32)
FNDA:0,(anonymous_33)
FNDA:0,(anonymous_34)
FNDA:0,(anonymous_35)
FNDA:0,(anonymous_36)
FNDA:0,(anonymous_37)
FNDA:0,(anonymous_38)
FNDA:0,(anonymous_39)
FNDA:0,(anonymous_40)
FNDA:0,(anonymous_41)
FNDA:0,(anonymous_42)
FNDA:0,(anonymous_43)
FNDA:0,(anonymous_44)
FNDA:0,(anonymous_45)
FNDA:0,(anonymous_46)
FNDA:0,(anonymous_47)
FNDA:0,(anonymous_48)
FNDA:0,(anonymous_49)
FNDA:0,(anonymous_50)
FNDA:0,(anonymous_51)
FNDA:0,(anonymous_52)
FNDA:0,(anonymous_53)
FNDA:0,(anonymous_54)
FNDA:0,(anonymous_55)
FNDA:0,(anonymous_56)
DA:38,0
DA:40,0
DA:46,0
DA:49,0
DA:53,0
DA:54,0
DA:55,0
DA:61,0
DA:62,0
DA:63,0
DA:64,0
DA:67,0
DA:74,0
DA:75,0
DA:77,0
DA:78,0
DA:81,0
DA:83,0
DA:85,0
DA:86,0
DA:89,0
DA:93,0
DA:94,0
DA:96,0
DA:97,0
DA:98,0
DA:99,0
DA:103,0
DA:105,0
DA:109,0
DA:115,0
DA:117,0
DA:118,0
DA:119,0
DA:120,0
DA:124,0
DA:125,0
DA:126,0
DA:127,0
DA:128,0
DA:129,0
DA:131,0
DA:135,0
DA:138,0
DA:141,0
DA:145,0
DA:146,0
DA:150,0
DA:151,0
DA:177,0
DA:178,0
DA:180,0
DA:181,0
DA:185,0
DA:189,0
DA:190,0
DA:191,0
DA:192,0
DA:193,0
DA:197,0
DA:198,0
DA:200,0
DA:202,0
DA:204,0
DA:214,0
DA:221,0
DA:224,0
DA:225,0
DA:227,0
DA:228,0
DA:237,0
DA:242,0
DA:245,0
DA:246,0
DA:249,0
DA:250,0
DA:253,0
DA:256,0
DA:257,0
DA:258,0
DA:259,0
DA:268,0
DA:269,0
DA:271,0
DA:272,0
DA:273,0
DA:274,0
DA:277,0
DA:281,0
DA:282,0
DA:300,0
DA:306,0
DA:307,0
DA:308,0
DA:309,0
DA:311,0
DA:312,0
DA:313,0
DA:315,0
DA:319,0
DA:320,0
DA:329,0
DA:330,0
DA:331,0
DA:338,0
DA:339,0
DA:340,0
DA:344,0
DA:346,0
DA:347,0
DA:350,0
DA:351,0
DA:352,0
DA:356,0
DA:358,0
DA:361,0
DA:362,0
DA:363,0
DA:364,0
DA:368,0
DA:369,0
DA:373,0
DA:394,0
DA:402,0
DA:412,0
DA:414,0
DA:417,0
DA:419,0
DA:483,0
DA:485,0
DA:564,0
DA:589,0
DA:603,0
DA:606,0
DA:633,0
DA:675,0
DA:692,0
DA:693,0
DA:696,0
DA:697,0
DA:706,0
DA:722,0
DA:723,0
DA:726,0
DA:727,0
DA:728,0
DA:731,0
DA:732,0
DA:733,0
DA:735,0
LF:150
LH:0
BRDA:38,0,0,0
BRDA:38,0,1,0
BRDA:78,1,0,0
BRDA:78,1,1,0
BRDA:81,2,0,0
BRDA:81,2,1,0
BRDA:94,3,0,0
BRDA:94,3,1,0
BRDA:94,4,0,0
BRDA:94,4,1,0
BRDA:98,5,0,0
BRDA:98,5,1,0
BRDA:119,6,0,0
BRDA:119,6,1,0
BRDA:151,7,0,0
BRDA:151,7,1,0
BRDA:185,8,0,0
BRDA:185,8,1,0
BRDA:185,9,0,0
BRDA:185,9,1,0
BRDA:191,10,0,0
BRDA:191,10,1,0
BRDA:198,11,0,0
BRDA:198,11,1,0
BRDA:225,12,0,0
BRDA:225,12,1,0
BRDA:257,13,0,0
BRDA:257,13,1,0
BRDA:307,14,0,0
BRDA:307,14,1,0
BRDA:315,15,0,0
BRDA:315,15,1,0
BRDA:339,16,0,0
BRDA:339,16,1,0
BRDA:339,17,0,0
BRDA:339,17,1,0
BRDA:351,18,0,0
BRDA:351,18,1,0
BRDA:362,19,0,0
BRDA:362,19,1,0
BRDA:362,20,0,0
BRDA:362,20,1,0
BRDA:368,21,0,0
BRDA:368,21,1,0
BRDA:402,22,0,0
BRDA:402,22,1,0
BRDA:412,23,0,0
BRDA:412,23,1,0
BRDA:429,24,0,0
BRDA:429,24,1,0
BRDA:429,25,0,0
BRDA:429,25,1,0
BRDA:431,26,0,0
BRDA:431,26,1,0
BRDA:431,27,0,0
BRDA:431,27,1,0
BRDA:434,28,0,0
BRDA:434,28,1,0
BRDA:436,29,0,0
BRDA:436,29,1,0
BRDA:438,30,0,0
BRDA:438,30,1,0
BRDA:440,31,0,0
BRDA:440,31,1,0
BRDA:463,32,0,0
BRDA:463,32,1,0
BRDA:488,33,0,0
BRDA:488,33,1,0
BRDA:495,34,0,0
BRDA:495,34,1,0
BRDA:523,35,0,0
BRDA:523,35,1,0
BRDA:529,36,0,0
BRDA:529,36,1,0
BRDA:536,37,0,0
BRDA:536,37,1,0
BRDA:553,38,0,0
BRDA:553,38,1,0
BRDA:560,39,0,0
BRDA:560,39,1,0
BRDA:563,40,0,0
BRDA:563,40,1,0
BRDA:566,41,0,0
BRDA:566,41,1,0
BRDA:566,41,2,0
BRDA:567,42,0,0
BRDA:567,42,1,0
BRDA:570,43,0,0
BRDA:570,43,1,0
BRDA:582,44,0,0
BRDA:582,44,1,0
BRDA:588,45,0,0
BRDA:588,45,1,0
BRDA:591,46,0,0
BRDA:591,46,1,0
BRDA:592,47,0,0
BRDA:592,47,1,0
BRDA:596,48,0,0
BRDA:596,48,1,0
BRDA:635,49,0,0
BRDA:635,49,1,0
BRDA:642,50,0,0
BRDA:642,50,1,0
BRDA:661,51,0,0
BRDA:661,51,1,0
BRDA:678,52,0,0
BRDA:678,52,1,0
BRDA:692,53,0,0
BRDA:692,53,1,0
BRDA:696,54,0,0
BRDA:696,54,1,0
BRDA:696,55,0,0
BRDA:696,55,1,0
BRDA:696,55,2,0
BRDA:708,56,0,0
BRDA:708,56,1,0
BRF:116
BRH:0
end_of_record
TN:
SF:src\app\index.tsx
FN:13,HomeScreen
FN:35,(anonymous_1)
FN:53,(anonymous_2)
FN:72,(anonymous_3)
FN:73,(anonymous_4)
FNF:5
FNH:0
FNDA:0,HomeScreen
FNDA:0,(anonymous_1)
FNDA:0,(anonymous_2)
FNDA:0,(anonymous_3)
FNDA:0,(anonymous_4)
DA:14,0
DA:16,0
DA:35,0
DA:53,0
DA:72,0
DA:73,0
DA:82,0
LF:7
LH:0
BRDA:73,0,0,0
BRDA:73,0,1,0
BRF:2
BRH:0
end_of_record
TN:
SF:src\app\listener.tsx
FN:20,ListenerScreen
FN:29,(anonymous_1)
FN:37,(anonymous_2)
FN:54,(anonymous_3)
FN:97,(anonymous_4)
FN:125,(anonymous_5)
FN:165,(anonymous_6)
FN:179,(anonymous_7)
FN:207,(anonymous_8)
FN:215,(anonymous_9)
FN:216,(anonymous_10)
FN:230,(anonymous_11)
FNF:12
FNH:0
FNDA:0,ListenerScreen
FNDA:0,(anonymous_1)
FNDA:0,(anonymous_2)
FNDA:0,(anonymous_3)
FNDA:0,(anonymous_4)
FNDA:0,(anonymous_5)
FNDA:0,(anonymous_6)
FNDA:0,(anonymous_7)
FNDA:0,(anonymous_8)
FNDA:0,(anonymous_9)
FNDA:0,(anonymous_10)
FNDA:0,(anonymous_11)
DA:17,0
DA:18,0
DA:21,0
DA:22,0
DA:23,0
DA:24,0
DA:25,0
DA:26,0
DA:28,0
DA:30,0
DA:31,0
DA:35,0
DA:37,0
DA:38,0
DA:39,0
DA:40,0
DA:41,0
DA:44,0
DA:45,0
DA:46,0
DA:49,0
DA:50,0
DA:51,0
DA:52,0
DA:53,0
DA:54,0
DA:56,0
DA:57,0
DA:59,0
DA:60,0
DA:63,0
DA:65,0
DA:66,0
DA:67,0
DA:68,0
DA:71,0
DA:73,0
DA:74,0
DA:75,0
DA:76,0
DA:79,0
DA:80,0
DA:81,0
DA:82,0
DA:85,0
DA:86,0
DA:88,0
DA:90,0
DA:91,0
DA:93,0
DA:97,0
DA:98,0
DA:99,0
DA:100,0
DA:101,0
DA:102,0
DA:103,0
DA:104,0
DA:110,0
DA:111,0
DA:112,0
DA:113,0
DA:114,0
DA:117,0
DA:120,0
DA:125,0
DA:166,0
DA:167,0
DA:180,0
DA:181,0
DA:207,0
DA:215,0
DA:216,0
DA:230,0
DA:251,0
LF:75
LH:0
BRDA:39,0,0,0
BRDA:39,0,1,0
BRDA:44,1,0,0
BRDA:44,1,1,0
BRDA:49,2,0,0
BRDA:49,2,1,0
BRDA:59,3,0,0
BRDA:59,3,1,0
BRDA:65,4,0,0
BRDA:65,4,1,0
BRDA:73,5,0,0
BRDA:73,5,1,0
BRDA:73,6,0,0
BRDA:73,6,1,0
BRDA:79,7,0,0
BRDA:79,7,1,0
BRDA:79,8,0,0
BRDA:79,8,1,0
BRDA:98,9,0,0
BRDA:98,9,1,0
BRDA:102,10,0,0
BRDA:102,10,1,0
BRDA:110,11,0,0
BRDA:110,11,1,0
BRDA:112,12,0,0
BRDA:112,12,1,0
BRDA:133,13,0,0
BRDA:133,13,1,0
BRDA:135,14,0,0
BRDA:135,14,1,0
BRDA:140,15,0,0
BRDA:140,15,1,0
BRDA:218,16,0,0
BRDA:218,16,1,0
BRDA:219,17,0,0
BRDA:219,17,1,0
BRDA:228,18,0,0
BRDA:228,18,1,0
BRF:38
BRH:0
end_of_record
TN:
SF:src\app\settings.tsx
FN:22,SettingsScreen
FN:33,(anonymous_1)
FN:35,(anonymous_2)
FN:36,(anonymous_3)
FN:43,(anonymous_4)
FN:51,(anonymous_5)
FN:52,(anonymous_6)
FN:53,(anonymous_7)
FN:64,(anonymous_8)
FN:90,(anonymous_9)
FN:151,(anonymous_10)
FN:183,(anonymous_11)
FN:192,(anonymous_12)
FN:224,(anonymous_13)
FNF:14
FNH:0
FNDA:0,SettingsScreen
FNDA:0,(anonymous_1)
FNDA:0,(anonymous_2)
FNDA:0,(anonymous_3)
FNDA:0,(anonymous_4)
FNDA:0,(anonymous_5)
FNDA:0,(anonymous_6)
FNDA:0,(anonymous_7)
FNDA:0,(anonymous_8)
FNDA:0,(anonymous_9)
FNDA:0,(anonymous_10)
FNDA:0,(anonymous_11)
FNDA:0,(anonymous_12)
FNDA:0,(anonymous_13)
DA:23,0
DA:24,0
DA:25,0
DA:26,0
DA:27,0
DA:28,0
DA:29,0
DA:30,0
DA:31,0
DA:33,0
DA:34,0
DA:35,0
DA:36,0
DA:37,0
DA:43,0
DA:44,0
DA:45,0
DA:46,0
DA:47,0
DA:51,0
DA:52,0
DA:53,0
DA:54,0
DA:59,0
DA:64,0
DA:65,0
DA:74,0
DA:75,0
DA:77,0
DA:90,0
DA:151,0
DA:184,0
DA:193,0
DA:194,0
DA:201,0
DA:225,0
DA:226,0
DA:277,0
LF:38
LH:0
BRDA:29,0,0,0
BRDA:29,0,1,0
BRDA:34,1,0,0
BRDA:34,1,1,0
BRDA:44,2,0,0
BRDA:44,2,1,0
BRDA:68,3,0,0
BRDA:68,3,1,0
BRDA:74,4,0,0
BRDA:74,4,1,0
BRDA:74,4,2,0
BRDA:74,4,3,0
BRDA:75,5,0,0
BRDA:75,5,1,0
BRDA:81,6,0,0
BRDA:81,6,1,0
BRDA:154,7,0,0
BRDA:154,7,1,0
BRDA:157,8,0,0
BRDA:157,8,1,0
BRDA:197,9,0,0
BRDA:197,9,1,0
BRDA:229,10,0,0
BRDA:229,10,1,0
BRDA:242,11,0,0
BRDA:242,11,1,0
BRDA:248,12,0,0
BRDA:248,12,1,0
BRDA:253,13,0,0
BRDA:253,13,1,0
BRF:30
BRH:0
end_of_record
TN:
SF:src\app\stream.tsx
FN:29,StreamScreen
FN:47,(anonymous_1)
FN:48,(anonymous_2)
FN:52,(anonymous_3)
FN:59,(anonymous_4)
FN:67,(anonymous_5)
FN:77,(anonymous_6)
FN:79,(anonymous_7)
FN:93,(anonymous_8)
FN:103,(anonymous_9)
FN:107,(anonymous_10)
FN:111,(anonymous_11)
FN:115,(anonymous_12)
FN:123,(anonymous_13)
FN:142,(anonymous_14)
FN:148,(anonymous_15)
FN:166,(anonymous_16)
FN:175,(anonymous_17)
FN:241,StreamContent
FN:252,StreamContentLiveKit
FN:257,(anonymous_20)
FN:258,(anonymous_21)
FN:260,(anonymous_22)
FN:265,(anonymous_23)
FN:268,(anonymous_24)
FN:269,(anonymous_25)
FN:270,(anonymous_26)
FN:271,(anonymous_27)
FN:282,(anonymous_28)
FN:291,(anonymous_29)
FN:292,(anonymous_30)
FN:302,(anonymous_31)
FN:308,(anonymous_32)
FN:317,(anonymous_33)
FN:319,(anonymous_34)
FN:320,(anonymous_35)
FN:327,StreamContentUI
FN:417,(anonymous_37)
FNF:38
FNH:0
FNDA:0,StreamScreen
FNDA:0,(anonymous_1)
FNDA:0,(anonymous_2)
FNDA:0,(anonymous_3)
FNDA:0,(anonymous_4)
FNDA:0,(anonymous_5)
FNDA:0,(anonymous_6)
FNDA:0,(anonymous_7)
FNDA:0,(anonymous_8)
FNDA:0,(anonymous_9)
FNDA:0,(anonymous_10)
FNDA:0,(anonymous_11)
FNDA:0,(anonymous_12)
FNDA:0,(anonymous_13)
FNDA:0,(anonymous_14)
FNDA:0,(anonymous_15)
FNDA:0,(anonymous_16)
FNDA:0,(anonymous_17)
FNDA:0,StreamContent
FNDA:0,StreamContentLiveKit
FNDA:0,(anonymous_20)
FNDA:0,(anonymous_21)
FNDA:0,(anonymous_22)
FNDA:0,(anonymous_23)
FNDA:0,(anonymous_24)
FNDA:0,(anonymous_25)
FNDA:0,(anonymous_26)
FNDA:0,(anonymous_27)
FNDA:0,(anonymous_28)
FNDA:0,(anonymous_29)
FNDA:0,(anonymous_30)
FNDA:0,(anonymous_31)
FNDA:0,(anonymous_32)
FNDA:0,(anonymous_33)
FNDA:0,(anonymous_34)
FNDA:0,(anonymous_35)
FNDA:0,StreamContentUI
FNDA:0,(anonymous_37)
DA:26,0
DA:27,0
DA:30,0
DA:31,0
DA:32,0
DA:45,0
DA:47,0
DA:48,0
DA:50,0
DA:52,0
DA:53,0
DA:58,0
DA:59,0
DA:60,0
DA:61,0
DA:62,0
DA:66,0
DA:67,0
DA:68,0
DA:69,0
DA:70,0
DA:74,0
DA:77,0
DA:78,0
DA:79,0
DA:81,0
DA:89,0
DA:90,0
DA:92,0
DA:93,0
DA:94,0
DA:95,0
DA:98,0
DA:103,0
DA:104,0
DA:105,0
DA:106,0
DA:107,0
DA:108,0
DA:109,0
DA:110,0
DA:111,0
DA:115,0
DA:116,0
DA:117,0
DA:123,0
DA:124,0
DA:125,0
DA:141,0
DA:142,0
DA:144,0
DA:148,0
DA:150,0
DA:163,0
DA:166,0
DA:167,0
DA:176,0
DA:177,0
DA:178,0
DA:179,0
DA:181,0
DA:189,0
DA:195,0
DA:196,0
DA:197,0
DA:208,0
DA:224,0
DA:225,0
DA:228,0
DA:243,0
DA:244,0
DA:249,0
DA:253,0
DA:254,0
DA:255,0
DA:257,0
DA:258,0
DA:259,0
DA:260,0
DA:261,0
DA:263,0
DA:265,0
DA:268,0
DA:269,0
DA:270,0
DA:271,0
DA:272,0
DA:277,0
DA:279,0
DA:280,0
DA:282,0
DA:283,0
DA:284,0
DA:288,0
DA:291,0
DA:292,0
DA:293,0
DA:294,0
DA:296,0
DA:298,0
DA:301,0
DA:302,0
DA:303,0
DA:308,0
DA:309,0
DA:310,0
DA:312,0
DA:314,0
DA:317,0
DA:319,0
DA:320,0
DA:324,0
DA:340,0
DA:417,0
DA:430,0
LF:115
LH:0
BRDA:60,0,0,0
BRDA:60,0,1,0
BRDA:68,1,0,0
BRDA:68,1,1,0
BRDA:78,2,0,0
BRDA:78,2,1,0
BRDA:105,3,0,0
BRDA:105,3,1,0
BRDA:108,4,0,0
BRDA:108,4,1,0
BRDA:110,5,0,0
BRDA:110,5,1,0
BRDA:111,6,0,0
BRDA:111,6,1,0
BRDA:124,7,0,0
BRDA:124,7,1,0
BRDA:124,8,0,0
BRDA:124,8,1,0
BRDA:178,9,0,0
BRDA:178,9,1,0
BRDA:189,10,0,0
BRDA:189,10,1,0
BRDA:191,11,0,0
BRDA:191,11,1,0
BRDA:192,12,0,0
BRDA:192,12,1,0
BRDA:195,13,0,0
BRDA:195,13,1,0
BRDA:195,14,0,0
BRDA:195,14,1,0
BRDA:195,14,2,0
BRDA:195,14,3,0
BRDA:196,15,0,0
BRDA:196,15,1,0
BRDA:224,16,0,0
BRDA:224,16,1,0
BRDA:243,17,0,0
BRDA:243,17,1,0
BRDA:261,18,0,0
BRDA:261,18,1,0
BRDA:293,19,0,0
BRDA:293,19,1,0
BRDA:293,20,0,0
BRDA:293,20,1,0
BRDA:324,21,0,0
BRDA:324,21,1,0
BRDA:342,22,0,0
BRDA:342,22,1,0
BRDA:366,23,0,0
BRDA:366,23,1,0
BRDA:377,24,0,0
BRDA:377,24,1,0
BRDA:380,25,0,0
BRDA:380,25,1,0
BRDA:382,26,0,0
BRDA:382,26,1,0
BRDA:391,27,0,0
BRDA:391,27,1,0
BRDA:394,28,0,0
BRDA:394,28,1,0
BRDA:401,29,0,0
BRDA:401,29,1,0
BRDA:403,30,0,0
BRDA:403,30,1,0
BRDA:404,31,0,0
BRDA:404,31,1,0
BRDA:406,32,0,0
BRDA:406,32,1,0
BRDA:419,33,0,0
BRDA:419,33,1,0
BRF:70
BRH:0
end_of_record
TN:
SF:src\components\AudioVisualizer.tsx
FN:12,AudioVisualizer
FN:19,(anonymous_1)
FN:20,(anonymous_2)
FN:23,(anonymous_3)
FN:27,(anonymous_4)
FN:41,(anonymous_5)
FN:54,(anonymous_6)
FNF:7
FNH:0
FNDA:0,AudioVisualizer
FNDA:0,(anonymous_1)
FNDA:0,(anonymous_2)
FNDA:0,(anonymous_3)
FNDA:0,(anonymous_4)
FNDA:0,(anonymous_5)
FNDA:0,(anonymous_6)
DA:19,0
DA:20,0
DA:23,0
DA:24,0
DA:26,0
DA:27,0
DA:29,0
DA:30,0
DA:32,0
DA:39,0
DA:41,0
DA:42,0
DA:48,0
DA:52,0
DA:55,0
DA:71,0
LF:16
LH:0
BRDA:14,0,0,0
BRDA:15,1,0,0
BRDA:16,2,0,0
BRDA:17,3,0,0
BRDA:24,4,0,0
BRDA:24,4,1,0
BRF:6
BRH:0
end_of_record
TN:
SF:src\components\BugReportButton.tsx
FN:19,BugReportButton
FN:30,(anonymous_1)
FN:88,(anonymous_2)
FN:97,(anonymous_3)
FN:106,(anonymous_4)
FNF:5
FNH:0
FNDA:0,BugReportButton
FNDA:0,(anonymous_1)
FNDA:0,(anonymous_2)
FNDA:0,(anonymous_3)
FNDA:0,(anonymous_4)
DA:20,0
DA:21,0
DA:22,0
DA:23,0
DA:24,0
DA:26,0
DA:27,0
DA:30,0
DA:31,0
DA:32,0
DA:33,0
DA:36,0
DA:37,0
DA:38,0
DA:41,0
DA:42,0
DA:43,0
DA:57,0
DA:61,0
DA:69,0
DA:70,0
DA:73,0
DA:74,0
DA:75,0
DA:77,0
DA:78,0
DA:80,0
DA:84,0
DA:88,0
DA:97,0
DA:106,0
DA:145,0
LF:32
LH:0
BRDA:26,0,0,0
BRDA:26,0,1,0
BRDA:26,1,0,0
BRDA:26,1,1,0
BRDA:31,2,0,0
BRDA:31,2,1,0
BRDA:36,3,0,0
BRDA:36,3,1,0
BRDA:52,4,0,0
BRDA:52,4,1,0
BRDA:57,5,0,0
BRDA:57,5,1,0
BRDA:69,6,0,0
BRDA:69,6,1,0
BRDA:101,7,0,0
BRDA:101,7,1,0
BRDA:132,8,0,0
BRDA:132,8,1,0
BRF:18
BRH:0
end_of_record
TN:
SF:src\components\GlassCard.tsx
FN:32,GlassCard
FN:52,(anonymous_1)
FNF:2
FNH:0
FNDA:0,GlassCard
FNDA:0,(anonymous_1)
DA:18,0
DA:25,0
DA:39,0
DA:48,0
DA:49,0
DA:52,0
DA:63,0
DA:66,0
LF:8
LH:0
BRDA:36,0,0,0
BRDA:37,1,0,0
BRDA:42,2,0,0
BRDA:42,2,1,0
BRDA:48,3,0,0
BRDA:48,3,1,0
BRDA:54,4,0,0
BRDA:54,4,1,0
BRF:8
BRH:0
end_of_record
TN:
SF:src\components\ListenerCard.tsx
FN:19,ListenerCard
FN:29,(anonymous_1)
FN:38,(anonymous_2)
FN:47,(anonymous_3)
FN:85,(anonymous_4)
FN:89,(anonymous_5)
FN:96,(anonymous_6)
FN:110,getTimeSince
FNF:8
FNH:0
FNDA:0,ListenerCard
FNDA:0,(anonymous_1)
FNDA:0,(anonymous_2)
FNDA:0,(anonymous_3)
FNDA:0,(anonymous_4)
FNDA:0,(anonymous_5)
FNDA:0,(anonymous_6)
FNDA:0,getTimeSince
DA:26,0
DA:27,0
DA:29,0
DA:30,0
DA:31,0
DA:33,0
DA:35,0
DA:38,0
DA:39,0
DA:47,0
DA:53,0
DA:55,0
DA:86,0
DA:87,0
DA:89,0
DA:96,0
DA:111,0
DA:112,0
DA:113,0
DA:114,0
DA:115,0
DA:116,0
DA:119,0
LF:23
LH:0
BRDA:30,0,0,0
BRDA:30,0,1,0
BRDA:30,1,0,0
BRDA:30,1,1,0
BRDA:64,2,0,0
BRDA:64,2,1,0
BRDA:89,3,0,0
BRDA:89,3,1,0
BRDA:99,4,0,0
BRDA:99,4,1,0
BRDA:113,5,0,0
BRDA:113,5,1,0
BRDA:114,6,0,0
BRDA:114,6,1,0
BRF:14
BRH:0
end_of_record
TN:
SF:src\components\QRCodeDisplay.tsx
FN:11,QRCodeDisplay
FN:15,(anonymous_1)
FN:19,(anonymous_2)
FN:52,(anonymous_3)
FN:58,(anonymous_4)
FNF:5
FNH:0
FNDA:0,QRCodeDisplay
FNDA:0,(anonymous_1)
FNDA:0,(anonymous_2)
FNDA:0,(anonymous_3)
FNDA:0,(anonymous_4)
DA:12,0
DA:13,0
DA:15,0
DA:16,0
DA:19,0
DA:20,0
DA:21,0
DA:30,0
DA:52,0
DA:58,0
DA:67,0
LF:11
LH:0
BRDA:52,0,0,0
BRDA:52,0,1,0
BRDA:58,1,0,0
BRDA:58,1,1,0
BRF:4
BRH:0
end_of_record
TN:
SF:src\components\StatusBadge.tsx
FN:20,StatusBadge
FN:21,(anonymous_1)
FN:23,(anonymous_2)
FN:42,(anonymous_3)
FNF:4
FNH:0
FNDA:0,StatusBadge
FNDA:0,(anonymous_1)
FNDA:0,(anonymous_2)
FNDA:0,(anonymous_3)
DA:11,0
DA:21,0
DA:23,0
DA:24,0
DA:25,0
DA:41,0
DA:42,0
DA:44,0
DA:48,0
DA:49,0
DA:51,0
DA:66,0
LF:12
LH:0
BRDA:24,0,0,0
BRDA:24,0,1,0
BRDA:24,1,0,0
BRDA:24,1,1,0
BRDA:24,1,2,0
BRDA:49,2,0,0
BRDA:49,2,1,0
BRF:7
BRH:0
end_of_record
TN:
SF:src\components\ToggleCard.tsx
FN:23,ToggleCard
FNF:1
FNH:0
FNDA:0,ToggleCard
DA:34,0
DA:67,0
LF:2
LH:0
BRDA:29,0,0,0
BRDA:30,1,0,0
BRDA:40,2,0,0
BRDA:40,2,1,0
BRDA:43,3,0,0
BRDA:43,3,1,0
BRDA:44,4,0,0
BRDA:44,4,1,0
BRDA:58,5,0,0
BRDA:58,5,1,0
BRDA:62,6,0,0
BRDA:62,6,1,0
BRDA:62,6,2,0
BRF:13
BRH:0
end_of_record
TN:
SF:src\components\external-link.tsx
FN:7,ExternalLink
FN:13,(anonymous_1)
FNF:2
FNH:0
FNDA:0,ExternalLink
FNDA:0,(anonymous_1)
DA:8,0
DA:14,0
DA:16,0
DA:18,0
LF:4
LH:0
BRDA:14,0,0,0
BRDA:14,0,1,0
BRF:2
BRH:0
end_of_record
TN:
SF:src\constants\languages.ts
FNF:0
FNH:0
DA:8,1
DA:15,1
LF:2
LH:2
BRF:0
BRH:0
end_of_record
TN:
SF:src\constants\theme.ts
FN:46,(anonymous_0)
FNF:1
FNH:1
FNDA:1,(anonymous_0)
DA:1,1
DA:17,1
DA:29,1
DA:38,1
DA:46,1
DA:53,1
LF:6
LH:6
BRF:0
BRH:0
end_of_record
TN:
SF:src\context\DebugContext.tsx
FN:11,(anonymous_0)
FN:22,(anonymous_1)
FN:26,(anonymous_2)
FN:38,(anonymous_3)
FN:49,(anonymous_4)
FNF:5
FNH:0
FNDA:0,(anonymous_0)
FNDA:0,(anonymous_1)
FNDA:0,(anonymous_2)
FNDA:0,(anonymous_3)
FNDA:0,(anonymous_4)
DA:9,0
DA:11,0
DA:14,0
DA:22,0
DA:23,0
DA:26,0
DA:27,0
DA:31,0
DA:33,0
DA:34,0
DA:38,0
DA:39,0
DA:42,0
DA:49,0
DA:50,0
DA:51,0
DA:52,0
DA:54,0
LF:18
LH:0
BRDA:33,0,0,0
BRDA:33,0,1,0
BRDA:51,1,0,0
BRDA:51,1,1,0
BRF:4
BRH:0
end_of_record
TN:
SF:src\context\SettingsContext.tsx
FN:12,(anonymous_0)
FN:22,(anonymous_1)
FNF:2
FNH:0
FNDA:0,(anonymous_0)
FNDA:0,(anonymous_1)
DA:10,0
DA:12,0
DA:13,0
DA:15,0
DA:22,0
DA:23,0
DA:24,0
DA:25,0
DA:27,0
LF:9
LH:0
BRDA:24,0,0,0
BRDA:24,0,1,0
BRF:2
BRH:0
end_of_record
TN:
SF:src\hooks\useHost.ts
FN:12,(anonymous_0)
FN:21,(anonymous_1)
FN:40,(anonymous_2)
FN:45,(anonymous_3)
FN:49,(anonymous_4)
FN:50,(anonymous_5)
FN:60,(anonymous_6)
FN:73,(anonymous_7)
FN:79,(anonymous_8)
FN:80,(anonymous_9)
FN:83,(anonymous_10)
FN:87,(anonymous_11)
FN:89,(anonymous_12)
FN:91,(anonymous_13)
FN:93,(anonymous_14)
FN:95,(anonymous_15)
FN:95,(anonymous_16)
FN:97,(anonymous_17)
FN:99,(anonymous_18)
FN:99,(anonymous_19)
FN:102,(anonymous_20)
FN:109,(anonymous_21)
FN:133,(anonymous_22)
FN:182,(anonymous_23)
FN:204,(anonymous_24)
FN:221,(anonymous_25)
FN:238,(anonymous_26)
FN:245,(anonymous_27)
FN:251,(anonymous_28)
FN:270,(anonymous_29)
FN:278,(anonymous_30)
FN:292,(anonymous_31)
FN:305,(anonymous_32)
FN:327,(anonymous_33)
FN:331,(anonymous_34)
FN:335,(anonymous_35)
FN:343,(anonymous_36)
FN:353,(anonymous_37)
FN:357,(anonymous_38)
FN:364,(anonymous_39)
FN:371,(anonymous_40)
FN:375,(anonymous_41)
FN:379,(anonymous_42)
FN:390,(anonymous_43)
FN:398,(anonymous_44)
FN:399,(anonymous_45)
FN:402,(anonymous_46)
FN:410,(anonymous_47)
FN:416,(anonymous_48)
FN:422,(anonymous_49)
FN:436,(anonymous_50)
FN:447,(anonymous_51)
FN:448,(anonymous_52)
FNF:53
FNH:0
FNDA:0,(anonymous_0)
FNDA:0,(anonymous_1)
FNDA:0,(anonymous_2)
FNDA:0,(anonymous_3)
FNDA:0,(anonymous_4)
FNDA:0,(anonymous_5)
FNDA:0,(anonymous_6)
FNDA:0,(anonymous_7)
FNDA:0,(anonymous_8)
FNDA:0,(anonymous_9)
FNDA:0,(anonymous_10)
FNDA:0,(anonymous_11)
FNDA:0,(anonymous_12)
FNDA:0,(anonymous_13)
FNDA:0,(anonymous_14)
FNDA:0,(anonymous_15)
FNDA:0,(anonymous_16)
FNDA:0,(anonymous_17)
FNDA:0,(anonymous_18)
FNDA:0,(anonymous_19)
FNDA:0,(anonymous_20)
FNDA:0,(anonymous_21)
FNDA:0,(anonymous_22)
FNDA:0,(anonymous_23)
FNDA:0,(anonymous_24)
FNDA:0,(anonymous_25)
FNDA:0,(anonymous_26)
FNDA:0,(anonymous_27)
FNDA:0,(anonymous_28)
FNDA:0,(anonymous_29)
FNDA:0,(anonymous_30)
FNDA:0,(anonymous_31)
FNDA:0,(anonymous_32)
FNDA:0,(anonymous_33)
FNDA:0,(anonymous_34)
FNDA:0,(anonymous_35)
FNDA:0,(anonymous_36)
FNDA:0,(anonymous_37)
FNDA:0,(anonymous_38)
FNDA:0,(anonymous_39)
FNDA:0,(anonymous_40)
FNDA:0,(anonymous_41)
FNDA:0,(anonymous_42)
FNDA:0,(anonymous_43)
FNDA:0,(anonymous_44)
FNDA:0,(anonymous_45)
FNDA:0,(anonymous_46)
FNDA:0,(anonymous_47)
FNDA:0,(anonymous_48)
FNDA:0,(anonymous_49)
FNDA:0,(anonymous_50)
FNDA:0,(anonymous_51)
FNDA:0,(anonymous_52)
DA:12,0
DA:13,0
DA:14,0
DA:15,0
DA:16,0
DA:18,0
DA:21,0
DA:22,0
DA:23,0
DA:24,0
DA:25,0
DA:26,0
DA:27,0
DA:28,0
DA:29,0
DA:30,0
DA:31,0
DA:33,0
DA:34,0
DA:35,0
DA:36,0
DA:37,0
DA:38,0
DA:40,0
DA:41,0
DA:42,0
DA:45,0
DA:46,0
DA:49,0
DA:50,0
DA:51,0
DA:52,0
DA:53,0
DA:54,0
DA:55,0
DA:57,0
DA:60,0
DA:61,0
DA:62,0
DA:63,0
DA:65,0
DA:73,0
DA:76,0
DA:77,0
DA:79,0
DA:80,0
DA:81,0
DA:83,0
DA:87,0
DA:88,0
DA:89,0
DA:90,0
DA:91,0
DA:93,0
DA:94,0
DA:95,0
DA:97,0
DA:98,0
DA:99,0
DA:102,0
DA:103,0
DA:104,0
DA:105,0
DA:109,0
DA:110,0
DA:111,0
DA:112,0
DA:114,0
DA:115,0
DA:116,0
DA:118,0
DA:119,0
DA:123,0
DA:125,0
DA:127,0
DA:128,0
DA:130,0
DA:132,0
DA:133,0
DA:135,0
DA:139,0
DA:141,0
DA:142,0
DA:145,0
DA:147,0
DA:148,0
DA:151,0
DA:152,0
DA:154,0
DA:155,0
DA:156,0
DA:158,0
DA:159,0
DA:160,0
DA:163,0
DA:173,0
DA:174,0
DA:178,0
DA:182,0
DA:183,0
DA:184,0
DA:185,0
DA:186,0
DA:187,0
DA:189,0
DA:190,0
DA:192,0
DA:193,0
DA:195,0
DA:196,0
DA:197,0
DA:198,0
DA:199,0
DA:200,0
DA:201,0
DA:204,0
DA:205,0
DA:206,0
DA:208,0
DA:209,0
DA:211,0
DA:212,0
DA:213,0
DA:214,0
DA:215,0
DA:217,0
DA:221,0
DA:222,0
DA:223,0
DA:225,0
DA:226,0
DA:229,0
DA:231,0
DA:232,0
DA:237,0
DA:238,0
DA:239,0
DA:242,0
DA:245,0
DA:246,0
DA:247,0
DA:248,0
DA:250,0
DA:251,0
DA:253,0
DA:254,0
DA:255,0
DA:261,0
DA:262,0
DA:263,0
DA:264,0
DA:266,0
DA:270,0
DA:271,0
DA:273,0
DA:274,0
DA:275,0
DA:277,0
DA:278,0
DA:279,0
DA:280,0
DA:284,0
DA:285,0
DA:286,0
DA:287,0
DA:291,0
DA:292,0
DA:293,0
DA:297,0
DA:298,0
DA:299,0
DA:303,0
DA:304,0
DA:305,0
DA:306,0
DA:307,0
DA:309,0
DA:310,0
DA:311,0
DA:312,0
DA:314,0
DA:318,0
DA:321,0
DA:322,0
DA:327,0
DA:328,0
DA:330,0
DA:332,0
DA:333,0
DA:334,0
DA:335,0
DA:336,0
DA:337,0
DA:340,0
DA:344,0
DA:345,0
DA:346,0
DA:347,0
DA:348,0
DA:350,0
DA:354,0
DA:355,0
DA:358,0
DA:362,0
DA:364,0
DA:365,0
DA:371,0
DA:372,0
DA:375,0
DA:376,0
DA:379,0
DA:380,0
DA:381,0
DA:382,0
DA:385,0
DA:386,0
DA:390,0
DA:391,0
DA:392,0
DA:394,0
DA:398,0
DA:399,0
DA:402,0
DA:403,0
DA:404,0
DA:405,0
DA:406,0
DA:410,0
DA:411,0
DA:412,0
DA:416,0
DA:417,0
DA:418,0
DA:422,0
DA:423,0
DA:424,0
DA:425,0
DA:426,0
DA:427,0
DA:428,0
DA:436,0
DA:437,0
DA:438,0
DA:439,0
DA:440,0
DA:441,0
DA:443,0
DA:447,0
DA:448,0
DA:449,0
DA:454,0
LF:251
LH:0
BRDA:51,0,0,0
BRDA:51,0,1,0
BRDA:51,1,0,0
BRDA:51,1,1,0
BRDA:53,2,0,0
BRDA:53,2,1,0
BRDA:53,3,0,0
BRDA:53,3,1,0
BRDA:61,4,0,0
BRDA:61,4,1,0
BRDA:88,5,0,0
BRDA:88,5,1,0
BRDA:88,6,0,0
BRDA:88,6,1,0
BRDA:99,7,0,0
BRDA:99,7,1,0
BRDA:111,8,0,0
BRDA:111,8,1,0
BRDA:115,9,0,0
BRDA:115,9,1,0
BRDA:120,10,0,0
BRDA:120,10,1,0
BRDA:121,11,0,0
BRDA:121,11,1,0
BRDA:125,12,0,0
BRDA:125,12,1,0
BRDA:127,13,0,0
BRDA:127,13,1,0
BRDA:141,14,0,0
BRDA:141,14,1,0
BRDA:147,15,0,0
BRDA:147,15,1,0
BRDA:147,16,0,0
BRDA:147,16,1,0
BRDA:159,17,0,0
BRDA:159,17,1,0
BRDA:176,18,0,0
BRDA:176,18,1,0
BRDA:184,19,0,0
BRDA:184,19,1,0
BRDA:189,20,0,0
BRDA:189,20,1,0
BRDA:189,21,0,0
BRDA:189,21,1,0
BRDA:192,22,0,0
BRDA:192,22,1,0
BRDA:206,23,0,0
BRDA:206,23,1,0
BRDA:209,24,0,0
BRDA:209,24,1,0
BRDA:222,25,0,0
BRDA:222,25,1,0
BRDA:225,26,0,0
BRDA:225,26,1,0
BRDA:225,27,0,0
BRDA:225,27,1,0
BRDA:231,28,0,0
BRDA:231,28,1,0
BRDA:231,29,0,0
BRDA:231,29,1,0
BRDA:247,30,0,0
BRDA:247,30,1,0
BRDA:253,31,0,0
BRDA:253,31,1,0
BRDA:261,32,0,0
BRDA:261,32,1,0
BRDA:264,33,0,0
BRDA:264,33,1,0
BRDA:271,34,0,0
BRDA:271,34,1,0
BRDA:274,35,0,0
BRDA:274,35,1,0
BRDA:279,36,0,0
BRDA:279,36,1,0
BRDA:303,37,0,0
BRDA:303,37,1,0
BRDA:303,38,0,0
BRDA:303,38,1,0
BRDA:310,39,0,0
BRDA:310,39,1,0
BRDA:328,40,0,0
BRDA:328,40,1,0
BRDA:328,41,0,0
BRDA:328,41,1,0
BRDA:336,42,0,0
BRDA:336,42,1,0
BRDA:344,43,0,0
BRDA:344,43,1,0
BRDA:385,44,0,0
BRDA:385,44,1,0
BRDA:385,45,0,0
BRDA:385,45,1,0
BRDA:391,46,0,0
BRDA:391,46,1,0
BRDA:404,47,0,0
BRDA:404,47,1,0
BRDA:411,48,0,0
BRDA:411,48,1,0
BRDA:417,49,0,0
BRDA:417,49,1,0
BRDA:425,50,0,0
BRDA:425,50,1,0
BRDA:427,51,0,0
BRDA:427,51,1,0
BRDA:438,52,0,0
BRDA:438,52,1,0
BRDA:440,53,0,0
BRDA:440,53,1,0
BRF:108
BRH:0
end_of_record
TN:
SF:src\hooks\useListener.ts
FN:9,(anonymous_0)
FN:23,(anonymous_1)
FN:24,(anonymous_2)
FN:27,(anonymous_3)
FN:30,(anonymous_4)
FN:36,(anonymous_5)
FN:56,(anonymous_6)
FN:98,(anonymous_7)
FN:112,(anonymous_8)
FN:126,(anonymous_9)
FN:128,(anonymous_10)
FN:132,(anonymous_11)
FN:136,(anonymous_12)
FN:140,(anonymous_13)
FN:146,(anonymous_14)
FN:156,(anonymous_15)
FN:160,(anonymous_16)
FN:164,(anonymous_17)
FN:167,(anonymous_18)
FN:174,(anonymous_19)
FN:181,(anonymous_20)
FN:184,(anonymous_21)
FN:203,(anonymous_22)
FN:207,(anonymous_23)
FN:214,(anonymous_24)
FN:215,(anonymous_25)
FNF:26
FNH:0
FNDA:0,(anonymous_0)
FNDA:0,(anonymous_1)
FNDA:0,(anonymous_2)
FNDA:0,(anonymous_3)
FNDA:0,(anonymous_4)
FNDA:0,(anonymous_5)
FNDA:0,(anonymous_6)
FNDA:0,(anonymous_7)
FNDA:0,(anonymous_8)
FNDA:0,(anonymous_9)
FNDA:0,(anonymous_10)
FNDA:0,(anonymous_11)
FNDA:0,(anonymous_12)
FNDA:0,(anonymous_13)
FNDA:0,(anonymous_14)
FNDA:0,(anonymous_15)
FNDA:0,(anonymous_16)
FNDA:0,(anonymous_17)
FNDA:0,(anonymous_18)
FNDA:0,(anonymous_19)
FNDA:0,(anonymous_20)
FNDA:0,(anonymous_21)
FNDA:0,(anonymous_22)
FNDA:0,(anonymous_23)
FNDA:0,(anonymous_24)
FNDA:0,(anonymous_25)
DA:9,0
DA:10,0
DA:11,0
DA:12,0
DA:13,0
DA:14,0
DA:15,0
DA:16,0
DA:18,0
DA:19,0
DA:20,0
DA:21,0
DA:23,0
DA:24,0
DA:25,0
DA:27,0
DA:30,0
DA:31,0
DA:32,0
DA:34,0
DA:36,0
DA:37,0
DA:38,0
DA:39,0
DA:40,0
DA:41,0
DA:42,0
DA:45,0
DA:47,0
DA:48,0
DA:49,0
DA:50,0
DA:51,0
DA:53,0
DA:55,0
DA:56,0
DA:58,0
DA:62,0
DA:64,0
DA:65,0
DA:66,0
DA:69,0
DA:71,0
DA:72,0
DA:75,0
DA:76,0
DA:79,0
DA:84,0
DA:85,0
DA:86,0
DA:89,0
DA:90,0
DA:91,0
DA:92,0
DA:94,0
DA:98,0
DA:99,0
DA:100,0
DA:101,0
DA:102,0
DA:103,0
DA:104,0
DA:106,0
DA:107,0
DA:108,0
DA:109,0
DA:112,0
DA:113,0
DA:114,0
DA:115,0
DA:116,0
DA:118,0
DA:119,0
DA:120,0
DA:121,0
DA:122,0
DA:123,0
DA:126,0
DA:127,0
DA:128,0
DA:129,0
DA:130,0
DA:132,0
DA:133,0
DA:134,0
DA:136,0
DA:137,0
DA:138,0
DA:140,0
DA:142,0
DA:143,0
DA:146,0
DA:147,0
DA:148,0
DA:149,0
DA:150,0
DA:156,0
DA:157,0
DA:159,0
DA:161,0
DA:162,0
DA:165,0
DA:168,0
DA:172,0
DA:174,0
DA:175,0
DA:181,0
DA:182,0
DA:184,0
DA:185,0
DA:186,0
DA:187,0
DA:188,0
DA:190,0
DA:191,0
DA:192,0
DA:193,0
DA:194,0
DA:195,0
DA:196,0
DA:203,0
DA:207,0
DA:208,0
DA:209,0
DA:210,0
DA:214,0
DA:215,0
DA:216,0
DA:220,0
LF:129
LH:0
BRDA:37,0,0,0
BRDA:37,0,1,0
BRDA:41,1,0,0
BRDA:41,1,1,0
BRDA:45,2,0,0
BRDA:45,2,1,0
BRDA:47,3,0,0
BRDA:47,3,1,0
BRDA:64,4,0,0
BRDA:64,4,1,0
BRDA:71,5,0,0
BRDA:71,5,1,0
BRDA:71,6,0,0
BRDA:71,6,1,0
BRDA:99,7,0,0
BRDA:99,7,1,0
BRDA:102,8,0,0
BRDA:102,8,1,0
BRDA:114,9,0,0
BRDA:114,9,1,0
BRDA:127,10,0,0
BRDA:127,10,1,0
BRDA:127,11,0,0
BRDA:127,11,1,0
BRDA:157,12,0,0
BRDA:157,12,1,0
BRDA:157,13,0,0
BRDA:157,13,1,0
BRDA:182,14,0,0
BRDA:182,14,1,0
BRDA:182,15,0,0
BRDA:182,15,1,0
BRDA:190,16,0,0
BRDA:190,16,1,0
BRDA:190,17,0,0
BRDA:190,17,1,0
BRDA:193,18,0,0
BRDA:193,18,1,0
BRDA:193,19,0,0
BRDA:193,19,1,0
BRDA:209,20,0,0
BRDA:209,20,1,0
BRF:42
BRH:0
end_of_record
TN:
SF:src\hooks\useSettings.ts
FN:27,(anonymous_0)
FN:31,(anonymous_1)
FN:32,(anonymous_2)
FN:47,(anonymous_3)
FNF:4
FNH:0
FNDA:0,(anonymous_0)
FNDA:0,(anonymous_1)
FNDA:0,(anonymous_2)
FNDA:0,(anonymous_3)
DA:15,0
DA:25,0
DA:27,0
DA:28,0
DA:29,0
DA:31,0
DA:32,0
DA:33,0
DA:34,0
DA:35,0
DA:36,0
DA:39,0
DA:41,0
DA:44,0
DA:47,0
DA:48,0
DA:49,0
DA:50,0
DA:51,0
DA:53,0
DA:57,0
LF:21
LH:0
BRDA:20,0,0,0
BRDA:20,0,1,0
BRDA:35,1,0,0
BRDA:35,1,1,0
BRF:4
BRH:0
end_of_record
TN:
SF:src\hooks\useTTS.ts
FN:28,(anonymous_0)
FN:37,(anonymous_1)
FN:60,(anonymous_2)
FN:77,(anonymous_3)
FN:84,(anonymous_4)
FN:99,(anonymous_5)
FN:100,(anonymous_6)
FN:109,(anonymous_7)
FN:146,(anonymous_8)
FN:161,(anonymous_9)
FN:203,(anonymous_10)
FN:247,(anonymous_11)
FN:264,(anonymous_12)
FN:278,(anonymous_13)
FN:300,(anonymous_14)
FNF:15
FNH:0
FNDA:0,(anonymous_0)
FNDA:0,(anonymous_1)
FNDA:0,(anonymous_2)
FNDA:0,(anonymous_3)
FNDA:0,(anonymous_4)
FNDA:0,(anonymous_5)
FNDA:0,(anonymous_6)
FNDA:0,(anonymous_7)
FNDA:0,(anonymous_8)
FNDA:0,(anonymous_9)
FNDA:0,(anonymous_10)
FNDA:0,(anonymous_11)
FNDA:0,(anonymous_12)
FNDA:0,(anonymous_13)
FNDA:0,(anonymous_14)
DA:16,0
DA:17,0
DA:18,0
DA:28,0
DA:34,0
DA:35,0
DA:37,0
DA:38,0
DA:39,0
DA:43,0
DA:44,0
DA:45,0
DA:46,0
DA:47,0
DA:48,0
DA:49,0
DA:50,0
DA:51,0
DA:52,0
DA:53,0
DA:54,0
DA:55,0
DA:57,0
DA:60,0
DA:61,0
DA:62,0
DA:63,0
DA:64,0
DA:65,0
DA:66,0
DA:67,0
DA:69,0
DA:70,0
DA:71,0
DA:72,0
DA:73,0
DA:74,0
DA:77,0
DA:78,0
DA:84,0
DA:85,0
DA:86,0
DA:87,0
DA:89,0
DA:90,0
DA:91,0
DA:95,0
DA:99,0
DA:100,0
DA:101,0
DA:109,0
DA:110,0
DA:112,0
DA:113,0
DA:116,0
DA:117,0
DA:118,0
DA:119,0
DA:120,0
DA:121,0
DA:122,0
DA:124,0
DA:125,0
DA:128,0
DA:129,0
DA:131,0
DA:132,0
DA:134,0
DA:135,0
DA:136,0
DA:138,0
DA:146,0
DA:147,0
DA:148,0
DA:149,0
DA:151,0
DA:152,0
DA:153,0
DA:154,0
DA:155,0
DA:161,0
DA:162,0
DA:165,0
DA:167,0
DA:168,0
DA:171,0
DA:172,0
DA:173,0
DA:174,0
DA:176,0
DA:177,0
DA:180,0
DA:183,0
DA:184,0
DA:187,0
DA:188,0
DA:189,0
DA:190,0
DA:191,0
DA:192,0
DA:195,0
DA:196,0
DA:199,0
DA:200,0
DA:203,0
DA:204,0
DA:205,0
DA:206,0
DA:208,0
DA:209,0
DA:212,0
DA:213,0
DA:214,0
DA:216,0
DA:217,0
DA:220,0
DA:223,0
DA:226,0
DA:230,0
DA:231,0
DA:237,0
DA:238,0
DA:239,0
DA:247,0
DA:248,0
DA:249,0
DA:250,0
DA:251,0
DA:253,0
DA:254,0
DA:255,0
DA:257,0
DA:258,0
DA:264,0
DA:265,0
DA:266,0
DA:267,0
DA:268,0
DA:270,0
DA:271,0
DA:278,0
DA:279,0
DA:281,0
DA:282,0
DA:283,0
DA:284,0
DA:285,0
DA:286,0
DA:287,0
DA:288,0
DA:289,0
DA:290,0
DA:292,0
DA:293,0
DA:300,0
DA:301,0
DA:302,0
DA:303,0
DA:306,0
LF:159
LH:0
BRDA:85,0,0,0
BRDA:85,0,1,0
BRDA:89,1,0,0
BRDA:89,1,1,0
BRDA:110,2,0,0
BRDA:110,2,1,0
BRDA:110,3,0,0
BRDA:110,3,1,0
BRDA:134,4,0,0
BRDA:134,4,1,0
BRDA:147,5,0,0
BRDA:147,5,1,0
BRDA:162,6,0,0
BRDA:162,6,1,0
BRDA:187,7,0,0
BRDA:187,7,1,0
BRDA:191,8,0,0
BRDA:191,8,1,0
BRDA:204,9,0,0
BRDA:204,9,1,0
BRDA:212,10,0,0
BRDA:212,10,1,0
BRDA:216,11,0,0
BRDA:216,11,1,0
BRDA:220,12,0,0
BRDA:220,12,1,0
BRDA:220,13,0,0
BRDA:220,13,1,0
BRDA:230,14,0,0
BRDA:230,14,1,0
BRDA:230,15,0,0
BRDA:230,15,1,0
BRDA:248,16,0,0
BRDA:248,16,1,0
BRDA:253,17,0,0
BRDA:253,17,1,0
BRDA:270,18,0,0
BRDA:270,18,1,0
BRDA:292,19,0,0
BRDA:292,19,1,0
BRF:40
BRH:0
end_of_record
TN:
SF:src\services\audioService.ts
FN:17,(anonymous_0)
FN:21,(anonymous_1)
FN:26,(anonymous_2)
FN:36,(anonymous_3)
FN:74,(anonymous_4)
FN:134,(anonymous_5)
FN:168,(anonymous_6)
FN:202,(anonymous_7)
FN:210,(anonymous_8)
FN:231,(anonymous_9)
FN:242,(anonymous_10)
FN:258,(anonymous_11)
FN:293,(anonymous_12)
FN:319,(anonymous_13)
FN:329,(anonymous_14)
FN:341,(anonymous_15)
FN:347,(anonymous_16)
FN:387,(anonymous_17)
FN:413,(anonymous_18)
FN:420,(anonymous_19)
FN:424,(anonymous_20)
FN:428,(anonymous_21)
FN:432,(anonymous_22)
FN:436,(anonymous_23)
FN:445,(anonymous_24)
FNF:25
FNH:0
FNDA:0,(anonymous_0)
FNDA:0,(anonymous_1)
FNDA:0,(anonymous_2)
FNDA:0,(anonymous_3)
FNDA:0,(anonymous_4)
FNDA:0,(anonymous_5)
FNDA:0,(anonymous_6)
FNDA:0,(anonymous_7)
FNDA:0,(anonymous_8)
FNDA:0,(anonymous_9)
FNDA:0,(anonymous_10)
FNDA:0,(anonymous_11)
FNDA:0,(anonymous_12)
FNDA:0,(anonymous_13)
FNDA:0,(anonymous_14)
FNDA:0,(anonymous_15)
FNDA:0,(anonymous_16)
FNDA:0,(anonymous_17)
FNDA:0,(anonymous_18)
FNDA:0,(anonymous_19)
FNDA:0,(anonymous_20)
FNDA:0,(anonymous_21)
FNDA:0,(anonymous_22)
FNDA:0,(anonymous_23)
FNDA:0,(anonymous_24)
DA:6,0
DA:7,0
DA:8,0
DA:9,0
DA:10,0
DA:11,0
DA:12,0
DA:13,0
DA:14,0
DA:15,0
DA:18,0
DA:22,0
DA:23,0
DA:27,0
DA:37,0
DA:39,0
DA:40,0
DA:43,0
DA:44,0
DA:46,0
DA:47,0
DA:48,0
DA:49,0
DA:52,0
DA:60,0
DA:64,0
DA:70,0
DA:71,0
DA:72,0
DA:74,0
DA:75,0
DA:77,0
DA:78,0
DA:79,0
DA:82,0
DA:83,0
DA:84,0
DA:85,0
DA:86,0
DA:87,0
DA:88,0
DA:89,0
DA:91,0
DA:92,0
DA:94,0
DA:95,0
DA:98,0
DA:99,0
DA:100,0
DA:101,0
DA:102,0
DA:103,0
DA:107,0
DA:109,0
DA:110,0
DA:111,0
DA:112,0
DA:113,0
DA:117,0
DA:118,0
DA:121,0
DA:125,0
DA:128,0
DA:129,0
DA:130,0
DA:135,0
DA:137,0
DA:138,0
DA:139,0
DA:142,0
DA:143,0
DA:144,0
DA:146,0
DA:148,0
DA:152,0
DA:161,0
DA:162,0
DA:163,0
DA:164,0
DA:165,0
DA:166,0
DA:169,0
DA:171,0
DA:174,0
DA:175,0
DA:176,0
DA:177,0
DA:178,0
DA:180,0
DA:181,0
DA:183,0
DA:184,0
DA:190,0
DA:191,0
DA:192,0
DA:196,0
DA:197,0
DA:201,0
DA:202,0
DA:207,0
DA:208,0
DA:210,0
DA:211,0
DA:214,0
DA:215,0
DA:216,0
DA:220,0
DA:223,0
DA:225,0
DA:226,0
DA:228,0
DA:229,0
DA:231,0
DA:232,0
DA:235,0
DA:238,0
DA:239,0
DA:243,0
DA:244,0
DA:245,0
DA:246,0
DA:247,0
DA:249,0
DA:251,0
DA:252,0
DA:253,0
DA:254,0
DA:255,0
DA:259,0
DA:260,0
DA:261,0
DA:263,0
DA:264,0
DA:265,0
DA:268,0
DA:270,0
DA:271,0
DA:276,0
DA:277,0
DA:280,0
DA:281,0
DA:282,0
DA:283,0
DA:284,0
DA:285,0
DA:287,0
DA:291,0
DA:293,0
DA:294,0
DA:296,0
DA:299,0
DA:301,0
DA:302,0
DA:303,0
DA:305,0
DA:306,0
DA:307,0
DA:308,0
DA:309,0
DA:310,0
DA:311,0
DA:312,0
DA:313,0
DA:315,0
DA:319,0
DA:320,0
DA:321,0
DA:325,0
DA:326,0
DA:327,0
DA:329,0
DA:330,0
DA:331,0
DA:332,0
DA:333,0
DA:334,0
DA:336,0
DA:340,0
DA:341,0
DA:342,0
DA:348,0
DA:350,0
DA:351,0
DA:352,0
DA:353,0
DA:355,0
DA:356,0
DA:358,0
DA:360,0
DA:361,0
DA:363,0
DA:366,0
DA:369,0
DA:370,0
DA:371,0
DA:373,0
DA:374,0
DA:376,0
DA:378,0
DA:379,0
DA:380,0
DA:381,0
DA:382,0
DA:383,0
DA:385,0
DA:387,0
DA:388,0
DA:391,0
DA:395,0
DA:396,0
DA:400,0
DA:401,0
DA:402,0
DA:404,0
DA:405,0
DA:406,0
DA:407,0
DA:408,0
DA:414,0
DA:415,0
DA:416,0
DA:421,0
DA:425,0
DA:429,0
DA:433,0
DA:442,0
DA:443,0
DA:445,0
DA:446,0
DA:447,0
DA:451,0
DA:452,0
DA:453,0
DA:454,0
DA:455,0
DA:456,0
DA:457,0
DA:458,0
DA:459,0
DA:460,0
DA:461,0
DA:462,0
DA:463,0
DA:465,0
LF:244
LH:0
BRDA:37,0,0,0
BRDA:37,0,1,0
BRDA:39,1,0,0
BRDA:39,1,1,0
BRDA:44,2,0,0
BRDA:44,2,1,0
BRDA:48,3,0,0
BRDA:48,3,1,0
BRDA:75,4,0,0
BRDA:75,4,1,0
BRDA:82,5,0,0
BRDA:82,5,1,0
BRDA:92,6,0,0
BRDA:92,6,1,0
BRDA:107,7,0,0
BRDA:107,7,1,0
BRDA:137,8,0,0
BRDA:137,8,1,0
BRDA:142,9,0,0
BRDA:142,9,1,0
BRDA:168,10,0,0
BRDA:169,11,0,0
BRDA:169,11,1,0
BRDA:184,12,0,0
BRDA:184,12,1,0
BRDA:190,13,0,0
BRDA:190,13,1,0
BRDA:196,14,0,0
BRDA:196,14,1,0
BRDA:196,15,0,0
BRDA:196,15,1,0
BRDA:207,16,0,0
BRDA:207,16,1,0
BRDA:223,17,0,0
BRDA:223,17,1,0
BRDA:225,18,0,0
BRDA:225,18,1,0
BRDA:225,19,0,0
BRDA:225,19,1,0
BRDA:228,20,0,0
BRDA:228,20,1,0
BRDA:243,21,0,0
BRDA:243,21,1,0
BRDA:259,22,0,0
BRDA:259,22,1,0
BRDA:263,23,0,0
BRDA:263,23,1,0
BRDA:268,24,0,0
BRDA:268,24,1,0
BRDA:270,25,0,0
BRDA:270,25,1,0
BRDA:283,26,0,0
BRDA:283,26,1,0
BRDA:283,27,0,0
BRDA:283,27,1,0
BRDA:291,28,0,0
BRDA:291,28,1,0
BRDA:291,29,0,0
BRDA:291,29,1,0
BRDA:305,30,0,0
BRDA:305,30,1,0
BRDA:308,31,0,0
BRDA:308,31,1,0
BRDA:320,32,0,0
BRDA:320,32,1,0
BRDA:325,33,0,0
BRDA:325,33,1,0
BRDA:326,34,0,0
BRDA:326,34,1,0
BRDA:340,35,0,0
BRDA:340,35,1,0
BRDA:348,36,0,0
BRDA:348,36,1,0
BRDA:358,37,0,0
BRDA:358,37,1,0
BRDA:361,38,0,0
BRDA:361,38,1,0
BRDA:371,39,0,0
BRDA:371,39,1,0
BRDA:383,40,0,0
BRDA:383,40,1,0
BRDA:388,41,0,0
BRDA:388,41,1,0
BRDA:395,42,0,0
BRDA:395,42,1,0
BRDA:406,43,0,0
BRDA:406,43,1,0
BRDA:415,44,0,0
BRDA:415,44,1,0
BRF:89
BRH:0
end_of_record
TN:
SF:src\services\connectionHealthService.ts
FN:70,(anonymous_0)
FN:74,(anonymous_1)
FN:90,(anonymous_2)
FN:108,(anonymous_3)
FN:140,(anonymous_4)
FN:147,(anonymous_5)
FN:151,(anonymous_6)
FN:155,(anonymous_7)
FN:159,(anonymous_8)
FN:163,(anonymous_9)
FN:169,(anonymous_10)
FN:175,(anonymous_11)
FN:177,(anonymous_12)
FN:197,(anonymous_13)
FN:229,(anonymous_14)
FN:230,(anonymous_15)
FN:242,(anonymous_16)
FN:267,(anonymous_17)
FN:290,(anonymous_18)
FN:317,(anonymous_19)
FN:336,(anonymous_20)
FN:337,(anonymous_21)
FN:362,(anonymous_22)
FN:363,(anonymous_23)
FN:371,(anonymous_24)
FN:386,(anonymous_25)
FN:387,(anonymous_26)
FN:397,(anonymous_27)
FN:414,(anonymous_28)
FN:418,(anonymous_29)
FNF:30
FNH:17
FNDA:0,(anonymous_0)
FNDA:3,(anonymous_1)
FNDA:1,(anonymous_2)
FNDA:11,(anonymous_3)
FNDA:1,(anonymous_4)
FNDA:0,(anonymous_5)
FNDA:0,(anonymous_6)
FNDA:0,(anonymous_7)
FNDA:0,(anonymous_8)
FNDA:3,(anonymous_9)
FNDA:0,(anonymous_10)
FNDA:4,(anonymous_11)
FNDA:0,(anonymous_12)
FNDA:350,(anonymous_13)
FNDA:4,(anonymous_14)
FNDA:350,(anonymous_15)
FNDA:350,(anonymous_16)
FNDA:0,(anonymous_17)
FNDA:0,(anonymous_18)
FNDA:0,(anonymous_19)
FNDA:0,(anonymous_20)
FNDA:0,(anonymous_21)
FNDA:4,(anonymous_22)
FNDA:350,(anonymous_23)
FNDA:349,(anonymous_24)
FNDA:3,(anonymous_25)
FNDA:350,(anonymous_26)
FNDA:0,(anonymous_27)
FNDA:349,(anonymous_28)
FNDA:15,(anonymous_29)
DA:26,1
DA:27,1
DA:28,1
DA:29,1
DA:31,1
DA:32,1
DA:33,1
DA:34,1
DA:36,1
DA:37,1
DA:39,1
DA:42,1
DA:43,1
DA:53,1
DA:54,1
DA:55,1
DA:56,1
DA:58,1
DA:59,1
DA:60,1
DA:61,1
DA:62,1
DA:63,1
DA:66,1
DA:67,1
DA:68,1
DA:71,0
DA:75,3
DA:76,3
DA:77,3
DA:78,3
DA:79,3
DA:80,3
DA:82,3
DA:83,3
DA:84,3
DA:86,3
DA:87,3
DA:91,1
DA:92,1
DA:93,1
DA:94,1
DA:95,1
DA:96,1
DA:98,1
DA:99,1
DA:100,1
DA:101,1
DA:103,1
DA:104,0
DA:109,11
DA:110,11
DA:111,11
DA:113,11
DA:114,3
DA:115,3
DA:117,11
DA:118,3
DA:119,3
DA:121,11
DA:122,3
DA:123,3
DA:125,11
DA:126,2
DA:127,2
DA:129,11
DA:130,0
DA:131,0
DA:134,11
DA:135,11
DA:141,1
DA:142,1
DA:143,1
DA:148,0
DA:152,0
DA:156,0
DA:160,0
DA:164,3
DA:165,2
DA:166,1
DA:170,0
DA:177,4
DA:178,0
DA:179,0
DA:180,0
DA:182,0
DA:183,0
DA:184,0
DA:185,0
DA:186,0
DA:188,0
DA:189,0
DA:190,0
DA:192,0
DA:197,4
DA:198,350
DA:201,350
DA:202,349
DA:203,349
DA:204,0
DA:205,0
DA:206,0
DA:207,0
DA:208,0
DA:210,0
DA:211,0
DA:212,0
DA:213,0
DA:215,0
DA:220,350
DA:221,350
DA:222,350
DA:223,350
DA:230,4
DA:231,350
DA:232,350
DA:234,350
DA:235,350
DA:236,0
DA:237,0
DA:244,350
DA:245,0
DA:246,0
DA:247,0
DA:248,0
DA:253,350
DA:254,0
DA:255,0
DA:256,0
DA:257,0
DA:258,0
DA:259,0
DA:260,0
DA:261,0
DA:268,0
DA:270,0
DA:271,0
DA:273,0
DA:274,0
DA:276,0
DA:278,0
DA:279,0
DA:280,0
DA:283,0
DA:284,0
DA:285,0
DA:291,0
DA:293,0
DA:294,0
DA:295,0
DA:297,0
DA:299,0
DA:300,0
DA:301,0
DA:302,0
DA:305,0
DA:307,0
DA:308,0
DA:309,0
DA:313,0
DA:314,0
DA:316,0
DA:317,0
DA:318,0
DA:320,0
DA:321,0
DA:322,0
DA:323,0
DA:324,0
DA:328,0
DA:330,0
DA:337,0
DA:338,0
DA:339,0
DA:340,0
DA:342,0
DA:343,0
DA:344,0
DA:345,0
DA:348,0
DA:349,0
DA:351,0
DA:352,0
DA:353,0
DA:363,4
DA:364,350
DA:365,350
DA:367,350
DA:368,350
DA:371,350
DA:372,349
DA:373,349
DA:374,0
DA:375,0
DA:378,349
DA:379,349
DA:380,349
DA:387,3
DA:388,350
DA:389,350
DA:390,0
DA:392,0
DA:393,0
DA:398,0
DA:399,0
DA:400,0
DA:402,0
DA:403,0
DA:404,0
DA:406,0
DA:408,0
DA:415,349
DA:419,15
DA:428,15
DA:429,15
DA:430,15
DA:431,15
DA:432,15
LF:218
LH:110
BRDA:82,0,0,3
BRDA:82,0,1,0
BRDA:98,1,0,1
BRDA:98,1,1,0
BRDA:103,2,0,0
BRDA:103,2,1,1
BRDA:113,3,0,3
BRDA:113,3,1,8
BRDA:117,4,0,3
BRDA:117,4,1,8
BRDA:121,5,0,3
BRDA:121,5,1,8
BRDA:125,6,0,2
BRDA:125,6,1,9
BRDA:129,7,0,0
BRDA:129,7,1,11
BRDA:142,8,0,1
BRDA:142,8,1,0
BRDA:164,9,0,1
BRDA:164,9,1,2
BRDA:165,10,0,1
BRDA:165,10,1,1
BRDA:178,11,0,0
BRDA:178,11,1,0
BRDA:182,12,0,0
BRDA:182,12,1,0
BRDA:188,13,0,0
BRDA:188,13,1,0
BRDA:198,14,0,0
BRDA:198,14,1,350
BRDA:201,15,0,349
BRDA:201,15,1,1
BRDA:203,16,0,0
BRDA:203,16,1,349
BRDA:210,17,0,0
BRDA:210,17,1,0
BRDA:231,18,0,0
BRDA:231,18,1,350
BRDA:234,19,0,350
BRDA:234,19,1,0
BRDA:236,20,0,0
BRDA:236,20,1,0
BRDA:244,21,0,0
BRDA:244,21,1,350
BRDA:244,22,0,350
BRDA:244,22,1,0
BRDA:246,23,0,0
BRDA:246,23,1,0
BRDA:246,24,0,0
BRDA:246,24,1,0
BRDA:253,25,0,0
BRDA:253,25,1,350
BRDA:253,26,0,350
BRDA:253,26,1,0
BRDA:255,27,0,0
BRDA:255,27,1,0
BRDA:257,28,0,0
BRDA:257,28,1,0
BRDA:260,29,0,0
BRDA:260,29,1,0
BRDA:268,30,0,0
BRDA:268,30,1,0
BRDA:271,31,0,0
BRDA:271,31,1,0
BRDA:274,32,0,0
BRDA:274,32,1,0
BRDA:276,33,0,0
BRDA:276,33,1,0
BRDA:283,34,0,0
BRDA:283,34,1,0
BRDA:291,35,0,0
BRDA:291,35,1,0
BRDA:297,36,0,0
BRDA:297,36,1,0
BRDA:305,37,0,0
BRDA:305,37,1,0
BRDA:318,38,0,0
BRDA:318,38,1,0
BRDA:318,39,0,0
BRDA:318,39,1,0
BRDA:322,40,0,0
BRDA:322,40,1,0
BRDA:322,41,0,0
BRDA:322,41,1,0
BRDA:338,42,0,0
BRDA:338,42,1,0
BRDA:338,43,0,0
BRDA:338,43,1,0
BRDA:339,44,0,0
BRDA:339,44,1,0
BRDA:342,45,0,0
BRDA:342,45,1,0
BRDA:344,46,0,0
BRDA:344,46,1,0
BRDA:351,47,0,0
BRDA:351,47,1,0
BRDA:364,48,0,0
BRDA:364,48,1,350
BRDA:365,49,0,0
BRDA:365,49,1,350
BRDA:372,50,0,0
BRDA:372,50,1,349
BRDA:373,51,0,0
BRDA:373,51,1,349
BRDA:388,52,0,0
BRDA:388,52,1,350
BRDA:389,53,0,350
BRDA:389,53,1,0
BRDA:390,54,0,0
BRDA:390,54,1,0
BRDA:400,55,0,0
BRDA:400,55,1,0
BRDA:400,56,0,0
BRDA:400,56,1,0
BRF:114
BRH:33
end_of_record
TN:
SF:src\services\foregroundService.ts
FN:7,(anonymous_0)
FN:9,(anonymous_1)
FN:10,(anonymous_2)
FN:16,(anonymous_3)
FN:52,(anonymous_4)
FNF:5
FNH:3
FNDA:1,(anonymous_0)
FNDA:0,(anonymous_1)
FNDA:0,(anonymous_2)
FNDA:6,(anonymous_3)
FNDA:5,(anonymous_4)
DA:4,1
DA:5,1
DA:9,1
DA:10,0
DA:11,0
DA:17,6
DA:19,5
DA:20,5
DA:22,4
DA:28,4
DA:30,4
DA:45,4
DA:47,1
DA:48,1
DA:53,5
DA:55,4
DA:56,4
DA:57,3
DA:58,0
DA:59,0
DA:61,3
DA:63,1
LF:22
LH:18
BRDA:17,0,0,1
BRDA:17,0,1,5
BRDA:28,1,0,4
BRDA:28,1,1,4
BRDA:53,2,0,1
BRDA:53,2,1,4
BRDA:57,3,0,0
BRDA:57,3,1,3
BRF:8
BRH:7
end_of_record
TN:
SF:src\services\geminiTranslateService.ts
FN:10,(anonymous_0)
FN:20,(anonymous_1)
FN:26,(anonymous_2)
FN:54,(anonymous_3)
FN:63,(anonymous_4)
FN:65,(anonymous_5)
FN:128,(anonymous_6)
FN:138,(anonymous_7)
FN:153,(anonymous_8)
FN:169,(anonymous_9)
FN:177,(anonymous_10)
FN:181,(anonymous_11)
FN:185,(anonymous_12)
FN:189,(anonymous_13)
FN:210,(anonymous_14)
FNF:15
FNH:9
FNDA:4,(anonymous_0)
FNDA:4,(anonymous_1)
FNDA:4,(anonymous_2)
FNDA:2,(anonymous_3)
FNDA:0,(anonymous_4)
FNDA:0,(anonymous_5)
FNDA:1,(anonymous_6)
FNDA:3,(anonymous_7)
FNDA:1,(anonymous_8)
FNDA:4,(anonymous_9)
FNDA:1,(anonymous_10)
FNDA:0,(anonymous_11)
FNDA:0,(anonymous_12)
FNDA:0,(anonymous_13)
FNDA:0,(anonymous_14)
DA:2,1
DA:3,1
DA:4,1
DA:5,1
DA:6,1
DA:7,1
DA:8,1
DA:11,4
DA:12,0
DA:14,4
DA:15,4
DA:16,4
DA:18,4
DA:20,4
DA:21,4
DA:22,4
DA:24,4
DA:26,4
DA:27,4
DA:29,4
DA:30,4
DA:51,4
DA:54,4
DA:55,2
DA:57,2
DA:58,2
DA:60,2
DA:61,2
DA:62,0
DA:63,0
DA:64,0
DA:65,0
DA:66,0
DA:67,0
DA:69,0
DA:71,0
DA:72,0
DA:74,0
DA:75,0
DA:78,0
DA:79,0
DA:85,2
DA:86,2
DA:88,0
DA:89,0
DA:93,2
DA:95,2
DA:96,2
DA:97,1
DA:98,1
DA:99,1
DA:100,1
DA:101,1
DA:102,1
DA:103,1
DA:105,1
DA:106,1
DA:107,1
DA:111,0
DA:113,0
DA:114,0
DA:115,0
DA:121,0
DA:122,0
DA:123,0
DA:128,4
DA:129,1
DA:131,1
DA:132,1
DA:133,0
DA:135,1
DA:138,4
DA:139,3
DA:140,3
DA:141,3
DA:143,3
DA:144,2
DA:146,3
DA:147,0
DA:154,1
DA:156,0
DA:166,0
DA:170,4
DA:171,3
DA:172,3
DA:174,4
DA:178,1
DA:182,0
DA:186,0
DA:192,0
DA:193,0
DA:194,0
DA:195,0
DA:198,0
DA:199,0
DA:201,0
DA:204,0
DA:205,0
DA:206,0
DA:211,0
LF:100
LH:60
BRDA:11,0,0,0
BRDA:11,0,1,4
BRDA:27,1,0,0
BRDA:27,1,1,4
BRDA:55,2,0,0
BRDA:55,2,1,2
BRDA:60,3,0,2
BRDA:60,3,1,0
BRDA:62,4,0,0
BRDA:62,4,1,0
BRDA:69,5,0,0
BRDA:69,5,1,0
BRDA:93,6,0,0
BRDA:93,6,1,2
BRDA:96,7,0,1
BRDA:96,7,1,1
BRDA:100,8,0,1
BRDA:100,8,1,0
BRDA:103,9,0,1
BRDA:103,9,1,0
BRDA:103,10,0,1
BRDA:103,10,1,1
BRDA:106,11,0,1
BRDA:106,11,1,0
BRDA:111,12,0,0
BRDA:111,12,1,0
BRDA:113,13,0,0
BRDA:113,13,1,0
BRDA:115,14,0,0
BRDA:115,14,1,0
BRDA:122,15,0,0
BRDA:122,15,1,0
BRDA:123,16,0,0
BRDA:123,16,1,0
BRDA:129,17,0,0
BRDA:129,17,1,1
BRDA:132,18,0,0
BRDA:132,18,1,1
BRDA:140,19,0,3
BRDA:140,19,1,0
BRDA:143,20,0,2
BRDA:143,20,1,1
BRDA:146,21,0,0
BRDA:146,21,1,3
BRDA:154,22,0,1
BRDA:154,22,1,0
BRDA:154,23,0,1
BRDA:154,23,1,1
BRDA:170,24,0,3
BRDA:170,24,1,1
BRDA:198,25,0,0
BRDA:198,25,1,0
BRDA:198,26,0,0
BRDA:198,26,1,0
BRDA:198,26,2,0
BRDA:204,27,0,0
BRDA:204,27,1,0
BRDA:211,28,0,0
BRDA:211,28,1,0
BRF:59
BRH:23
end_of_record
TN:
SF:src\services\socketService.ts
FN:23,(anonymous_0)
FN:37,(anonymous_1)
FN:41,(anonymous_2)
FN:45,(anonymous_3)
FN:62,(anonymous_4)
FN:65,(anonymous_5)
FN:72,(anonymous_6)
FN:79,(anonymous_7)
FN:93,(anonymous_8)
FN:94,(anonymous_9)
FN:97,(anonymous_10)
FN:102,(anonymous_11)
FN:117,(anonymous_12)
FN:118,(anonymous_13)
FN:121,(anonymous_14)
FN:123,(anonymous_15)
FN:138,(anonymous_16)
FN:155,(anonymous_17)
FN:161,(anonymous_18)
FN:167,(anonymous_19)
FN:171,(anonymous_20)
FN:178,(anonymous_21)
FN:184,(anonymous_22)
FN:186,(anonymous_23)
FN:192,(anonymous_24)
FN:198,(anonymous_25)
FN:204,(anonymous_26)
FN:210,(anonymous_27)
FN:216,(anonymous_28)
FN:225,(anonymous_29)
FN:231,(anonymous_30)
FN:237,(anonymous_31)
FN:238,(anonymous_32)
FN:240,(anonymous_33)
FN:241,(anonymous_34)
FN:248,(anonymous_35)
FN:252,(anonymous_36)
FNF:37
FNH:0
FNDA:0,(anonymous_0)
FNDA:0,(anonymous_1)
FNDA:0,(anonymous_2)
FNDA:0,(anonymous_3)
FNDA:0,(anonymous_4)
FNDA:0,(anonymous_5)
FNDA:0,(anonymous_6)
FNDA:0,(anonymous_7)
FNDA:0,(anonymous_8)
FNDA:0,(anonymous_9)
FNDA:0,(anonymous_10)
FNDA:0,(anonymous_11)
FNDA:0,(anonymous_12)
FNDA:0,(anonymous_13)
FNDA:0,(anonymous_14)
FNDA:0,(anonymous_15)
FNDA:0,(anonymous_16)
FNDA:0,(anonymous_17)
FNDA:0,(anonymous_18)
FNDA:0,(anonymous_19)
FNDA:0,(anonymous_20)
FNDA:0,(anonymous_21)
FNDA:0,(anonymous_22)
FNDA:0,(anonymous_23)
FNDA:0,(anonymous_24)
FNDA:0,(anonymous_25)
FNDA:0,(anonymous_26)
FNDA:0,(anonymous_27)
FNDA:0,(anonymous_28)
FNDA:0,(anonymous_29)
FNDA:0,(anonymous_30)
FNDA:0,(anonymous_31)
FNDA:0,(anonymous_32)
FNDA:0,(anonymous_33)
FNDA:0,(anonymous_34)
FNDA:0,(anonymous_35)
FNDA:0,(anonymous_36)
DA:11,0
DA:12,0
DA:13,0
DA:14,0
DA:15,0
DA:16,0
DA:17,0
DA:19,0
DA:20,0
DA:21,0
DA:24,0
DA:25,0
DA:27,0
DA:28,0
DA:37,0
DA:38,0
DA:41,0
DA:42,0
DA:45,0
DA:47,0
DA:48,0
DA:52,0
DA:53,0
DA:63,0
DA:65,0
DA:66,0
DA:67,0
DA:73,0
DA:74,0
DA:75,0
DA:80,0
DA:81,0
DA:82,0
DA:83,0
DA:85,0
DA:86,0
DA:87,0
DA:88,0
DA:89,0
DA:90,0
DA:94,0
DA:95,0
DA:97,0
DA:99,0
DA:103,0
DA:104,0
DA:105,0
DA:106,0
DA:107,0
DA:108,0
DA:109,0
DA:111,0
DA:118,0
DA:119,0
DA:121,0
DA:123,0
DA:124,0
DA:125,0
DA:126,0
DA:127,0
DA:128,0
DA:129,0
DA:130,0
DA:132,0
DA:139,0
DA:141,0
DA:142,0
DA:146,0
DA:147,0
DA:149,0
DA:152,0
DA:156,0
DA:157,0
DA:162,0
DA:163,0
DA:168,0
DA:171,0
DA:172,0
DA:174,0
DA:179,0
DA:180,0
DA:185,0
DA:186,0
DA:187,0
DA:193,0
DA:194,0
DA:199,0
DA:200,0
DA:205,0
DA:206,0
DA:211,0
DA:212,0
DA:217,0
DA:218,0
DA:221,0
DA:226,0
DA:227,0
DA:232,0
DA:233,0
DA:238,0
DA:239,0
DA:240,0
DA:241,0
DA:242,0
DA:243,0
DA:249,0
DA:253,0
DA:254,0
LF:108
LH:0
BRDA:24,0,0,0
BRDA:24,0,1,0
BRDA:47,1,0,0
BRDA:47,1,1,0
BRDA:47,2,0,0
BRDA:47,2,1,0
BRDA:52,3,0,0
BRDA:52,3,1,0
BRDA:52,4,0,0
BRDA:52,4,1,0
BRDA:52,4,2,0
BRDA:66,5,0,0
BRDA:66,5,1,0
BRDA:66,6,0,0
BRDA:66,6,1,0
BRDA:73,7,0,0
BRDA:73,7,1,0
BRDA:81,8,0,0
BRDA:81,8,1,0
BRDA:95,9,0,0
BRDA:95,9,1,0
BRDA:100,10,0,0
BRDA:100,10,1,0
BRDA:104,11,0,0
BRDA:104,11,1,0
BRDA:106,12,0,0
BRDA:106,12,1,0
BRDA:111,13,0,0
BRDA:111,13,1,0
BRDA:119,14,0,0
BRDA:119,14,1,0
BRDA:125,15,0,0
BRDA:125,15,1,0
BRDA:132,16,0,0
BRDA:132,16,1,0
BRDA:138,17,0,0
BRDA:139,18,0,0
BRDA:139,18,1,0
BRDA:139,19,0,0
BRDA:139,19,1,0
BRDA:146,20,0,0
BRDA:146,20,1,0
BRDA:156,21,0,0
BRDA:156,21,1,0
BRDA:162,22,0,0
BRDA:162,22,1,0
BRDA:168,23,0,0
BRDA:168,23,1,0
BRDA:174,24,0,0
BRDA:174,24,1,0
BRDA:179,25,0,0
BRDA:179,25,1,0
BRDA:185,26,0,0
BRDA:185,26,1,0
BRDA:193,27,0,0
BRDA:193,27,1,0
BRDA:199,28,0,0
BRDA:199,28,1,0
BRDA:205,29,0,0
BRDA:205,29,1,0
BRDA:211,30,0,0
BRDA:211,30,1,0
BRDA:217,31,0,0
BRDA:217,31,1,0
BRDA:217,32,0,0
BRDA:217,32,1,0
BRDA:226,33,0,0
BRDA:226,33,1,0
BRDA:226,34,0,0
BRDA:226,34,1,0
BRDA:232,35,0,0
BRDA:232,35,1,0
BRDA:239,36,0,0
BRDA:239,36,1,0
BRDA:249,37,0,0
BRDA:249,37,1,0
BRDA:253,38,0,0
BRDA:253,38,1,0
BRF:78
BRH:0
end_of_record
TN:
SF:src\services\ttsService.ts
FN:29,(anonymous_0)
FN:51,(anonymous_1)
FNF:2
FNH:2
FNDA:5,(anonymous_0)
FNDA:12,(anonymous_1)
DA:8,1
DA:15,1
DA:17,1
DA:34,5
DA:36,5
DA:37,12
DA:38,12
DA:39,12
DA:40,2
DA:41,2
DA:43,10
DA:44,10
DA:48,3
DA:57,12
DA:59,12
DA:84,9
DA:85,4
DA:86,4
DA:89,5
DA:90,5
DA:92,5
DA:93,3
DA:96,2
LF:23
LH:23
BRDA:32,0,0,5
BRDA:44,1,0,7
BRDA:44,1,1,3
BRDA:48,2,0,3
BRDA:48,2,1,0
BRDA:84,3,0,4
BRDA:84,3,1,5
BRDA:92,4,0,3
BRDA:92,4,1,2
BRF:9
BRH:8
end_of_record
TN:
SF:src\utils\base64.ts
FN:7,(anonymous_0)
FN:37,(anonymous_1)
FNF:2
FNH:2
FNDA:3,(anonymous_0)
FNDA:3,(anonymous_1)
DA:1,1
DA:2,1
DA:3,1
DA:4,64
DA:7,1
DA:8,3
DA:9,3
DA:11,3
DA:14,3
DA:15,2
DA:16,2
DA:17,1
DA:21,3
DA:23,3
DA:24,6
DA:25,6
DA:26,6
DA:27,6
DA:29,6
DA:30,6
DA:31,6
DA:34,3
DA:37,1
DA:38,3
DA:39,3
DA:40,3
DA:41,6
DA:42,6
DA:43,6
DA:44,6
DA:46,3
DA:47,1
DA:48,2
DA:49,1
DA:51,3
LF:35
LH:35
BRDA:14,0,0,2
BRDA:14,0,1,1
BRDA:16,1,0,1
BRDA:16,1,1,1
BRDA:46,2,0,1
BRDA:46,2,1,2
BRDA:48,3,0,1
BRDA:48,3,1,1
BRF:8
BRH:8
end_of_record
